INFO-FLOW: Workspace /home/centos/ESE532_Projects/hw5/hw5_project/solution1 opened at Thu Oct 15 22:17:14 UTC 2020
Execute     ap_set_clock -name default -period 8 -unit ns -default=false 
INFO: [SYN 201-201] Setting up clock 'default' with a period of 8ns.
Execute     open_platform DefaultPlatform 
Execute     import_lib /opt/Xilinx/Vitis/2020.1/common/technology/xilinx/virtexuplus/virtexuplus 
Execute       source /opt/Xilinx/Vitis/2020.1/common/technology/xilinx/common/xilinx.lib 
Execute         source /opt/Xilinx/Vitis/2020.1/common/technology/xilinx/common/dsp48.lib 
Execute       source /opt/Xilinx/Vitis/2020.1/common/technology/xilinx/common/xilinx.hlp 
Execute         source /opt/Xilinx/Vitis/2020.1/common/technology/xilinx/interface/xilinx_interface.hlp 
Execute           source /opt/Xilinx/Vitis/2020.1/common/technology/xilinx/interface/maxi.hlp 
Execute           source /opt/Xilinx/Vitis/2020.1/common/technology/xilinx/interface/saxilite.hlp 
Execute         source /opt/Xilinx/Vitis/2020.1/common/technology/xilinx/common/dsp48.hlp 
Execute       source /opt/Xilinx/Vitis/2020.1/common/technology/xilinx/virtexuplus/dsp48e2.hlp 
Execute     source /opt/Xilinx/Vitis/2020.1/common/technology/xilinx/virtexuplus/virtexuplus.gen 
Execute       source /opt/Xilinx/Vitis/2020.1/common/technology/xilinx/common/xilinx.gen 
Execute         source /opt/Xilinx/Vitis/2020.1/common/technology/xilinx/interface/plb46.gen 
Execute         source /opt/Xilinx/Vitis/2020.1/common/technology/xilinx/interface/axi4.gen 
Execute         source /opt/Xilinx/Vitis/2020.1/common/technology/xilinx/interface/nativeAXI4.gen 
Execute           source /opt/Xilinx/Vitis/2020.1/common/technology/xilinx/interface/saxilite.gen 
Execute           source /opt/Xilinx/Vitis/2020.1/common/technology/xilinx/interface/maxi.gen 
Execute         source /opt/Xilinx/Vitis/2020.1/common/technology/xilinx/scripts/xilinxcoregen.gen 
Execute         source /opt/Xilinx/Vitis/2020.1/common/technology/xilinx/interface/XilEDKCoreGen.gen 
Execute         source /opt/Xilinx/Vitis/2020.1/common/technology/xilinx/ip/dds_compiler.gen 
Execute         source /opt/Xilinx/Vitis/2020.1/common/technology/xilinx/ip/util.gen 
Execute         source /opt/Xilinx/Vitis/2020.1/common/technology/xilinx/ip/xfft.gen 
Execute         source /opt/Xilinx/Vitis/2020.1/common/technology/xilinx/ip/xfir.gen 
Execute         source /opt/Xilinx/Vitis/2020.1/common/technology/xilinx/common/dsp48.gen 
Execute     open_platform DefaultPlatform 
Execute     import_lib /opt/Xilinx/Vitis/2020.1/common/technology/xilinx/virtexuplus/virtexuplus_fpv7 
Execute       source /opt/Xilinx/Vitis/2020.1/common/technology/xilinx/common/xilinx_fp.lib 
Execute       source /opt/Xilinx/Vitis/2020.1/common/technology/xilinx/common/xilinx_fp.hlp 
Execute         source /opt/Xilinx/Vitis/2020.1/common/technology/xilinx/common/xilinx.hlp 
Execute           source /opt/Xilinx/Vitis/2020.1/common/technology/xilinx/interface/xilinx_interface.hlp 
Execute             source /opt/Xilinx/Vitis/2020.1/common/technology/xilinx/interface/maxi.hlp 
Execute             source /opt/Xilinx/Vitis/2020.1/common/technology/xilinx/interface/saxilite.hlp 
Execute           source /opt/Xilinx/Vitis/2020.1/common/technology/xilinx/common/dsp48.hlp 
Execute     source /opt/Xilinx/Vitis/2020.1/common/technology/xilinx/virtexuplus/virtexuplus_fpv7.gen 
Execute       source /opt/Xilinx/Vitis/2020.1/common/technology/xilinx/common/xilinx_fp.gen 
Execute     set_part xcvu9p-flgb2104-2-i 
INFO-FLOW: DBG:set_part: XILINX_VIVADO=/opt/Xilinx/Vivado/2020.1
INFO-FLOW: DBG:set_part: RDI_DATADIR=/opt/Xilinx/Vivado/2020.1/data:/opt/Xilinx/Vitis/2020.1/data
Execute       ap_part_info -name xcvu9p-flgb2104-2-i -data single -quiet 
DBG:HLSDevice: Trying to load device library: /opt/Xilinx/Vitis/2020.1/lib/lnx64.o/librdi_hlsvwrap.so
DBG:HLSDevice: first parts/arch.xml in RDI_DATADIR: /opt/Xilinx/Vivado/2020.1/data/parts/arch.xml
Command       ap_part_info done; 1.25 sec.
Execute       ap_part_info -name xcvu9p-flgb2104-2-i -data info 
Execute       ap_family_info -name virtexuplus -data info 
Execute       add_library xilinx/virtexuplus/virtexuplus:xcvu9p:-flgb2104:-2-i 
Execute         get_default_platform 
Execute         ap_part_info -data single -name xcvu9p-flgb2104-2-i 
Execute         ap_part_info -name xcvu9p-flgb2104-2-i -data resources 
Execute         config_chip_info -resource {SLICE 147780} {LUT 1182240} {FF 2364480} {DSP 6840} {BRAM 4320} {URAM 960} {SLR 3} 
Execute         ap_part_info -name xcvu9p-flgb2104-2-i -data info 
Execute         config_chip_info -speed medium 
Execute       add_library xilinx/virtexuplus/virtexuplus_fpv7 
Execute         get_default_platform 
INFO: [HLS 200-10] Setting target device to 'xcvu9p-flgb2104-2-i'
Execute       ap_part_info -name xcvu9p-flgb2104-2-i -data info 
Execute       get_default_platform 
Command     set_part done; 1.29 sec.
Execute     ap_part_info -data single -name xcvu9p-flgb2104-2-i 
Execute     ap_part_info -name xcvu9p-flgb2104-2-i -data resources 
Execute     config_chip_info -resource {SLICE 147780} {LUT 1182240} {FF 2364480} {DSP 6840} {BRAM 4320} {URAM 960} {SLR 3} 
Execute     ap_part_info -name xcvu9p-flgb2104-2-i -data info 
Execute     config_chip_info -speed medium 
Execute     send_msg_by_id INFO @200-1505@%s%s  vitis 
INFO: [HLS 200-1505] Using flow_target 'vitis'
Execute     get_config_interface -m_axi_latency 
Execute     get_config_interface -m_axi_alignment_byte_size 
Execute     get_config_interface -m_axi_max_widen_bitwidth 
Execute     get_config_interface -default_interface 
Execute     get_config_interface -default_slave_interface 
Execute     get_config_rtl -register_reset_num 
Execute     send_msg_by_id INFO @200-1464@%s config_interface -clock_enable=0 
INFO: [HLS 200-1464] Running solution command: config_interface -clock_enable=0
Execute     config_interface -clock_enable=0 
Execute     send_msg_by_id INFO @200-1464@%s config_interface -default_slave_interface=s_axilite 
INFO: [HLS 200-1464] Running solution command: config_interface -default_slave_interface=s_axilite
Execute     config_interface -default_slave_interface=s_axilite 
Execute     send_msg_by_id INFO @200-1464@%s config_interface -m_axi_addr64=1 
INFO: [HLS 200-1464] Running solution command: config_interface -m_axi_addr64=1
Execute     config_interface -m_axi_addr64=1 
Execute     send_msg_by_id INFO @200-1464@%s config_interface -m_axi_alignment_byte_size=64 
INFO: [HLS 200-1464] Running solution command: config_interface -m_axi_alignment_byte_size=64
Execute     config_interface -m_axi_alignment_byte_size=64 
Execute     send_msg_by_id INFO @200-1464@%s config_interface -m_axi_auto_max_ports=0 
INFO: [HLS 200-1464] Running solution command: config_interface -m_axi_auto_max_ports=0
Execute     config_interface -m_axi_auto_max_ports=0 
Execute     send_msg_by_id INFO @200-1464@%s config_interface -m_axi_latency=64 
INFO: [HLS 200-1464] Running solution command: config_interface -m_axi_latency=64
Execute     config_interface -m_axi_latency=64 
Execute     send_msg_by_id INFO @200-1464@%s config_interface -m_axi_max_widen_bitwidth=512 
INFO: [HLS 200-1464] Running solution command: config_interface -m_axi_max_widen_bitwidth=512
Execute     config_interface -m_axi_max_widen_bitwidth=512 
Execute     send_msg_by_id INFO @200-1464@%s config_interface -m_axi_offset=off 
INFO: [HLS 200-1464] Running solution command: config_interface -m_axi_offset=off
Execute     config_interface -m_axi_offset=off 
Execute     send_msg_by_id INFO @200-1464@%s config_interface -register_io=off 
INFO: [HLS 200-1464] Running solution command: config_interface -register_io=off
Execute     config_interface -register_io=off 
Execute     send_msg_by_id INFO @200-1464@%s config_interface -s_axilite_data64=0 
INFO: [HLS 200-1464] Running solution command: config_interface -s_axilite_data64=0
Execute     config_interface -s_axilite_data64=0 
Execute     send_msg_by_id INFO @200-1464@%s config_interface -default_interface=kernel 
INFO: [HLS 200-1464] Running solution command: config_interface -default_interface=kernel
Execute     config_interface -default_interface=kernel 
Execute     send_msg_by_id INFO @200-1464@%s config_rtl -kernel_profile=0 
INFO: [HLS 200-1464] Running solution command: config_rtl -kernel_profile=0
Execute     config_rtl -kernel_profile=0 
Execute     send_msg_by_id INFO @200-1464@%s config_rtl -m_axi_conservative_mode=0 
INFO: [HLS 200-1464] Running solution command: config_rtl -m_axi_conservative_mode=0
Execute     config_rtl -m_axi_conservative_mode=0 
Execute     send_msg_by_id INFO @200-1464@%s config_rtl -module_auto_prefix=1 
INFO: [HLS 200-1464] Running solution command: config_rtl -module_auto_prefix=1
Execute     config_rtl -module_auto_prefix=1 
Execute     send_msg_by_id INFO @200-1464@%s config_rtl -mult_keep_attribute=0 
INFO: [HLS 200-1464] Running solution command: config_rtl -mult_keep_attribute=0
Execute     config_rtl -mult_keep_attribute=0 
Execute     send_msg_by_id INFO @200-1464@%s config_rtl -register_reset_num=3 
INFO: [HLS 200-1464] Running solution command: config_rtl -register_reset_num=3
Execute     config_rtl -register_reset_num=3 
Execute     send_msg_by_id INFO @200-1464@%s config_rtl -reset=control 
INFO: [HLS 200-1464] Running solution command: config_rtl -reset=control
Execute     config_rtl -reset=control 
Execute     send_msg_by_id INFO @200-1464@%s config_rtl -reset_async=0 
INFO: [HLS 200-1464] Running solution command: config_rtl -reset_async=0
Execute     config_rtl -reset_async=0 
Execute     send_msg_by_id INFO @200-1464@%s config_rtl -reset_level=high 
INFO: [HLS 200-1464] Running solution command: config_rtl -reset_level=high
Execute     config_rtl -reset_level=high 
Execute     send_msg_by_id INFO @200-1464@%s config_compile -dump_cfg=0 
INFO: [HLS 200-1464] Running solution command: config_compile -dump_cfg=0
Execute     config_compile -dump_cfg=0 
Execute     send_msg_by_id INFO @200-1464@%s config_compile -name_max_length=80 
INFO: [HLS 200-1464] Running solution command: config_compile -name_max_length=80
Execute     config_compile -name_max_length=80 
INFO: [XFORM 203-1161] The maximum of name length is set into 80.
Execute     send_msg_by_id INFO @200-1464@%s config_compile -no_signed_zeros=0 
INFO: [HLS 200-1464] Running solution command: config_compile -no_signed_zeros=0
Execute     config_compile -no_signed_zeros=0 
INFO: [XFORM 203-1172] Optimizing floating point zeros and discarding its signedness.
INFO: [XFORM 203-1161] The maximum of name length is set into 80.
Execute     send_msg_by_id INFO @200-1464@%s config_compile -pipeline_loops=0 
INFO: [HLS 200-1464] Running solution command: config_compile -pipeline_loops=0
Execute     config_compile -pipeline_loops=0 
INFO: [XFORM 203-1171] Pipeline the innermost loop with trip count more than 0 or its parent loop when its trip count is less than or equal 0.
INFO: [XFORM 203-1172] Optimizing floating point zeros and discarding its signedness.
INFO: [XFORM 203-1161] The maximum of name length is set into 80.
Execute     send_msg_by_id INFO @200-1464@%s config_compile -pipeline_style=stp 
INFO: [HLS 200-1464] Running solution command: config_compile -pipeline_style=stp
Execute     config_compile -pipeline_style=stp 
INFO: [XFORM 203-1171] Pipeline the innermost loop with trip count more than 0 or its parent loop when its trip count is less than or equal 0.
INFO: [XFORM 203-1172] Optimizing floating point zeros and discarding its signedness.
INFO: [XFORM 203-1161] The maximum of name length is set into 80.
Execute     send_msg_by_id INFO @200-1464@%s config_compile -pragma_strict_mode=0 
INFO: [HLS 200-1464] Running solution command: config_compile -pragma_strict_mode=0
Execute     config_compile -pragma_strict_mode=0 
INFO: [XFORM 203-1171] Pipeline the innermost loop with trip count more than 0 or its parent loop when its trip count is less than or equal 0.
INFO: [XFORM 203-1172] Optimizing floating point zeros and discarding its signedness.
INFO: [XFORM 203-1161] The maximum of name length is set into 80.
Execute     send_msg_by_id INFO @200-1464@%s config_compile -unsafe_math_optimizations=0 
INFO: [HLS 200-1464] Running solution command: config_compile -unsafe_math_optimizations=0
Execute     config_compile -unsafe_math_optimizations=0 
INFO: [XFORM 203-1171] Pipeline the innermost loop with trip count more than 0 or its parent loop when its trip count is less than or equal 0.
INFO: [XFORM 203-1172] Optimizing floating point zeros and discarding its signedness.
INFO: [XFORM 203-1172] Optimizing floating point zeros and discarding its signedness.
INFO: [XFORM 203-1173] Reordering floating point operations aggressively.
INFO: [XFORM 203-1176] Optimizing floating point comparison without checking NaN.
INFO: [XFORM 203-1161] The maximum of name length is set into 80.
Command   open_solution done; 1.42 sec.
Execute   set_part xcvu9p-flgb2104-2-i 
INFO-FLOW: DBG:set_part: XILINX_VIVADO=/opt/Xilinx/Vivado/2020.1
INFO-FLOW: DBG:set_part: RDI_DATADIR=/opt/Xilinx/Vivado/2020.1/data:/opt/Xilinx/Vitis/2020.1/data
Execute     ap_part_info -name xcvu9p-flgb2104-2-i -data single -quiet 
Execute     ap_part_info -name xcvu9p-flgb2104-2-i -data info 
Execute     ap_family_info -name virtexuplus -data info 
Execute     add_library xilinx/virtexuplus/virtexuplus:xcvu9p:-flgb2104:-2-i 
Execute       get_default_platform 
Execute       ap_part_info -data single -name xcvu9p-flgb2104-2-i 
Execute       ap_part_info -name xcvu9p-flgb2104-2-i -data resources 
Execute       config_chip_info -resource {SLICE 147780} {LUT 1182240} {FF 2364480} {DSP 6840} {BRAM 4320} {URAM 960} {SLR 3} 
Execute       ap_part_info -name xcvu9p-flgb2104-2-i -data info 
Execute       config_chip_info -speed medium 
Execute     add_library xilinx/virtexuplus/virtexuplus_fpv7 
Execute       get_default_platform 
Execute     ap_part_info -name xcvu9p-flgb2104-2-i -data info 
Execute     get_default_platform 
Execute   create_clock -period 8ns -name default 
Execute   config_interface -clock_enable=0 -default_slave_interface s_axilite -m_axi_addr64 -m_axi_alignment_byte_size 64 -m_axi_auto_max_ports=0 -m_axi_latency 64 -m_axi_max_widen_bitwidth 512 -m_axi_offset off -register_io off -s_axilite_data64=0 
Execute   config_rtl -kernel_profile=0 -m_axi_conservative_mode=0 -module_auto_prefix -mult_keep_attribute=0 -register_reset_num 3 -reset control -reset_async=0 -reset_level high 
Execute   config_compile -dump_cfg=0 -name_max_length 80 -no_signed_zeros=0 -pipeline_loops 0 -pipeline_style stp -pragma_strict_mode=0 -unsafe_math_optimizations=0 
INFO: [XFORM 203-1171] Pipeline the innermost loop with trip count more than 0 or its parent loop when its trip count is less than or equal 0.
INFO: [XFORM 203-1172] Optimizing floating point zeros and discarding its signedness.
INFO: [XFORM 203-1172] Optimizing floating point zeros and discarding its signedness.
INFO: [XFORM 203-1173] Reordering floating point operations aggressively.
INFO: [XFORM 203-1176] Optimizing floating point comparison without checking NaN.
INFO: [XFORM 203-1161] The maximum of name length is set into 80.
Execute   source ./hw5_project/solution1/directives.tcl 
Execute     set_directive_top -name mmult mmult 
INFO-FLOW: Setting directive 'TOP' name=mmult 
Execute   csynth_design 
Execute     get_config_compile -dump_cfg 
Execute     get_config_compile -effort 
Execute     get_config_compile -enable_clang39 
Execute     get_config_compile -g 
Execute     get_config_compile -ng 
Execute     get_config_compile -opt_fp 
Execute     get_config_compile -skip_cdt 
Execute     get_config_compile -skip_syncheck 
Execute     get_config_compile -skip_transform 
Execute     get_config_compile -keep_printf 
Execute     elaborate -effort=medium -skip_syncheck=0 -keep_printf=0 -skip_cdt=0 -skip_transform=0 -ng=0 -g=0 -opt_fp=0 -from_csynth_design=1 
INFO: [HLS 200-10] Analyzing design file 'hls/MatrixMultiplication.cpp' ... 
INFO-FLOW: Compiling one TU...
Execute       get_config_compile -pragma_strict_mode 
INFO-FLOW: Handling hls/MatrixMultiplication.cpp as C++
Execute       ap_part_info -name xcvu9p-flgb2104-2-i -data info 
INFO-FLOW: Running: GCC PP 39
INFO-FLOW: Source preprocessing
Execute       ap_eval exec -ignorestderr /opt/Xilinx/Vitis/2020.1/lnx64/tools/clang-3.9-csynth/bin/clang -fsave-optimization-record -foptimization-record-file=/home/centos/ESE532_Projects/hw5/hw5_project/solution1/.autopilot/db/clang.MatrixMultiplication.cpp.diag.yml -fno-limit-debug-info -gcc-toolchain /opt/Xilinx/Vivado/2020.1/tps/lnx64/gcc-6.2.0 -fhls -fno-exceptions -E hls/MatrixMultiplication.cpp -fno-math-errno -c -emit-llvm -mllvm -disable-llvm-optzns -Werror=implicit-function-declaration -Werror=implicit-hls-streams -Werror=return-type -Wpragmas -Wunused-parameter -fno-threadsafe-statics -fno-use-cxa-atexit -std=gnu++14 -target fpga64-xilinx-linux-gnu -fno-threadsafe-statics -fno-use-cxa-atexit -I /opt/Xilinx/Vitis/2020.1/common/technology/autopilot/39 -DAESL_SYN -D__SYNTHESIS__ -D__HLS_SYN__ -I /opt/Xilinx/Vitis/2020.1/common/technology/autopilot -I /opt/Xilinx/Vitis/2020.1/common/technology/autopilot/ap_sysc -include etc/autopilot_ssdm_op.h -D__DSP48E2__ -o /home/centos/ESE532_Projects/hw5/hw5_project/solution1/.autopilot/db/MatrixMultiplication.pp.0.cpp > /home/centos/ESE532_Projects/hw5/hw5_project/solution1/.autopilot/db/clang.MatrixMultiplication.cpp.out.log 2> /home/centos/ESE532_Projects/hw5/hw5_project/solution1/.autopilot/db/clang.MatrixMultiplication.cpp.err.log 
INFO-FLOW: Done: GCC PP 39 time: 0 seconds per iteration
Execute       set_directive_top mmult -name=mmult 
INFO-FLOW: Setting directive 'TOP' name=mmult 
INFO-FLOW: Setting directive 'TOP' name=mmult 
INFO-FLOW: Setting directive 'TOP' name=mmult 
INFO-FLOW: Setting directive 'TOP' name=mmult 
Execute       source /opt/Xilinx/Vitis/2020.1/tps/tcl/tcllib1.11.1/yaml/huddle.tcl 
Execute       source /opt/Xilinx/Vitis/2020.1/tps/tcl/tcllib1.11.1/yaml/json2huddle.tcl 
Execute         source /opt/Xilinx/Vitis/2020.1/tps/tcl/tcllib1.11.1/try/try.tcl 
INFO-FLOW: Setting directive 'TOP' name=mmult 
INFO-FLOW: Setting directive 'TOP' name=mmult 
Execute       list_core -type functional_unit 
Execute       clang_tidy xilinx-systemc-detector /home/centos/ESE532_Projects/hw5/hw5_project/solution1/.autopilot/db/MatrixMultiplication.pp.0.cpp std=gnu++14 -target fpga  -directive=/home/centos/ESE532_Projects/hw5/hw5_project/solution1/.autopilot/db/.systemc_flag 
INFO-FLOW: exec /opt/Xilinx/Vitis/2020.1/lnx64/tools/clang-3.9-csynth/bin/clang-tidy -header-filter=.* --checks=-*,xilinx-systemc-detector -import-directive=/home/centos/ESE532_Projects/hw5/hw5_project/solution1/.autopilot/db/.systemc_flag -fix-errors /home/centos/ESE532_Projects/hw5/hw5_project/solution1/.autopilot/db/MatrixMultiplication.pp.0.cpp -- -std=gnu++14 -target fpga -fhls -ferror-limit=0
INFO-FLOW: Running: clang-tidy CDT preprocess 39
Execute       clang_tidy xilinx-directive2pragma /home/centos/ESE532_Projects/hw5/hw5_project/solution1/.autopilot/db/MatrixMultiplication.pp.0.cpp std=gnu++14 -target fpga  -directive=/home/centos/ESE532_Projects/hw5/hw5_project/solution1/.autopilot/db/all.directive.json 
INFO-FLOW: exec /opt/Xilinx/Vitis/2020.1/lnx64/tools/clang-3.9-csynth/bin/clang-tidy -header-filter=.* --checks=-*,xilinx-directive2pragma -import-directive=/home/centos/ESE532_Projects/hw5/hw5_project/solution1/.autopilot/db/all.directive.json -fix-errors /home/centos/ESE532_Projects/hw5/hw5_project/solution1/.autopilot/db/MatrixMultiplication.pp.0.cpp -- -std=gnu++14 -target fpga -fhls -ferror-limit=0
Execute       clang_tidy xilinx-constantarray-param,xilinx-remove-assert /home/centos/ESE532_Projects/hw5/hw5_project/solution1/.autopilot/db/MatrixMultiplication.pp.0.cpp std=gnu++14 -target fpga  
INFO-FLOW: exec /opt/Xilinx/Vitis/2020.1/lnx64/tools/clang-3.9-csynth/bin/clang-tidy -header-filter=.* --checks=-*,xilinx-constantarray-param,xilinx-remove-assert -fix-errors /home/centos/ESE532_Projects/hw5/hw5_project/solution1/.autopilot/db/MatrixMultiplication.pp.0.cpp -- -std=gnu++14 -target fpga -fhls -ferror-limit=0
INFO-FLOW: Done: clang-tidy CDT preprocess 39 time: 0 seconds per iteration
INFO-FLOW: Calling xilinx-label-all-loops ... 
Execute       clang_tidy -errorcheck xilinx-label-all-loops /home/centos/ESE532_Projects/hw5/hw5_project/solution1/.autopilot/db/MatrixMultiplication.pp.0.cpp std=gnu++14 -target fpga  
Execute         ap_eval exec -ignorestderr /opt/Xilinx/Vitis/2020.1/lnx64/tools/clang-3.9-csynth/bin/clang-tidy -export-fixes=/home/centos/ESE532_Projects/hw5/hw5_project/solution1/.autopilot/db/clang-tidy.MatrixMultiplication.pp.0.cpp.diag.yml -header-filter=.* --checks=-*,xilinx-label-all-loops -fix-errors /home/centos/ESE532_Projects/hw5/hw5_project/solution1/.autopilot/db/MatrixMultiplication.pp.0.cpp -- -std=gnu++14 -target fpga -fhls -ferror-limit=0 > /home/centos/ESE532_Projects/hw5/hw5_project/solution1/.autopilot/db/clang-tidy.MatrixMultiplication.pp.0.cpp.out.log 2> /home/centos/ESE532_Projects/hw5/hw5_project/solution1/.autopilot/db/clang-tidy.MatrixMultiplication.pp.0.cpp.err.log 
Execute       clang_tidy -errorcheck xilinx-top-parameters /home/centos/ESE532_Projects/hw5/hw5_project/solution1/.autopilot/db/MatrixMultiplication.pp.0.cpp std=gnu++14 -target fpga  
Execute         ap_eval exec -ignorestderr /opt/Xilinx/Vitis/2020.1/lnx64/tools/clang-3.9-csynth/bin/clang-tidy -export-fixes=/home/centos/ESE532_Projects/hw5/hw5_project/solution1/.autopilot/db/clang-tidy.MatrixMultiplication.pp.0.cpp.diag.yml -header-filter=.* --checks=-*,xilinx-top-parameters -fix-errors /home/centos/ESE532_Projects/hw5/hw5_project/solution1/.autopilot/db/MatrixMultiplication.pp.0.cpp -- -std=gnu++14 -target fpga -fhls -ferror-limit=0 > /home/centos/ESE532_Projects/hw5/hw5_project/solution1/.autopilot/db/clang-tidy.MatrixMultiplication.pp.0.cpp.out.log 2> /home/centos/ESE532_Projects/hw5/hw5_project/solution1/.autopilot/db/clang-tidy.MatrixMultiplication.pp.0.cpp.err.log 
Execute       clang_tidy -errorcheck xilinx-array-stream-check /home/centos/ESE532_Projects/hw5/hw5_project/solution1/.autopilot/db/MatrixMultiplication.pp.0.cpp std=gnu++14 -target fpga  
Execute         ap_eval exec -ignorestderr /opt/Xilinx/Vitis/2020.1/lnx64/tools/clang-3.9-csynth/bin/clang-tidy -export-fixes=/home/centos/ESE532_Projects/hw5/hw5_project/solution1/.autopilot/db/clang-tidy.MatrixMultiplication.pp.0.cpp.diag.yml -header-filter=.* --checks=-*,xilinx-array-stream-check -fix-errors /home/centos/ESE532_Projects/hw5/hw5_project/solution1/.autopilot/db/MatrixMultiplication.pp.0.cpp -- -std=gnu++14 -target fpga -fhls -ferror-limit=0 > /home/centos/ESE532_Projects/hw5/hw5_project/solution1/.autopilot/db/clang-tidy.MatrixMultiplication.pp.0.cpp.out.log 2> /home/centos/ESE532_Projects/hw5/hw5_project/solution1/.autopilot/db/clang-tidy.MatrixMultiplication.pp.0.cpp.err.log 
Execute       get_config_dataflow -strict_mode 
Execute       ap_eval exec -ignorestderr /opt/Xilinx/Vitis/2020.1/lnx64/tools/clang-3.9-csynth/bin/xilinx-dataflow-lawyer -export-fixes=/home/centos/ESE532_Projects/hw5/hw5_project/solution1/.autopilot/db/xilinx-dataflow-lawyer.MatrixMultiplication.pp.0.cpp.diag.yml /home/centos/ESE532_Projects/hw5/hw5_project/solution1/.autopilot/db/MatrixMultiplication.pp.0.cpp -- -std=gnu++14 -target fpga -fhls -ferror-limit=0 -fstrict-dataflow > /home/centos/ESE532_Projects/hw5/hw5_project/solution1/.autopilot/db/xilinx-dataflow-lawyer.MatrixMultiplication.pp.0.cpp.out.log 2> /home/centos/ESE532_Projects/hw5/hw5_project/solution1/.autopilot/db/xilinx-dataflow-lawyer.MatrixMultiplication.pp.0.cpp.err.log 
Execute       clang_tidy -errorcheck xilinx-warn-mayneed-no-ctor-attribute /home/centos/ESE532_Projects/hw5/hw5_project/solution1/.autopilot/db/MatrixMultiplication.pp.0.cpp std=gnu++14 -target fpga  
Execute         ap_eval exec -ignorestderr /opt/Xilinx/Vitis/2020.1/lnx64/tools/clang-3.9-csynth/bin/clang-tidy -export-fixes=/home/centos/ESE532_Projects/hw5/hw5_project/solution1/.autopilot/db/clang-tidy.MatrixMultiplication.pp.0.cpp.diag.yml -header-filter=.* --checks=-*,xilinx-warn-mayneed-no-ctor-attribute -fix-errors /home/centos/ESE532_Projects/hw5/hw5_project/solution1/.autopilot/db/MatrixMultiplication.pp.0.cpp -- -std=gnu++14 -target fpga -fhls -ferror-limit=0 > /home/centos/ESE532_Projects/hw5/hw5_project/solution1/.autopilot/db/clang-tidy.MatrixMultiplication.pp.0.cpp.out.log 2> /home/centos/ESE532_Projects/hw5/hw5_project/solution1/.autopilot/db/clang-tidy.MatrixMultiplication.pp.0.cpp.err.log 
Execute       ap_part_info -name xcvu9p-flgb2104-2-i -data info 
INFO-FLOW: compiling source code to llvm bc
Execute       ap_eval exec -ignorestderr /opt/Xilinx/Vitis/2020.1/lnx64/tools/clang-3.9-csynth/bin/clang -fsave-optimization-record -foptimization-record-file=/home/centos/ESE532_Projects/hw5/hw5_project/solution1/.autopilot/db/clang.MatrixMultiplication.pragma.2.cpp.diag.yml -fno-limit-debug-info -fhls -flto -fno-exceptions -Wno-error=c++11-narrowing /home/centos/ESE532_Projects/hw5/hw5_project/solution1/.autopilot/db/MatrixMultiplication.pragma.2.cpp -fno-math-errno -c -emit-llvm -mllvm -disable-llvm-optzns -Werror=implicit-function-declaration -Werror=implicit-hls-streams -Werror=return-type -Wpragmas -Wunused-parameter -fno-threadsafe-statics -fno-use-cxa-atexit -std=gnu++14 -target fpga64-xilinx-linux-gnu -DAESL_SYN -D__SYNTHESIS__ -D__HLS_SYN__ -I /opt/Xilinx/Vitis/2020.1/common/technology/autopilot -I /opt/Xilinx/Vitis/2020.1/common/technology/autopilot/ap_sysc -include etc/autopilot_ssdm_op.h -D__DSP48E2__ -g -o /home/centos/ESE532_Projects/hw5/hw5_project/solution1/.autopilot/db/MatrixMultiplication.bc > /home/centos/ESE532_Projects/hw5/hw5_project/solution1/.autopilot/db/clang.MatrixMultiplication.pragma.2.cpp.out.log 2> /home/centos/ESE532_Projects/hw5/hw5_project/solution1/.autopilot/db/clang.MatrixMultiplication.pragma.2.cpp.err.log 
INFO-FLOW: Linking Debug ...
INFO-FLOW: Linking dut bc code.
Execute       run_link_or_opt -out /home/centos/ESE532_Projects/hw5/hw5_project/solution1/.autopilot/db/a.g.ld.0.bc -args  "/home/centos/ESE532_Projects/hw5/hw5_project/solution1/.autopilot/db/MatrixMultiplication.g.bc"  
Execute         ap_eval exec -ignorestderr /opt/Xilinx/Vitis/2020.1/lnx64/tools/clang-3.9-csynth/bin/llvm-link /home/centos/ESE532_Projects/hw5/hw5_project/solution1/.autopilot/db/MatrixMultiplication.g.bc -o /home/centos/ESE532_Projects/hw5/hw5_project/solution1/.autopilot/db/a.g.ld.0.bc > /home/centos/ESE532_Projects/hw5/hw5_project/solution1/.autopilot/db/llvm-link.a.g.ld.0.bc.out.log 2> /home/centos/ESE532_Projects/hw5/hw5_project/solution1/.autopilot/db/llvm-link.a.g.ld.0.bc.err.log 
INFO-FLOW: 
Execute       run_link_or_opt -opt -out /home/centos/ESE532_Projects/hw5/hw5_project/solution1/.autopilot/db/a.g.ld.1.lower.bc -args /home/centos/ESE532_Projects/hw5/hw5_project/solution1/.autopilot/db/a.g.ld.0.bc -reflow-lower-math-intrinsics 
Execute         ap_eval exec -ignorestderr /opt/Xilinx/Vitis/2020.1/lnx64/tools/clang-3.9-csynth/bin/opt -pass-remarks-missed=.* -pass-remarks-output=/home/centos/ESE532_Projects/hw5/hw5_project/solution1/.autopilot/db/opt.a.g.ld.1.lower.bc.diag.yml /home/centos/ESE532_Projects/hw5/hw5_project/solution1/.autopilot/db/a.g.ld.0.bc -reflow-lower-math-intrinsics -o /home/centos/ESE532_Projects/hw5/hw5_project/solution1/.autopilot/db/a.g.ld.1.lower.bc > /home/centos/ESE532_Projects/hw5/hw5_project/solution1/.autopilot/db/opt.a.g.ld.1.lower.bc.out.log 2> /home/centos/ESE532_Projects/hw5/hw5_project/solution1/.autopilot/db/opt.a.g.ld.1.lower.bc.err.log 
INFO-FLOW: 
INFO-FLOW: Linking math bc lib
Execute       run_link_or_opt -out /home/centos/ESE532_Projects/hw5/hw5_project/solution1/.autopilot/db/a.g.ld.2.m1.bc -args /home/centos/ESE532_Projects/hw5/hw5_project/solution1/.autopilot/db/a.g.ld.1.lower.bc -only-needed /opt/Xilinx/Vitis/2020.1/lnx64/lib/libhlsm_39.bc /opt/Xilinx/Vitis/2020.1/lnx64/lib/libhlsmc++_39.bc 
Execute         ap_eval exec -ignorestderr /opt/Xilinx/Vitis/2020.1/lnx64/tools/clang-3.9-csynth/bin/llvm-link /home/centos/ESE532_Projects/hw5/hw5_project/solution1/.autopilot/db/a.g.ld.1.lower.bc -only-needed /opt/Xilinx/Vitis/2020.1/lnx64/lib/libhlsm_39.bc /opt/Xilinx/Vitis/2020.1/lnx64/lib/libhlsmc++_39.bc -o /home/centos/ESE532_Projects/hw5/hw5_project/solution1/.autopilot/db/a.g.ld.2.m1.bc > /home/centos/ESE532_Projects/hw5/hw5_project/solution1/.autopilot/db/llvm-link.a.g.ld.2.m1.bc.out.log 2> /home/centos/ESE532_Projects/hw5/hw5_project/solution1/.autopilot/db/llvm-link.a.g.ld.2.m1.bc.err.log 
Command         ap_eval done; 2.12 sec.
INFO-FLOW: 
Command       run_link_or_opt done; 2.12 sec.
Execute       run_link_or_opt -opt -out /home/centos/ESE532_Projects/hw5/hw5_project/solution1/.autopilot/db/a.g.ld.3.fpc.bc -args /home/centos/ESE532_Projects/hw5/hw5_project/solution1/.autopilot/db/a.g.ld.2.m1.bc -reflow-globaldce -hls-top-function-name=mmult -reflow-float-conversion 
Execute         ap_eval exec -ignorestderr /opt/Xilinx/Vitis/2020.1/lnx64/tools/clang-3.9-csynth/bin/opt -pass-remarks-missed=.* -pass-remarks-output=/home/centos/ESE532_Projects/hw5/hw5_project/solution1/.autopilot/db/opt.a.g.ld.3.fpc.bc.diag.yml /home/centos/ESE532_Projects/hw5/hw5_project/solution1/.autopilot/db/a.g.ld.2.m1.bc -reflow-globaldce -hls-top-function-name=mmult -reflow-float-conversion -o /home/centos/ESE532_Projects/hw5/hw5_project/solution1/.autopilot/db/a.g.ld.3.fpc.bc > /home/centos/ESE532_Projects/hw5/hw5_project/solution1/.autopilot/db/opt.a.g.ld.3.fpc.bc.out.log 2> /home/centos/ESE532_Projects/hw5/hw5_project/solution1/.autopilot/db/opt.a.g.ld.3.fpc.bc.err.log 
Command         ap_eval done; 0.77 sec.
INFO-FLOW: 
Command       run_link_or_opt done; 0.77 sec.
Execute       run_link_or_opt -out /home/centos/ESE532_Projects/hw5/hw5_project/solution1/.autopilot/db/a.g.ld.4.m2.bc -args /home/centos/ESE532_Projects/hw5/hw5_project/solution1/.autopilot/db/a.g.ld.3.fpc.bc -only-needed /opt/Xilinx/Vitis/2020.1/lnx64/lib/libfloatconversion_39.bc 
Execute         ap_eval exec -ignorestderr /opt/Xilinx/Vitis/2020.1/lnx64/tools/clang-3.9-csynth/bin/llvm-link /home/centos/ESE532_Projects/hw5/hw5_project/solution1/.autopilot/db/a.g.ld.3.fpc.bc -only-needed /opt/Xilinx/Vitis/2020.1/lnx64/lib/libfloatconversion_39.bc -o /home/centos/ESE532_Projects/hw5/hw5_project/solution1/.autopilot/db/a.g.ld.4.m2.bc > /home/centos/ESE532_Projects/hw5/hw5_project/solution1/.autopilot/db/llvm-link.a.g.ld.4.m2.bc.out.log 2> /home/centos/ESE532_Projects/hw5/hw5_project/solution1/.autopilot/db/llvm-link.a.g.ld.4.m2.bc.err.log 
INFO-FLOW: 
Execute       run_link_or_opt -opt -out /home/centos/ESE532_Projects/hw5/hw5_project/solution1/.autopilot/db/a.g.ld.5.gdce.bc -args /home/centos/ESE532_Projects/hw5/hw5_project/solution1/.autopilot/db/a.g.ld.4.m2.bc -reflow-globaldce -hls-top-function-name=mmult 
Execute         ap_eval exec -ignorestderr /opt/Xilinx/Vitis/2020.1/lnx64/tools/clang-3.9-csynth/bin/opt -pass-remarks-missed=.* -pass-remarks-output=/home/centos/ESE532_Projects/hw5/hw5_project/solution1/.autopilot/db/opt.a.g.ld.5.gdce.bc.diag.yml /home/centos/ESE532_Projects/hw5/hw5_project/solution1/.autopilot/db/a.g.ld.4.m2.bc -reflow-globaldce -hls-top-function-name=mmult -o /home/centos/ESE532_Projects/hw5/hw5_project/solution1/.autopilot/db/a.g.ld.5.gdce.bc > /home/centos/ESE532_Projects/hw5/hw5_project/solution1/.autopilot/db/opt.a.g.ld.5.gdce.bc.out.log 2> /home/centos/ESE532_Projects/hw5/hw5_project/solution1/.autopilot/db/opt.a.g.ld.5.gdce.bc.err.log 
INFO-FLOW: 
Execute       get_solution -flow_target 
Execute       get_config_rtl -module_prefix 
Execute       get_config_interface -default_interface 
Execute       send_msg_by_id INFO @200-777@%s Vitis 
INFO: [HLS 200-777] Using interface defaults for 'Vitis' target.
Execute       get_config_interface -default_slave_interface 
Execute       get_solution -flow_target 
Execute       get_config_interface -m_axi_offset 
Execute       get_config_interface -m_axi_latency 
Execute       get_config_interface -m_axi_alignment_byte_size 
Execute       get_config_interface -m_axi_min_bitwidth 
Execute       get_config_interface -m_axi_max_bitwidth 
Execute       get_config_interface -m_axi_max_widen_bitwidth 
Execute       get_config_interface -m_axi_num_read_outstanding 
Execute       get_config_interface -m_axi_num_write_outstanding 
Execute       get_config_interface -m_axi_max_read_burst_length 
Execute       get_config_interface -m_axi_max_write_burst_length 
Execute       get_config_interface -m_axi_min_bitwidth 
Execute       get_config_interface -m_axi_max_bitwidth 
Execute       get_config_interface -m_axi_latency 
Execute       get_config_interface -m_axi_min_bitwidth 
Execute       get_config_interface -m_axi_max_bitwidth 
Execute       get_config_interface -m_axi_max_widen_bitwidth 
Execute       get_config_interface -m_axi_auto_max_ports 
Execute       get_config_interface -m_axi_num_read_outstanding 
Execute       get_config_interface -m_axi_num_write_outstanding 
Execute       get_config_interface -m_axi_max_read_burst_length 
Execute       get_config_interface -m_axi_max_write_burst_length 
Execute       get_config_interface -s_axilite_data64 
Execute       get_config_interface -m_axi_alignment_byte_size 
Execute       get_config_compile -pragma_strict_mode 
INFO-FLOW: Doing LTO.
Execute       ap_eval exec -ignorestderr /opt/Xilinx/Vitis/2020.1/lnx64/tools/clang-3.9-csynth/bin/clang -fsave-optimization-record -foptimization-record-file=/home/centos/ESE532_Projects/hw5/hw5_project/solution1/.autopilot/db/clang.a.g.ld.0.bc.diag.yml -fhls -mllvm -hls-top-function-name=mmult -mllvm -hls-db-dir -mllvm /home/centos/ESE532_Projects/hw5/hw5_project/solution1/.autopilot/db -emit-llvm -c -mllvm -hls-bitcode-version=3.1 -target fpga64-xilinx-none -mllvm -xcl-xmlinfo=/home/centos/ESE532_Projects/hw5/hw5_project/solution1/.autopilot/db/../../../kernel.xml -mllvm -top-io-mapping-info=/home/centos/ESE532_Projects/hw5/hw5_project/solution1/.autopilot/db/top-io-fe.xml -mllvm -pass-remarks=supported-subset -mllvm -reflow-enable-interface-default-setting=true -mllvm -reflow-enable-slave-interface-default-setting=true -mllvm -gen-kernel-xml=true -mllvm -default-maxi-offset=off -mllvm -maxi-latency=64 -mllvm -hls-maxi-data-size-in-bits=8 -mllvm -hls-maxi-max-data-size-in-bits=1024 -mllvm -hls-max-widen-size-in-bits=512 -mllvm -xcl-kernel-max-mem-ports=0 -mllvm -maxi-read-trans=16 -mllvm -maxi-write-trans=16 -mllvm -maxi-read-burst-len=16 -mllvm -maxi-write-burst-len=16 -mllvm -reflow-enable-saxi-64bits=0 -mllvm -assume-maxi-align=64 -mllvm -no-unaligned-maxi-accesses=false -x ir /home/centos/ESE532_Projects/hw5/hw5_project/solution1/.autopilot/db/a.g.ld.5.gdce.bc -o /home/centos/ESE532_Projects/hw5/hw5_project/solution1/.autopilot/db/a.g.lto.bc > /home/centos/ESE532_Projects/hw5/hw5_project/solution1/.autopilot/db/clang.a.g.ld.0.bc.out.log 2> /home/centos/ESE532_Projects/hw5/hw5_project/solution1/.autopilot/db/clang.a.g.ld.0.bc.err.log 
Execute       source /opt/Xilinx/Vitis/2020.1/tps/tcl/tcllib1.11.1/yaml/yaml.tcl 
Execute         source /opt/Xilinx/Vitis/2020.1/tps/tcl/tcllib1.11.1/cmdline/cmdline.tcl 
INFO: [HLS 214-115] Burst read of length 256 and bit width 512 has been inferred on port 'aximm1' (hls/MatrixMultiplication.cpp:24:15)
INFO: [HLS 214-115] Burst read of length 256 and bit width 512 has been inferred on port 'aximm2' (hls/MatrixMultiplication.cpp:24:15)
INFO: [HLS 214-115] Burst write of length 256 and bit width 512 has been inferred on port 'aximm1' (hls/MatrixMultiplication.cpp:30:15)
INFO-FLOW: DBG:CMD: copy_raw_kernel_xml ap_link_39: copying raw kernel.xml: /home/centos/ESE532_Projects/hw5/hw5_project/solution1/.autopilot/db/../../../kernel.xml -> /home/centos/ESE532_Projects/hw5/hw5_project/solution1/.autopilot/db/kernel.internal.xml
INFO: [HLS 200-111] Finished Linking Time (s): cpu = 00:00:05 ; elapsed = 00:00:05 . Memory (MB): peak = 1769.207 ; gain = 1245.773 ; free physical = 57672 ; free virtual = 80030
INFO: [HLS 200-111] Finished Checking Pragmas Time (s): cpu = 00:00:05 ; elapsed = 00:00:05 . Memory (MB): peak = 1769.207 ; gain = 1245.773 ; free physical = 57672 ; free virtual = 80030
Execute       opt_and_import_c a -opt_level=2 -skip_syncheck=0 -ng=0 -keep_printf=0 
Execute         cleanup_all_models 
INFO: [HLS 200-10] Starting code transformations ...
INFO-FLOW: Running Standard Transforms...
Execute         transform -hls -share-std-xform -demangle-name -inline-byval-memcpy -always-inline -promote-dbg-pointer -interface-preproc -mem2reg -scalarrepl -mem2reg -keep-read-access -instcombine -dce -promote-dbg-pointer -bitop-raise -loop-simplify -indvarspre -indvars -loop-simplify -xunroll -constprop -instcombine -simplifycfg -indvars -simplifycfg -dce -globaldce -basicaa -simplifycfg -mem2reg -globalopt -global-constprop -deadargelim -instcombine -simplifycfg -scalarrepl -instcombine -reassociate -licm -simplifycfg -loop-simplify -indvars -instcombine -simplifycfg -mem2reg -loop-simplify -indvars -instcombine -gvn -gvn -instcombine -adce -break-crit-edges -simplifycfg -loop-delete -global-array-opt -dce -dse -adce -find-syn-modules -top mmult -deadargelim -mem2reg -instcombine -dce -presyn-prepare -auto-rom-infer -interface-preproc -syn-check -check-rec-only -find-region -simplifycfg -func-extr -function-inline -globaldce -mem2reg -instcombine -dce -gvn -globaldce -adce -adse -constprop -instcombine -bit-constprop -instcombine -dce -simplifycfg -bitop-raise -simplifycfg -dce -loop-delete -reassociate -globalopt -global-privatize -mem2reg -dce -global-constprop -pointer-simplify -constprop -dce -func-inst -deadargelim -auto-shift-reg-idiom -promote-dbg-pointer -norm-name /home/centos/ESE532_Projects/hw5/hw5_project/solution1/.autopilot/db/a.g.0.bc -o /home/centos/ESE532_Projects/hw5/hw5_project/solution1/.autopilot/db/a.g.1.bc -f -phase std-opt 
INFO: [HLS 200-111] Finished Standard Transforms Time (s): cpu = 00:00:05 ; elapsed = 00:00:05 . Memory (MB): peak = 1769.207 ; gain = 1245.773 ; free physical = 57670 ; free virtual = 80029
INFO: [HLS 200-10] Checking synthesizability ...
INFO-FLOW: Checking Synthesizability 1/2..
Execute         transform -hls -syn-check -check-rec-only -disaggr -scalarrepl -norm-name -dce -mem2reg -instcombine -function-uniquify -directive-preproc -mem2reg -dse -dce -auto-rom-infer -dce -pag -array-normalize -instcombine -dce -warn-fifo-pointer -array-seg-normalize -instcombine -dce -data-pack -instcombine -dce -inst-simplify -array-flatten -instcombine -dce -array-burst -dce -deadargelim -promote-global-argument -simplifycfg -mem2reg -globaldce -dce -deadargelim -dce -instcombine -function-inline -globaldce -dce -doublePtrSimplify -doublePtrElim -dce -doublePtrSimplify -promote-dbg-pointer -dce -scalarrepl -dse -adse -instcombine -ptrLegalization -simplifycfg -dce -instcombine -pointer-simplify -ptrArgReplace -dce -instcombine -resolve-double-ptr -disaggr -scalarrepl -norm-name -dce -mem2reg -instcombine -ptrLegalization -simplifycfg -deadargelim -instcombine -dce -inst-simplify -function-uniquify -directive-preproc -mem2reg -dse -dce -globaldce -check-dspbuiltin /home/centos/ESE532_Projects/hw5/hw5_project/solution1/.autopilot/db/a.g.1.bc -o /home/centos/ESE532_Projects/hw5/hw5_project/solution1/.autopilot/db/a.g.2.prechk.bc -f 
INFO-FLOW: Checking Synthesizability 2/2..
Execute         transform -syn-check /home/centos/ESE532_Projects/hw5/hw5_project/solution1/.autopilot/db/a.g.2.prechk.bc -o /home/centos/ESE532_Projects/hw5/hw5_project/solution1/.autopilot/db/a.g.2.bc -f -phase syn-check 
INFO: [HLS 200-111] Finished Checking Synthesizability Time (s): cpu = 00:00:05 ; elapsed = 00:00:05 . Memory (MB): peak = 1769.207 ; gain = 1245.773 ; free physical = 57670 ; free virtual = 80029
INFO-FLOW: Compiler optimizing ...
INFO-FLOW: Share syncheck's 1.bc for syn flow: copy /home/centos/ESE532_Projects/hw5/hw5_project/solution1/.autopilot/db/a.g.1.bc to /home/centos/ESE532_Projects/hw5/hw5_project/solution1/.autopilot/db/a.o.1.bc
INFO-FLOW: Presyn 1...
Execute         transform -hls -tmp /home/centos/ESE532_Projects/hw5/hw5_project/solution1/.autopilot/db -interface-port-rename -function-uniquify -directive-preproc -mem2reg -dse -dce -disaggr -scalarrepl -norm-name -deadargelim -mem2reg -instcombine -dce -simplifycfg -auto-rom-infer -dce -function-uniquify -resource-proc -clib-intrinsic-prepare -dce -func-buffer -dce -pag -array-normalize -func-legal -instcombine -gvn -constprop -dce -simplifycfg -mem2reg -globaldce -resolve-double-ptr -dce -deadargelim -dce -instcombine -ptrArgReplace -mem2reg -dce -array-seg-normalize -deadargelim -instcombine -dce -function-uniquify -directive-preproc -mem2reg -dse -dce -pointer-simplify -dce -port-alignment -dce -interface-preproc -data-pack -instcombine -dce -basicaa -aggr-aa -aggrmodref-aa -aggr-aa -gvn -gvn -basicaa -aggr-aa -aggrmodref-aa -aggr-aa -dse -adse -adce -loop-simplify -indvars -instcombine -gvn -loop-simplify -mem2reg -dce -find-region -instcombine -auto-loop-pipeline -inst-simplify -interface-preproc -cfgopt -instcombine -indvars -auto-loop-unroll -loop-simplify -loop-bound -xunroll -constprop -instcombine -simplifycfg -indvars -simplifycfg -dce -globaldce -clean-region -attach-range -gvn -inst-simplify -constprop -simplifycfg -dce -pointer-simplify -dce -globalopt -constprop -dce -array-promote -constprop -dce -ptrArgReplace -mem2reg -simplifycfg -dce -auto-par -instcombine -dce -array-transform-check -array-reshape -instcombine -simplifycfg -dce -ptrArgReplace -deadargelim -mem2reg -instcombine -simplifycfg -dce -indvars -loop-simplify -loop-bound -xunroll -constprop -instcombine -simplifycfg -indvars -simplifycfg -dce -globaldce -basicaa -aggr-aa -aggrmodref-aa -aggr-aa -dse -duplicate-dataflow-processes -globaldce -instcombine -array-partition -instcombine -simplifycfg -dce -ptrArgReplace -global-constprop -deadargelim -mem2reg -func-legal -dce -global-constprop -deadargelim -mem2reg -simplifycfg -dce -merge-param -deadargelim -globalopt -constprop -dce -array-promote -constprop -dce -ptrArgReplace -mem2reg -simplifycfg -dce -mem-intrinsic-preproc -dce -global-internalize -global-privatize -mem2reg -globaldce -promote-global-argument -ptrArgReplace -mem2reg -dce -globalopt -mergereturn -simplify-global-access -mem2reg -dce -pointer-simplify -dce -functionattrs -basicaa -aggr-aa -aggrmodref-aa -aggr-aa -gvn -gvn -basicaa -aggr-aa -aggrmodref-aa -aggr-aa -dse -adse -adce -dce -norm-name -function-inline -complex-op-raise -inst-simplify -globaldce -func-inst -constprop -instcombine -simplifycfg -dce -func-legal -dce -loop-bound -arraycheck -bitwidthmin2 -bitwidthmin2 -on-by-dataflow -loop-delete -instcombine -simplifycfg -globaldce -dce -gvn -deadargelim -dce -loop-simplify -clean-region -simplifycfg -propagate-stable-arguments -loop-stream -instcombine -simplifycfg -dce -globaldce -duplicate-dataflow-processes -stream-intrinsic-preproc -dce -check-ap-stream -loop-simplify -eliminate-keepreads -extract-dataflow-in-loop -loop-simplify -dce -gvn -deadargelim -dse -check-dataflow-syntax -legalize-stream-variable -legalize-global -extract-subproc -dce -dead-channel-elimination -canonicalize-gep -globaldce -dce -gvn -deadargelim -directive-preproc -annotate-dataflow-channels -scalar-propagation -deadargelim -globaldce -mem2reg -check-dataflow-channels -function-stream -dce -globaldce -prop-fifo-spec -internal-stream-gen -canonicalize-gep -globaldce -dce -gvn -deadargelim -mergereturn -indvars -loop-simplify -instcombine -array-stream -array-seg-normalize -array-partition -func-legal -instcombine -simplifycfg -dce -bundle-memfifo-ops -deadargelim -function-uniquify -directive-preproc -mem2reg -dse -dce -group-axi-access -licm -simplifycfg -dce -loop-delete -norm-name /home/centos/ESE532_Projects/hw5/hw5_project/solution1/.autopilot/db/a.o.1.bc -o /home/centos/ESE532_Projects/hw5/hw5_project/solution1/.autopilot/db/a.o.1.tmp.bc -f 
INFO: [XFORM 203-502] Unrolling all sub-loops inside loop 'Main_loop_j' (hls/MatrixMultiplication.cpp:43) in function 'mmult' for pipelining.
INFO: [HLS 200-489] Unrolling loop 'Main_loop_k' (hls/MatrixMultiplication.cpp:43) in function 'mmult' completely with a factor of 32.
INFO: [XFORM 203-131] Reshaping array 'Buffer_1' (hls/MatrixMultiplication.cpp:9) in dimension 2 with a cyclic factor of 12.
INFO: [XFORM 203-131] Reshaping array 'Buffer_2' (hls/MatrixMultiplication.cpp:10) in dimension 1 with a cyclic factor of 12.
INFO: [XFORM 203-501] Unrolling loop 'Init_loop_j' (hls/MatrixMultiplication.cpp:25) in function 'mmult' partially with a factor of 12.
Command         transform done; 0.85 sec.
INFO-FLOW: Presyn 2...
Execute         transform -hls -keep-callgraph -scalarrepl -mem2reg -port-alignment -attach-range -dce -pipe-mux-gen -indvars -loop-bound -inst-simplify -instcombine -dce -merge-array-access -mem2reg -dce -clean-region -mergereturn -if-conv -instcombine -dce -constprop -basicaa -aggr-aa -aggrmodref-aa -aggr-aa -gvn -gvn -basicaa -aggr-aa -aggrmodref-aa -aggr-aa -dse -adse -adce -scalarrepl -mem2reg -global-constprop -deadargelim -deadargelim -instcombine -dce -simplifycfg -ptrArgReplace -mem2reg -function-inline -globaldce -mem2reg -instcombine -dce -expr-balance -instcombine -dce -bitwidthmin2 -bitwidthmin2 -interface-preproc -directive-preproc -inst-rectify -instcombine -dce -functionattrs -constprop -instcombine -bit-constprop -simplify-global-access -globalopt -globaldce -inst-simplify -instcombine -elimdeaddata -dce -loop-delete -simplifycfg -loop-simplify -auto-burst -barrier -norm-name /home/centos/ESE532_Projects/hw5/hw5_project/solution1/.autopilot/db/a.o.1.tmp.bc -o /home/centos/ESE532_Projects/hw5/hw5_project/solution1/.autopilot/db/a.o.2.bc -f -phase presyn 
INFO: [XFORM 203-11] Balancing expressions in function 'mmult' (hls/MatrixMultiplication.cpp:3)...63 expression(s) balanced.
Command         transform done; 0.43 sec.
INFO: [HLS 200-111] Finished Pre-synthesis Time (s): cpu = 00:00:06 ; elapsed = 00:00:06 . Memory (MB): peak = 1769.207 ; gain = 1245.773 ; free physical = 57654 ; free virtual = 80013
Execute         get_config_compile -enable_loop_extract 
INFO-FLOW: Building ssdm...
Execute         transform -hls -function-uniquify -auto-function-inline -globaldce -ptrArgReplace -mem2reg -dce -reset-lda -loop-simplify -indvars -aggr-aa -licm -loop-dep -loop-bound -licm -loop-simplify -flattenloopnest -array-flatten -gvn -instcombine -dce -array-map -dce -func-legal -gvn -adce -instcombine -cfgopt -simplifycfg -loop-simplify -array-burst -promote-global-argument -dce -array-seg-normalize -basicaa -aggrmodref-aa -globalsmodref-aa -aggr-aa -gvn -gvn -basicaa -aggrmodref-aa -globalsmodref-aa -aggr-aa -dse -adse -adce -licm -inst-simplify -dce -globaldce -instcombine -array-stream -eliminate-keepreads -instcombine -dce -deadargelim -doublePtrSimplify -doublePtrElim -dce -doublePtrSimplify -promote-dbg-pointer -dce -scalarrepl -mem2reg -disaggr -norm-name -mem2reg -instcombine -dse -adse -adce -ptrLegalization -dce -auto-rom-infer -array-flatten -dce -instcombine -check-doubleptr -loop-rot -constprop -cfgopt -simplifycfg -loop-simplify -indvars -pointer-simplify -dce -loop-bound -loop-simplify -loop-preproc -constprop -global-constprop -gvn -mem2reg -instcombine -dce -loop-bound -loop-merge -dce -bitwidthmin2 -bitwidthmin2 -deadargelim -dce -canonicalize-dataflow -dce -scalar-propagation -deadargelim -globaldce -mem2reg -read-loop-dep -interface-preproc -directive-preproc -interface-gen -bram-byte-enable -deadargelim -inst-simplify -dce -gvn -mem2reg -instcombine -dce -adse -loop-bound -instcombine -cfgopt -simplifycfg -loop-simplify -clean-region -io-protocol -find-region -mem2reg -bitop-raise -complex-op-raise -inst-simplify -inst-rectify -instcombine -adce -deadargelim -loop-simplify -phi-opt -bitop-raise -cfgopt -simplifycfg -strip-dead-prototypes -interface-lower -bitop-lower -intrinsic-lower -auto-function-inline -basicaa -aggrmodref-aa -globalsmodref-aa -aggr-aa -inst-simplify -simplifycfg -loop-simplify -mergereturn -inst-simplify -inst-rectify -dce -load-elim -bitop-lower -loop-rewind -pointer-simplify -dce -cfgopt -dce -loop-bound -loop-dep -read-loop-dep -dce -check-stream -norm-name -legalize -validate-dataflow -inst-clarity -bitwidth -dump-loop-dep-to-ir -check-all-ssdm -cdfg-build /home/centos/ESE532_Projects/hw5/hw5_project/solution1/.autopilot/db/a.o.2.bc -o /home/centos/ESE532_Projects/hw5/hw5_project/solution1/.autopilot/db/a.o.3.bc -f -phase build-ssdm 
INFO: [XFORM 203-541] Flattening a loop nest 'Main_loop_i' (hls/MatrixMultiplication.cpp:30:24) in function 'mmult'.
INFO: [HLS 200-472] Inferring partial write operation for 'Buffer_2' (hls/MatrixMultiplication.cpp:27:19)
INFO: [HLS 200-472] Inferring partial write operation for 'Buffer_1' (hls/MatrixMultiplication.cpp:26:19)
Command         transform done; 0.84 sec.
INFO: [HLS 200-111] Finished Architecture Synthesis Time (s): cpu = 00:00:07 ; elapsed = 00:00:07 . Memory (MB): peak = 1769.207 ; gain = 1245.773 ; free physical = 57653 ; free virtual = 80012
INFO-FLOW: Finish building internal data model.
Command       opt_and_import_c done; 2.17 sec.
Command     elaborate done; 5.56 sec.
Execute     autosyn -from_csynth_design=1 
INFO: [HLS 200-10] Starting hardware synthesis ...
INFO-FLOW: Synthesizing C/C++ design ...
INFO: [HLS 200-10] Synthesizing 'mmult' ...
Execute       ap_set_top_model mmult 
Execute       get_model_list mmult -filter all-wo-channel -topdown 
Execute       preproc_iomode -model mmult 
Execute       get_model_list mmult -filter all-wo-channel 
INFO-FLOW: Model list for configure: mmult
INFO-FLOW: Configuring Module : mmult ...
Execute       set_default_model mmult 
Execute       apply_spec_resource_limit mmult 
INFO-FLOW: Model list for preprocess: mmult
INFO-FLOW: Preprocessing Module: mmult ...
Execute       set_default_model mmult 
Execute       cdfg_preprocess -model mmult 
Execute       rtl_gen_preprocess mmult 
WARNING: [SYN 201-107] Renaming port name 'mmult/Output' to 'mmult/Output_r' to avoid the conflict with HDL keywords or other object names.
INFO-FLOW: Model list for synthesis: mmult
INFO: [HLS 200-10] ----------------------------------------------------------------
INFO: [HLS 200-42] -- Implementing module 'mmult' 
INFO: [HLS 200-10] ----------------------------------------------------------------
Execute       set_default_model mmult 
Execute       schedule -model mmult 
INFO: [SCHED 204-11] Starting scheduling ...
INFO: [SCHED 204-61] Pipelining loop 'Main_loop_i_Main_loop_j'.
WARNING: [HLS 200-885] Unable to schedule 'load' operation ('Buffer_1_load_2', hls/MatrixMultiplication.cpp:45) on array 'Buffer_1', hls/MatrixMultiplication.cpp:9 due to limited memory ports. Please consider using a memory core with more ports or partitioning the array 'Buffer_1'.
INFO: [HLS 200-1470] Pipelining result : Target II = 1, Final II = 3, Depth = 31.
INFO: [SCHED 204-11] Finished scheduling.
Command       schedule done; 0.91 sec.
INFO: [HLS 200-111]  Elapsed time: 8.11 seconds; current allocated memory: 117.068 MB.
Execute       syn_report -verbosereport -o /home/centos/ESE532_Projects/hw5/hw5_project/solution1/.autopilot/db/mmult.verbose.sched.rpt 
Execute         AP::get_flow_target_display_name
Execute           get_solution -flow_target 
Command       syn_report done; 0.38 sec.
Execute       db_write -o /home/centos/ESE532_Projects/hw5/hw5_project/solution1/.autopilot/db/mmult.sched.adb -f 
INFO-FLOW: Finish scheduling mmult.
Execute       set_default_model mmult 
Execute       bind -model mmult 
INFO: [BIND 205-100] Starting micro-architecture generation ...
INFO: [BIND 205-101] Performing variable lifetime analysis.
INFO: [BIND 205-101] Exploring resource sharing.
INFO: [BIND 205-101] Binding ...
INFO: [BIND 205-100] Finished micro-architecture generation.
Command       bind done; 0.3 sec.
INFO: [HLS 200-111]  Elapsed time: 0.71 seconds; current allocated memory: 122.812 MB.
Execute       syn_report -verbosereport -o /home/centos/ESE532_Projects/hw5/hw5_project/solution1/.autopilot/db/mmult.verbose.bind.rpt 
Execute         AP::get_flow_target_display_name
Execute           get_solution -flow_target 
Command       syn_report done; 0.65 sec.
Execute       db_write -o /home/centos/ESE532_Projects/hw5/hw5_project/solution1/.autopilot/db/mmult.bind.adb -f 
INFO-FLOW: Finish binding mmult.
Execute       get_model_list mmult -filter all-wo-channel 
INFO-FLOW: Preprocessing for RTLGen ...
Execute       rtl_gen_preprocess mmult 
INFO-FLOW: Model list for RTL generation: mmult
INFO: [HLS 200-10] ----------------------------------------------------------------
INFO: [HLS 200-10] -- Generating RTL for module 'mmult' 
INFO: [HLS 200-10] ----------------------------------------------------------------
Execute       get_config_rtl -module_prefix 
Execute       get_config_rtl -module_prefix 
Execute       get_config_rtl -module_auto_prefix 
Execute       create_rtl_model mmult -top_prefix  -sub_prefix mmult_ -mg_file /home/centos/ESE532_Projects/hw5/hw5_project/solution1/.autopilot/db/mmult.compgen.tcl 
WARNING: [RTGEN 206-101] Design contains AXI ports. Reset is fixed to synchronous and active low.
INFO: [RTGEN 206-500] Setting interface mode on port 'mmult/aximm1' to 'm_axi'.
INFO: [RTGEN 206-500] Setting interface mode on port 'mmult/aximm2' to 'm_axi'.
INFO: [RTGEN 206-500] Setting interface mode on port 'mmult/Input_1' to 's_axilite & ap_none'.
INFO: [RTGEN 206-500] Setting interface mode on port 'mmult/Input_2' to 's_axilite & ap_none'.
INFO: [RTGEN 206-500] Setting interface mode on port 'mmult/Output_r' to 's_axilite & ap_none'.
INFO: [RTGEN 206-500] Setting interface mode on function 'mmult' to 's_axilite & ap_ctrl_chain'.
INFO: [RTGEN 206-100] Bundling port 'Input_1', 'Input_2', 'Output_r' and 'return' to AXI-Lite port control.
INFO: [RTGEN 206-100] Generating core module 'fadd_32ns_32ns_32_4_full_dsp_1': 21 instance(s).
INFO: [RTGEN 206-100] Generating core module 'fmul_32ns_32ns_32_2_max_dsp_1': 22 instance(s).
INFO: [RTGEN 206-100] Generating core module 'mul_10ns_8ns_17_1_1': 13 instance(s).
INFO: [RTGEN 206-100] Generating core module 'mul_8ns_10ns_17_1_1': 2 instance(s).
INFO: [RTGEN 206-100] Generating core module 'mul_8ns_6ns_13_1_1': 1 instance(s).
INFO: [RTGEN 206-100] Generating core module 'urem_6ns_5ns_6_10_seq_1': 1 instance(s).
INFO: [RTGEN 206-100] Finished creating RTL model for 'mmult'.
Command       create_rtl_model done; 0.44 sec.
INFO: [HLS 200-111]  Elapsed time: 1.14 seconds; current allocated memory: 132.028 MB.
Execute       source /home/centos/ESE532_Projects/hw5/hw5_project/solution1/.autopilot/db/mmult.rtl_wrap.cfg.tcl 
Execute       gen_rtl mmult -istop -style xilinx -f -lang vhdl -o /home/centos/ESE532_Projects/hw5/hw5_project/solution1/syn/vhdl/mmult 
Command       gen_rtl done; 0.3 sec.
Execute       gen_rtl mmult -istop -style xilinx -f -lang vlog -o /home/centos/ESE532_Projects/hw5/hw5_project/solution1/syn/verilog/mmult 
Command       gen_rtl done; 0.15 sec.
Execute       syn_report -csynth -model mmult -o /home/centos/ESE532_Projects/hw5/hw5_project/solution1/syn/report/mmult_csynth.rpt 
Execute         AP::get_flow_target_display_name
Execute           get_solution -flow_target 
Command       syn_report done; 0.14 sec.
Execute       syn_report -rtlxml -model mmult -o /home/centos/ESE532_Projects/hw5/hw5_project/solution1/syn/report/mmult_csynth.xml 
Execute         get_solution -flow_target
Execute           get_solution -flow_target 
Command       syn_report done; 0.14 sec.
Execute       syn_report -verbosereport -model mmult -o /home/centos/ESE532_Projects/hw5/hw5_project/solution1/.autopilot/db/mmult.verbose.rpt 
Execute         AP::get_flow_target_display_name
Execute           get_solution -flow_target 
Command       syn_report done; 0.81 sec.
Execute       db_write -model mmult -f -o /home/centos/ESE532_Projects/hw5/hw5_project/solution1/.autopilot/db/mmult.adb 
Command       db_write done; 0.35 sec.
Execute       gen_tb_info mmult -p /home/centos/ESE532_Projects/hw5/hw5_project/solution1/.autopilot/db -o /home/centos/ESE532_Projects/hw5/hw5_project/solution1/.autopilot/db/mmult 
Execute       export_constraint_db -f -tool general -o /home/centos/ESE532_Projects/hw5/hw5_project/solution1/.autopilot/db/mmult.constraint.tcl 
Execute       syn_report -designview -model mmult -o /home/centos/ESE532_Projects/hw5/hw5_project/solution1/.autopilot/db/mmult.design.xml 
Command       syn_report done; 0.27 sec.
Execute       get_config_rtl -disable_wave_debug 
Execute       syn_report -wcfg -model mmult -o /home/centos/ESE532_Projects/hw5/hw5_project/solution1/.autopilot/db/mmult_dataflow_ana.wcfg 
Execute       syn_report -protoinst -model mmult -o /home/centos/ESE532_Projects/hw5/hw5_project/solution1/.autopilot/db/mmult.protoinst 
Execute       get_config_debug -directory 
Execute       sc_get_clocks mmult 
Execute       get_config_export -vivado_clock 
Execute       get_config_rtl -module_prefix 
Execute       get_config_rtl -module_prefix 
Execute       get_config_rtl -module_auto_prefix 
Execute       sc_get_portdomain mmult 
INFO-FLOW: Model list for RTL component generation: mmult
INFO-FLOW: Handling components in module [mmult] ... 
Execute       source /home/centos/ESE532_Projects/hw5/hw5_project/solution1/.autopilot/db/mmult.compgen.tcl 
INFO-FLOW: Found component mmult_fadd_32ns_32ns_32_4_full_dsp_1.
INFO-FLOW: Append model mmult_fadd_32ns_32ns_32_4_full_dsp_1
INFO-FLOW: Found component mmult_fmul_32ns_32ns_32_2_max_dsp_1.
INFO-FLOW: Append model mmult_fmul_32ns_32ns_32_2_max_dsp_1
INFO-FLOW: Found component mmult_mul_8ns_6ns_13_1_1.
INFO-FLOW: Append model mmult_mul_8ns_6ns_13_1_1
INFO-FLOW: Found component mmult_urem_6ns_5ns_6_10_seq_1.
INFO-FLOW: Append model mmult_urem_6ns_5ns_6_10_seq_1
INFO-FLOW: Found component mmult_mul_10ns_8ns_17_1_1.
INFO-FLOW: Append model mmult_mul_10ns_8ns_17_1_1
INFO-FLOW: Found component mmult_mul_8ns_10ns_17_1_1.
INFO-FLOW: Append model mmult_mul_8ns_10ns_17_1_1
INFO-FLOW: Found component mmult_Buffer_1.
INFO-FLOW: Append model mmult_Buffer_1
INFO-FLOW: Found component mmult_Buffer_2.
INFO-FLOW: Append model mmult_Buffer_2
INFO-FLOW: Found component mmult_control_s_axi.
INFO-FLOW: Append model mmult_control_s_axi
INFO-FLOW: Found component mmult_aximm1_m_axi.
INFO-FLOW: Append model mmult_aximm1_m_axi
INFO-FLOW: Found component mmult_aximm2_m_axi.
INFO-FLOW: Append model mmult_aximm2_m_axi
INFO-FLOW: Append model mmult
INFO-FLOW: Generating RTL model list ...
INFO-FLOW: All models in this session: mmult_fadd_32ns_32ns_32_4_full_dsp_1 mmult_fmul_32ns_32ns_32_2_max_dsp_1 mmult_mul_8ns_6ns_13_1_1 mmult_urem_6ns_5ns_6_10_seq_1 mmult_mul_10ns_8ns_17_1_1 mmult_mul_8ns_10ns_17_1_1 mmult_Buffer_1 mmult_Buffer_2 mmult_control_s_axi mmult_aximm1_m_axi mmult_aximm2_m_axi mmult
INFO-FLOW: To file: write model mmult_fadd_32ns_32ns_32_4_full_dsp_1
INFO-FLOW: To file: write model mmult_fmul_32ns_32ns_32_2_max_dsp_1
INFO-FLOW: To file: write model mmult_mul_8ns_6ns_13_1_1
INFO-FLOW: To file: write model mmult_urem_6ns_5ns_6_10_seq_1
INFO-FLOW: To file: write model mmult_mul_10ns_8ns_17_1_1
INFO-FLOW: To file: write model mmult_mul_8ns_10ns_17_1_1
INFO-FLOW: To file: write model mmult_Buffer_1
INFO-FLOW: To file: write model mmult_Buffer_2
INFO-FLOW: To file: write model mmult_control_s_axi
INFO-FLOW: To file: write model mmult_aximm1_m_axi
INFO-FLOW: To file: write model mmult_aximm2_m_axi
INFO-FLOW: To file: write model mmult
INFO-FLOW: Finished generating RTL model list.


INFO-FLOW: RTL Generation done.
INFO-FLOW: CAS Generation done.
INFO-FLOW: CBC Generation done.
Execute       get_top 
Execute       get_config_export -ipname 
Execute       get_config_export -xo 
Execute       get_config_export -format 
Execute       get_config_rtl -module_auto_prefix 
INFO-FLOW: DBG:CMD:   auto_impl: set ipname to top (module_auto_prefix): mmult
INFO-FLOW: DBG:CMD: auto_generate_csynth_design
INFO-FLOW: DBG:CMD:     auto_generate --sim-model -phase csynth_design -d /home/centos/ESE532_Projects/hw5/hw5_project/solution1
Execute       get_solution -flow_target 
Execute       source /home/centos/ESE532_Projects/hw5/hw5_project/solution1/.autopilot/db/global.setting.tcl 
INFO-FLOW: DBG:CMD: read_platform_lib /home/centos/ESE532_Projects/hw5/hw5_project/solution1/.autopilot/db/global.setting.tcl
Execute       source /opt/Xilinx/Vitis/2020.1/common/technology/generic/autopilot/common.gen 
Execute         source /opt/Xilinx/Vitis/2020.1/common/technology/generic/autopilot/APCoreGen.gen 
Execute       source /opt/Xilinx/Vitis/2020.1/common/technology/generic/autopilot/op.gen 
Execute       source /opt/Xilinx/Vitis/2020.1/common/technology/generic/autopilot/op_simcore.gen 
Execute       source /opt/Xilinx/Vitis/2020.1/common/technology/generic/autopilot/interface.gen 
Execute       source /home/centos/ESE532_Projects/hw5/hw5_project/solution1/.autopilot/db/global.setting.tcl 
Execute       source /opt/Xilinx/Vitis/2020.1/common/technology/xilinx/virtexuplus/virtexuplus.gen 
Execute         source /opt/Xilinx/Vitis/2020.1/common/technology/xilinx/common/xilinx.gen 
Execute           source /opt/Xilinx/Vitis/2020.1/common/technology/xilinx/interface/plb46.gen 
Execute           source /opt/Xilinx/Vitis/2020.1/common/technology/xilinx/interface/axi4.gen 
Execute           source /opt/Xilinx/Vitis/2020.1/common/technology/xilinx/interface/nativeAXI4.gen 
Execute             source /opt/Xilinx/Vitis/2020.1/common/technology/xilinx/interface/saxilite.gen 
Execute             source /opt/Xilinx/Vitis/2020.1/common/technology/xilinx/interface/maxi.gen 
Execute           source /opt/Xilinx/Vitis/2020.1/common/technology/xilinx/scripts/xilinxcoregen.gen 
Execute           source /opt/Xilinx/Vitis/2020.1/common/technology/xilinx/interface/XilEDKCoreGen.gen 
Execute           source /opt/Xilinx/Vitis/2020.1/common/technology/xilinx/ip/dds_compiler.gen 
Execute           source /opt/Xilinx/Vitis/2020.1/common/technology/xilinx/ip/util.gen 
Execute           source /opt/Xilinx/Vitis/2020.1/common/technology/xilinx/ip/xfft.gen 
Execute           source /opt/Xilinx/Vitis/2020.1/common/technology/xilinx/ip/xfir.gen 
Execute           source /opt/Xilinx/Vitis/2020.1/common/technology/xilinx/common/dsp48.gen 
Execute       source /opt/Xilinx/Vitis/2020.1/common/technology/xilinx/virtexuplus/virtexuplus_fpv7.gen 
Execute         source /opt/Xilinx/Vitis/2020.1/common/technology/xilinx/common/xilinx_fp.gen 
INFO-FLOW: DBG:CMD:   using AESL_AUTOCG::g_clock_period=8.000 (was NA)
INFO-FLOW: DBG:CMD:       generate_ip_cores sim=1 export=0 expOnly=0 dstVlogDir=syn/verilog
Execute       source /home/centos/ESE532_Projects/hw5/hw5_project/solution1/.autopilot/db/global.setting.tcl 
Execute       ap_part_info -name xcvu9p-flgb2104-2-i -data names -quiet 
Execute       ap_part_info -name xcvu9p-flgb2104-2-i -data info -quiet 
Execute       source /home/centos/ESE532_Projects/hw5/hw5_project/solution1/.autopilot/db/global.setting.tcl 
Execute       source /home/centos/ESE532_Projects/hw5/hw5_project/solution1/.autopilot/db/global.setting.tcl 
Execute       source /home/centos/ESE532_Projects/hw5/hw5_project/solution1/.autopilot/db/mmult.compgen.tcl 
Execute         ap_part_info -name xcvu9p-flgb2104-2-i -data names -quiet 
Execute         ap_part_info -name xcvu9p-flgb2104-2-i -data info -quiet 
Execute         ap_part_info -name xcvu9p-flgb2104-2-i -data names -quiet 
Execute         ap_part_info -name xcvu9p-flgb2104-2-i -data info -quiet 
Execute         ap_part_info -name xcvu9p-flgb2104-2-i -data names -quiet 
Execute         ap_part_info -name xcvu9p-flgb2104-2-i -data info -quiet 
Execute         ap_part_info -name xcvu9p-flgb2104-2-i -data names -quiet 
Execute         ap_part_info -name xcvu9p-flgb2104-2-i -data info -quiet 
INFO: [RTMG 210-282] Generating pipelined core: 'mmult_mul_8ns_6ns_13_1_1_Multiplier_0'
Execute         ap_part_info -name xcvu9p-flgb2104-2-i -data names -quiet 
Execute         ap_part_info -name xcvu9p-flgb2104-2-i -data info -quiet 
INFO: [RTMG 210-282] Generating pipelined core: 'mmult_urem_6ns_5ns_6_10_seq_1_div'
Execute         ap_part_info -name xcvu9p-flgb2104-2-i -data names -quiet 
Execute         ap_part_info -name xcvu9p-flgb2104-2-i -data info -quiet 
Execute         ap_part_info -name xcvu9p-flgb2104-2-i -data names -quiet 
Execute         ap_part_info -name xcvu9p-flgb2104-2-i -data info -quiet 
INFO: [RTMG 210-282] Generating pipelined core: 'mmult_mul_10ns_8ns_17_1_1_Multiplier_1'
Execute         ap_part_info -name xcvu9p-flgb2104-2-i -data names -quiet 
Execute         ap_part_info -name xcvu9p-flgb2104-2-i -data info -quiet 
Execute         ap_part_info -name xcvu9p-flgb2104-2-i -data names -quiet 
Execute         ap_part_info -name xcvu9p-flgb2104-2-i -data info -quiet 
INFO: [RTMG 210-282] Generating pipelined core: 'mmult_mul_8ns_10ns_17_1_1_Multiplier_2'
INFO: [RTMG 210-278] Implementing memory 'mmult_Buffer_1_ram (RAM)' using block RAMs.
Execute         ap_part_info -name xcvu9p-flgb2104-2-i -data names -quiet 
Execute         ap_part_info -name xcvu9p-flgb2104-2-i -data info -quiet 
INFO: [RTMG 210-278] Implementing memory 'mmult_Buffer_2_ram (RAM)' using block RAMs.
Execute         ap_part_info -name xcvu9p-flgb2104-2-i -data names -quiet 
Execute         ap_part_info -name xcvu9p-flgb2104-2-i -data info -quiet 
Execute         source ./control.slave.tcl 
Execute         is_m_axi_addr64 
Execute         ap_part_info -name xcvu9p-flgb2104-2-i -data names -quiet 
Execute         ap_part_info -name xcvu9p-flgb2104-2-i -data info -quiet 
Execute         ap_part_info -name xcvu9p-flgb2104-2-i -data names -quiet 
Execute         ap_part_info -name xcvu9p-flgb2104-2-i -data info -quiet 
Command       ap_source done; 0.2 sec.
Execute       get_solution -flow_target 
Execute       source /home/centos/ESE532_Projects/hw5/hw5_project/solution1/.autopilot/db/global.setting.tcl 
INFO-FLOW: DBG:CMD:       kernel.xml check internal_kernel_xml(1)=/home/centos/ESE532_Projects/hw5/hw5_project/solution1/.autopilot/db/kernel.internal.xml srclang=c top=mmult
INFO-FLOW: DBG:CMD:       kernel.xml check proj_kernel_xml    (1)=/home/centos/ESE532_Projects/hw5/hw5_project/solution1/.autopilot/db/../../../kernel.xml use_proj_kernel_xml=false
INFO-FLOW: DBG:CMD:       copy internal kernel.xml to project: /home/centos/ESE532_Projects/hw5/hw5_project/solution1/.autopilot/db/../../../kernel.xml
INFO-FLOW: DBG:CMD:       update_final_kernel_xml /home/centos/ESE532_Projects/hw5/hw5_project/solution1/.autopilot/db/../../../kernel.xml
Execute       get_config_debug -enable 
Execute       ap_part_info -name xcvu9p-flgb2104-2-i -data names -quiet 
Execute       ap_part_info -name xcvu9p-flgb2104-2-i -data info -quiet 
INFO-FLOW: DBG:CMD: Updating /home/centos/ESE532_Projects/hw5/hw5_project/solution1/.autopilot/db/../../../kernel.xml with values: interrupt true debug false compileOptions {} name mmult vlnv xilinx.com:hls:mmult:1.0
INFO-FLOW: DBG:CMD:     auto_generate -export -impltomg_flag -rtl both -tool Vivado -pcore_version 1.00.a -phase csynth_design -d /home/centos/ESE532_Projects/hw5/hw5_project/solution1
Execute       get_solution -flow_target 
Execute       source /home/centos/ESE532_Projects/hw5/hw5_project/solution1/.autopilot/db/global.setting.tcl 
INFO-FLOW: DBG:CMD: read_platform_lib /home/centos/ESE532_Projects/hw5/hw5_project/solution1/.autopilot/db/global.setting.tcl
Execute       source /opt/Xilinx/Vitis/2020.1/common/technology/generic/autopilot/common.gen 
Execute         source /opt/Xilinx/Vitis/2020.1/common/technology/generic/autopilot/APCoreGen.gen 
Execute       source /opt/Xilinx/Vitis/2020.1/common/technology/generic/autopilot/op.gen 
Execute       source /opt/Xilinx/Vitis/2020.1/common/technology/generic/autopilot/op_simcore.gen 
Execute       source /opt/Xilinx/Vitis/2020.1/common/technology/generic/autopilot/interface.gen 
Execute       source /home/centos/ESE532_Projects/hw5/hw5_project/solution1/.autopilot/db/global.setting.tcl 
Execute       source /opt/Xilinx/Vitis/2020.1/common/technology/xilinx/virtexuplus/virtexuplus.gen 
Execute         source /opt/Xilinx/Vitis/2020.1/common/technology/xilinx/common/xilinx.gen 
Execute           source /opt/Xilinx/Vitis/2020.1/common/technology/xilinx/interface/plb46.gen 
Execute           source /opt/Xilinx/Vitis/2020.1/common/technology/xilinx/interface/axi4.gen 
Execute           source /opt/Xilinx/Vitis/2020.1/common/technology/xilinx/interface/nativeAXI4.gen 
Execute             source /opt/Xilinx/Vitis/2020.1/common/technology/xilinx/interface/saxilite.gen 
Execute             source /opt/Xilinx/Vitis/2020.1/common/technology/xilinx/interface/maxi.gen 
Execute           source /opt/Xilinx/Vitis/2020.1/common/technology/xilinx/scripts/xilinxcoregen.gen 
Execute           source /opt/Xilinx/Vitis/2020.1/common/technology/xilinx/interface/XilEDKCoreGen.gen 
Execute           source /opt/Xilinx/Vitis/2020.1/common/technology/xilinx/ip/dds_compiler.gen 
Execute           source /opt/Xilinx/Vitis/2020.1/common/technology/xilinx/ip/util.gen 
Execute           source /opt/Xilinx/Vitis/2020.1/common/technology/xilinx/ip/xfft.gen 
Execute           source /opt/Xilinx/Vitis/2020.1/common/technology/xilinx/ip/xfir.gen 
Execute           source /opt/Xilinx/Vitis/2020.1/common/technology/xilinx/common/dsp48.gen 
Execute       source /opt/Xilinx/Vitis/2020.1/common/technology/xilinx/virtexuplus/virtexuplus_fpv7.gen 
Execute         source /opt/Xilinx/Vitis/2020.1/common/technology/xilinx/common/xilinx_fp.gen 
INFO-FLOW: DBG:CMD:       initCTypeInfo top_module=mmult xml_exists=0
Execute       source /home/centos/ESE532_Projects/hw5/hw5_project/solution1/.autopilot/db/mmult.rtl_wrap.cfg.tcl 
Execute       source /home/centos/ESE532_Projects/hw5/hw5_project/solution1/.autopilot/db/mmult.rtl_wrap.cfg.tcl 
Execute       source /home/centos/ESE532_Projects/hw5/hw5_project/solution1/.autopilot/db/mmult.rtl_wrap.cfg.tcl 
Execute       source /home/centos/ESE532_Projects/hw5/hw5_project/solution1/.autopilot/db/mmult.tbgen.tcl 
Execute       source /home/centos/ESE532_Projects/hw5/hw5_project/solution1/.autopilot/db/mmult.tbgen.tcl 
INFO-FLOW: DBG:CMD:       export_impl_rtl
INFO-FLOW: DBG:CMD:       generate_ip_cores sim=0 export=0 expOnly=0 dstVlogDir=impl/.verilog
Execute       source /home/centos/ESE532_Projects/hw5/hw5_project/solution1/.autopilot/db/global.setting.tcl 
Execute       source /home/centos/ESE532_Projects/hw5/hw5_project/solution1/.autopilot/db/mmult.compgen.tcl 
Execute         ap_part_info -name xcvu9p-flgb2104-2-i -data names -quiet 
Execute         ap_part_info -name xcvu9p-flgb2104-2-i -data info -quiet 
Execute         ap_part_info -name xcvu9p-flgb2104-2-i -data names -quiet 
Execute         ap_part_info -name xcvu9p-flgb2104-2-i -data info -quiet 
INFO-FLOW: DBG:CMD:       generate_ip_cores sim=0 export=1 expOnly=1 dstVlogDir=impl/.pcores/verilog
Execute       source /home/centos/ESE532_Projects/hw5/hw5_project/solution1/.autopilot/db/global.setting.tcl 
Execute       source /home/centos/ESE532_Projects/hw5/hw5_project/solution1/.autopilot/db/mmult.compgen.tcl 
Execute         ap_part_info -name xcvu9p-flgb2104-2-i -data names -quiet 
Execute         ap_part_info -name xcvu9p-flgb2104-2-i -data info -quiet 
Execute         ap_part_info -name xcvu9p-flgb2104-2-i -data names -quiet 
Execute         ap_part_info -name xcvu9p-flgb2104-2-i -data info -quiet 
Execute         ap_part_info -name xcvu9p-flgb2104-2-i -data names -quiet 
Execute         ap_part_info -name xcvu9p-flgb2104-2-i -data info -quiet 
Execute         ap_part_info -name xcvu9p-flgb2104-2-i -data names -quiet 
Execute         ap_part_info -name xcvu9p-flgb2104-2-i -data info -quiet 
Execute         ap_part_info -name xcvu9p-flgb2104-2-i -data names -quiet 
Execute         ap_part_info -name xcvu9p-flgb2104-2-i -data info -quiet 
Execute         ap_part_info -name xcvu9p-flgb2104-2-i -data names -quiet 
Execute         ap_part_info -name xcvu9p-flgb2104-2-i -data info -quiet 
Execute       ap_part_info -name xcvu9p-flgb2104-2-i -data names -quiet 
Execute       ap_part_info -name xcvu9p-flgb2104-2-i -data info -quiet 
INFO-FLOW: DBG:CMD:       generate_ip_cores sim=0 export=0 expOnly=0 dstVlogDir=impl/.pcores/verilog_sim
Execute       source /home/centos/ESE532_Projects/hw5/hw5_project/solution1/.autopilot/db/global.setting.tcl 
Execute       source /home/centos/ESE532_Projects/hw5/hw5_project/solution1/.autopilot/db/mmult.compgen.tcl 
Execute       ap_part_info -name xcvu9p-flgb2104-2-i -data names -quiet 
Execute       ap_part_info -name xcvu9p-flgb2104-2-i -data info -quiet 
Execute       ap_part_info -name xcvu9p-flgb2104-2-i -data names -quiet 
Execute       ap_part_info -name xcvu9p-flgb2104-2-i -data info -quiet 
Execute       source /home/centos/ESE532_Projects/hw5/hw5_project/solution1/.autopilot/db/global.setting.tcl 
Execute       ap_part_info -name xcvu9p-flgb2104-2-i -data names -quiet 
Execute       ap_part_info -name xcvu9p-flgb2104-2-i -data info -quiet 
Execute       source /home/centos/ESE532_Projects/hw5/hw5_project/solution1/.autopilot/db/mmult.constraint.tcl 
Execute       source /home/centos/ESE532_Projects/hw5/hw5_project/solution1/.autopilot/db/mmult.tbgen.tcl 
INFO-FLOW: DBG:CMD:       hasPcoreIpAdapter=false #gSsdmPorts=0
Execute       get_solution -flow_target 
Execute       source /home/centos/ESE532_Projects/hw5/hw5_project/solution1/.autopilot/db/global.setting.tcl 
INFO-FLOW: DBG:CMD:       kernel.xml check internal_kernel_xml(1)=/home/centos/ESE532_Projects/hw5/hw5_project/solution1/.autopilot/db/kernel.internal.xml srclang=c top=mmult
INFO-FLOW: DBG:CMD:       kernel.xml check proj_kernel_xml    (1)=/home/centos/ESE532_Projects/hw5/hw5_project/solution1/.autopilot/db/../../../kernel.xml use_proj_kernel_xml=false
INFO-FLOW: DBG:CMD:       copy internal kernel.xml to project: /home/centos/ESE532_Projects/hw5/hw5_project/solution1/.autopilot/db/../../../kernel.xml
INFO-FLOW: DBG:CMD:       update_final_kernel_xml /home/centos/ESE532_Projects/hw5/hw5_project/solution1/.autopilot/db/../../../kernel.xml
Execute       get_config_debug -enable 
Execute       ap_part_info -name xcvu9p-flgb2104-2-i -data names -quiet 
Execute       ap_part_info -name xcvu9p-flgb2104-2-i -data info -quiet 
INFO-FLOW: DBG:CMD: Updating /home/centos/ESE532_Projects/hw5/hw5_project/solution1/.autopilot/db/../../../kernel.xml with values: interrupt true debug false compileOptions {} name mmult vlnv xilinx.com:hls:mmult:1.0
INFO-FLOW: DBG:CMD: Skipping loadAnalyze_DB, #g_database=5
INFO-FLOW: DBG:CMD:       generate_json is_phase_csynth=1 g_has_adaptors=false generate_bd_files=0 #modelList=12 #gSsdmPorts=0
Execute       source /opt/Xilinx/Vitis/2020.1/tps/tcl/tcllib1.11.1/fileutil/fileutil.tcl 
Execute       source /home/centos/ESE532_Projects/hw5/hw5_project/solution1/.autopilot/db/global.setting.tcl 
Execute       source /home/centos/ESE532_Projects/hw5/hw5_project/solution1/.autopilot/db/global.setting.tcl 
Execute       source /home/centos/ESE532_Projects/hw5/hw5_project/solution1/.autopilot/db/top-io-be.tcl 
Execute       source /home/centos/ESE532_Projects/hw5/hw5_project/solution1/.autopilot/db/mmult.tbgen.tcl 
Execute       source /home/centos/ESE532_Projects/hw5/hw5_project/solution1/.autopilot/db/mmult.compgen.dataonly.tcl 
Execute       source /home/centos/ESE532_Projects/hw5/hw5_project/solution1/.autopilot/db/mmult.compgen.dataonly.tcl 
Execute       source /home/centos/ESE532_Projects/hw5/hw5_project/solution1/.autopilot/db/mmult.tbgen.tcl 
Execute       source /home/centos/ESE532_Projects/hw5/hw5_project/solution1/.autopilot/db/mmult.tbgen.tcl 
Execute       source /home/centos/ESE532_Projects/hw5/hw5_project/solution1/.autopilot/db/mmult.rtl_wrap.cfg.tcl 
Execute       source /home/centos/ESE532_Projects/hw5/hw5_project/solution1/.autopilot/db/mmult.compgen.dataonly.tcl 
Execute       get_config_export -format 
Execute       ap_part_info -name xcvu9p-flgb2104-2-i -data names -quiet 
Execute       ap_part_info -name xcvu9p-flgb2104-2-i -data info -quiet 
Execute       source /home/centos/ESE532_Projects/hw5/hw5_project/solution1/.autopilot/db/mmult.tbgen.tcl 
Execute       source /home/centos/ESE532_Projects/hw5/hw5_project/solution1/.autopilot/db/global.setting.tcl 
Execute       ap_part_info -name xcvu9p-flgb2104-2-i -data names -quiet 
Execute       ap_part_info -name xcvu9p-flgb2104-2-i -data info -quiet 
Execute       get_solution -flow_target 
Execute       get_config_rtl -kernel_profile 
Execute       get_config_rtl -kernel_profile 
Execute       get_config_rtl -stall_sig_gen 
Execute       get_config_rtl -profile 
Execute       source /home/centos/ESE532_Projects/hw5/hw5_project/solution1/.autopilot/db/mmult.constraint.tcl 
Execute       sc_get_clocks mmult 
Execute       source /home/centos/ESE532_Projects/hw5/hw5_project/solution1/.autopilot/db/global.setting.tcl 
Execute       get_config_debug -directory 
Execute       source /home/centos/ESE532_Projects/hw5/hw5_project/solution1/impl/misc/mmult_ap_fadd_2_full_dsp_32_ip.tcl 
Execute       source /home/centos/ESE532_Projects/hw5/hw5_project/solution1/impl/misc/mmult_ap_fmul_0_max_dsp_32_ip.tcl 
INFO-FLOW: DBG:CMD:       delete-temp-dirs (skipped for debug)
INFO: [HLS 200-111] Finished generating all RTL models Time (s): cpu = 00:00:12 ; elapsed = 00:00:13 . Memory (MB): peak = 1769.207 ; gain = 1245.773 ; free physical = 57596 ; free virtual = 79971
INFO: [VHDL 208-304] Generating VHDL RTL for mmult.
INFO: [VLOG 209-307] Generating Verilog RTL for mmult.
Execute       syn_report -model mmult -printsummary 
INFO: [HLS 200-790] **** Loop Constraint Status: All loop constraints were NOT satisfied.
INFO: [HLS 200-789] **** Estimated Fmax: 171.23 MHz
Command     autosyn done; 6.06 sec.
Command   csynth_design done; 11.62 sec.
Command ap_source done; 13.08 sec.
Execute cleanup_all 
