XRT Build Version: 2.6.0 (2020.1)
       Build Date: 2020-07-09 15:20:59
          Hash ID: 12115fd4054cb46a5ade62fafa74c523f59116e6
Creating a default 'in-memory' xclbin image.

Section: 'BITSTREAM'(0) was successfully added.
Size   : 188760 bytes
Format : RAW
File   : '/home/centos/ESE532_Projects/hw5/_x/link/int/mmult.so'
WARNING: Skipping CLOCK_FREQ_TOPOLOGY section for count size is zero.
WARNING: Section 'CLOCK_FREQ_TOPOLOGY' content is empty.  No data in the given JSON file.

Section: 'CLOCK_FREQ_TOPOLOGY'(11) was empty.  No action taken.
Format : JSON
File   : '/home/centos/ESE532_Projects/hw5/_x/link/int/mmult_xml.rtd'

Section: 'BUILD_METADATA'(14) was successfully added.
Size   : 1987 bytes
Format : JSON
File   : '/home/centos/ESE532_Projects/hw5/_x/link/int/mmult_build.rtd'

Section: 'EMBEDDED_METADATA'(2) was successfully added.
Size   : 2398 bytes
Format : RAW
File   : '/home/centos/ESE532_Projects/hw5/_x/link/int/mmult.xml'

Section: 'DEBUG_DATA'(4) was successfully added.
Size   : 0 bytes
Format : RAW
File   : '/dev/null'
Successfully wrote (197007 bytes) to the output file: /home/centos/ESE532_Projects/hw5/mmult.xclbin
Leaving xclbinutil.
