#
# A fatal error has been detected by the Java Runtime Environment:
#
#  SIGSEGV (0xb) at pc=0x00007fe3c0acfc4d, pid=8866, tid=8867
#
# JRE version: Java(TM) SE Runtime Environment (9.0+11) (build 9.0.4+11)
# Java VM: Java HotSpot(TM) 64-Bit Server VM (9.0.4+11, mixed mode, tiered, compressed oops, g1 gc, linux-amd64)
# Problematic frame:
# C  [libc.so.6+0x39c4d]  __run_exit_handlers+0x3d
#
# No core dump will be written. Core dumps have been disabled. To enable core dumping, try "ulimit -c unlimited" before starting Java again
#
# If you would like to submit a bug report, please visit:
#   http://bugreport.java.com/bugreport/crash.jsp
# The crash happened outside the Java Virtual Machine in native code.
# See problematic frame for where to report the bug.
#

---------------  S U M M A R Y ------------

Command Line: -Xms512m -Xmx4096m -XX:+HeapDumpOnOutOfMemoryError --add-modules=ALL-SYSTEM /opt/Xilinx/Vitis/2020.1/lnx64/tools/eclipse/plugins/org.eclipse.equinox.launcher_1.4.0.v20161219-1356.jar -showlocation -vm /opt/Xilinx/Vitis/2020.1/tps/lnx64/jre9.0.4/bin/java -clean -configuration /home/centos/.Xilinx/vitis_hls/2020.1/.autopilotConfiguration0 -data /home/centos/.Xilinx/vitis_hls/2020.1/.autopilot_workspace0 -perspective com.autoesl.autopilot.ui.platform.perspective -application com.autoesl.autopilot.ui.platform.application -showsplash /opt/Xilinx/Vitis/2020.1/common/icons/splash_dark.bmp

Host: Intel(R) Xeon(R) Platinum 8151 CPU @ 3.40GHz, 8 cores, 61G, CentOS Linux release 7.7.1908 (Core)
Time: Thu Oct 15 17:55:40 2020 UTC elapsed time: 4886 seconds (0d 1h 21m 26s)

---------------  T H R E A D  ---------------

Current thread (0x00007fe3b8011000):  JavaThread "main" [_thread_in_native, id=8867, stack(0x00007fe3c17ad000,0x00007fe3c18ac000)]

Stack: [0x00007fe3c17ad000,0x00007fe3c18ac000],  sp=0x00007fe3c18a6070,  free space=996k
Native frames: (J=compiled Java code, A=aot compiled Java code, j=interpreted, Vv=VM code, C=native code)
C  [libc.so.6+0x39c4d]  __run_exit_handlers+0x3d

Java frames: (J=compiled Java code, j=interpreted, Vv=VM code)
J 9461  org.eclipse.swt.internal.gtk.OS._gdk_window_get_origin(J[I[I)I (0 bytes) @ 0x00007fe3a9aea0c9 [0x00007fe3a9aea060+0x0000000000000069]
J 25845 c2 org.eclipse.swt.widgets.Control.getWindowOrigin()Lorg/eclipse/swt/graphics/Point; (34 bytes) @ 0x00007fe3aab231b0 [0x00007fe3aab22f40+0x0000000000000270]
J 22435 c2 org.eclipse.swt.widgets.Control.drawBackground(Lorg/eclipse/swt/widgets/Control;JJJIIII)V (413 bytes) @ 0x00007fe3aa6236cc [0x00007fe3aa6229a0+0x0000000000000d2c]
J 9304 c2 org.eclipse.swt.widgets.Control.windowProc(JJJ)J (355 bytes) @ 0x00007fe3a9ac0e8c [0x00007fe3a9ac05e0+0x00000000000008ac]
J 16183 c2 org.eclipse.swt.widgets.Display.windowProc(JJJ)J (24 bytes) @ 0x00007fe3aa01d104 [0x00007fe3aa01d0a0+0x0000000000000064]
v  ~StubRoutines::call_stub
J 8502  org.eclipse.swt.internal.gtk.OS._gtk_main_do_event(J)V (0 bytes) @ 0x00007fe3a974b221 [0x00007fe3a974b1e0+0x0000000000000041]
J 21806 c2 org.eclipse.swt.widgets.Display.eventProc(JJ)J (173 bytes) @ 0x00007fe3aa4e11d4 [0x00007fe3aa4e0d80+0x0000000000000454]
v  ~StubRoutines::call_stub
J 6423  org.eclipse.swt.internal.gtk.OS._g_main_context_iteration(JZ)Z (0 bytes) @ 0x00007fe3a98d2324 [0x00007fe3a98d22e0+0x0000000000000044]
J 23055 c2 org.eclipse.swt.widgets.Display.readAndDispatch()Z (71 bytes) @ 0x00007fe3aa7136d4 [0x00007fe3aa713420+0x00000000000002b4]
J 20495% c2 org.eclipse.e4.ui.internal.workbench.swt.PartRenderingEngine$5.run()V (703 bytes) @ 0x00007fe3a94a88c8 [0x00007fe3a94a86a0+0x0000000000000228]
j  org.eclipse.core.databinding.observable.Realm.runWithDefault(Lorg/eclipse/core/databinding/observable/Realm;Ljava/lang/Runnable;)V+12
j  org.eclipse.e4.ui.internal.workbench.swt.PartRenderingEngine.run(Lorg/eclipse/e4/ui/model/application/MApplicationElement;Lorg/eclipse/e4/core/contexts/IEclipseContext;)Ljava/lang/Object;+57
j  org.eclipse.e4.ui.internal.workbench.E4Workbench.createAndRunUI(Lorg/eclipse/e4/ui/model/application/MApplicationElement;)V+20
j  org.eclipse.ui.internal.Workbench.lambda$3(Lorg/eclipse/swt/widgets/Display;Lorg/eclipse/ui/application/WorkbenchAdvisor;[I)V+451
j  org.eclipse.ui.internal.Workbench$$Lambda$88.run()V+12
j  org.eclipse.core.databinding.observable.Realm.runWithDefault(Lorg/eclipse/core/databinding/observable/Realm;Ljava/lang/Runnable;)V+12
j  org.eclipse.ui.internal.Workbench.createAndRunWorkbench(Lorg/eclipse/swt/widgets/Display;Lorg/eclipse/ui/application/WorkbenchAdvisor;)I+16
j  org.eclipse.ui.PlatformUI.createAndRunWorkbench(Lorg/eclipse/swt/widgets/Display;Lorg/eclipse/ui/application/WorkbenchAdvisor;)I+2
j  com.autoesl.autopilot.ui.platform.Application.start(Lorg/eclipse/equinox/app/IApplicationContext;)Ljava/lang/Object;+122
j  org.eclipse.equinox.internal.app.EclipseAppHandle.run(Ljava/lang/Object;)Ljava/lang/Object;+135
j  org.eclipse.core.runtime.internal.adaptor.EclipseAppLauncher.runApplication(Ljava/lang/Object;)Ljava/lang/Object;+85
j  org.eclipse.core.runtime.internal.adaptor.EclipseAppLauncher.start(Ljava/lang/Object;)Ljava/lang/Object;+82
j  org.eclipse.core.runtime.adaptor.EclipseStarter.run(Ljava/lang/Object;)Ljava/lang/Object;+105
j  org.eclipse.core.runtime.adaptor.EclipseStarter.run([Ljava/lang/String;Ljava/lang/Runnable;)Ljava/lang/Object;+132
v  ~StubRoutines::call_stub
j  jdk.internal.reflect.NativeMethodAccessorImpl.invoke0(Ljava/lang/reflect/Method;Ljava/lang/Object;[Ljava/lang/Object;)Ljava/lang/Object;+0 java.base@9.0.4
j  jdk.internal.reflect.NativeMethodAccessorImpl.invoke(Ljava/lang/Object;[Ljava/lang/Object;)Ljava/lang/Object;+100 java.base@9.0.4
j  jdk.internal.reflect.DelegatingMethodAccessorImpl.invoke(Ljava/lang/Object;[Ljava/lang/Object;)Ljava/lang/Object;+6 java.base@9.0.4
j  java.lang.reflect.Method.invoke(Ljava/lang/Object;[Ljava/lang/Object;)Ljava/lang/Object;+59 java.base@9.0.4
j  org.eclipse.equinox.launcher.Main.invokeFramework([Ljava/lang/String;[Ljava/net/URL;)V+205
j  org.eclipse.equinox.launcher.Main.basicRun([Ljava/lang/String;)V+160
j  org.eclipse.equinox.launcher.Main.run([Ljava/lang/String;)I+4
j  org.eclipse.equinox.launcher.Main.main([Ljava/lang/String;)V+10
v  ~StubRoutines::call_stub

siginfo: si_signo: 11 (SIGSEGV), si_code: 128 (SI_KERNEL), si_addr: 0x0000000000000000

Register to memory mapping:

RAX=0x00007fe2bf89817f is an unknown value
RBX=0x0000000000000001 is an unknown value
RCX=0x00107c3aae068960 is an unknown value
RDX=0x000ffc57f1303000 is an unknown value
RSP=0x00007fe3c18a6070 is pointing into the stack for thread: 0x00007fe3b8011000
RBP=0x00007fe3c0e5d6c8: <offset 0x00000000003c76c8> in /lib64/libc.so.6 at 0x00007fe3c0a96000
RSI=0x0000000000000000 is an unknown value
RDI=0x00007fe2bc000020 is an unknown value
R8 =0x0000000000000001 is an unknown value
R9 =0x00007fe2bdb897d0 is an unknown value
R10=0x00007fe3c18a5420 is pointing into the stack for thread: 0x00007fe3b8011000
R11=0x00007fe29470bad0: _ZNSt8_Rb_treeINSt7__cxx1112basic_stringIcSt11char_traitsIcESaIcEEESt4pairIKS5_12HDARFamilyIdESt10_Select1stIS9_ESt4lessIS5_ESaIS9_EE8_M_eraseEPSt13_Rb_tree_nodeIS9_E+0x0000000000000000 in /opt/Xilinx/Vitis/2020.1/lib/lnx64.o/librdi_device.so at 0x00007fe292d2d000
R12=0x0000000000000001 is an unknown value
R13=0x00007fe2bcd65970 is an unknown value
R14=0x00007fe3b8528e50 is an unknown value
R15=0x00007fe3c18a60d0 is pointing into the stack for thread: 0x00007fe3b8011000


Registers:
RAX=0x00007fe2bf89817f, RBX=0x0000000000000001, RCX=0x00107c3aae068960, RDX=0x000ffc57f1303000
RSP=0x00007fe3c18a6070, RBP=0x00007fe3c0e5d6c8, RSI=0x0000000000000000, RDI=0x00007fe2bc000020
R8 =0x0000000000000001, R9 =0x00007fe2bdb897d0, R10=0x00007fe3c18a5420, R11=0x00007fe29470bad0
R12=0x0000000000000001, R13=0x00007fe2bcd65970, R14=0x00007fe3b8528e50, R15=0x00007fe3c18a60d0
RIP=0x00007fe3c0acfc4d, EFLAGS=0x0000000000010212, CSGSFS=0x0000000000000033, ERR=0x0000000000000000
  TRAPNO=0x000000000000000d

Top of Stack: (sp=0x00007fe3c18a6070)
0x00007fe3c18a6070:   cafebabecafebabe 00007fe3b8527c00
0x00007fe3c18a6080:   00007fe22560fb10 00007fe22560fb10
0x00007fe3c18a6090:   0000000000000000 00007fe3c0acfd37
0x00007fe3c18a60a0:   0000000000000000 00007fe30a6792c8 

Instructions: (pc=0x00007fe3c0acfc4d)
0x00007fe3c0acfc2d:   44 00 00 49 8b 45 08 48 89 c2 48 c1 e2 05 48 85
0x00007fe3c0acfc3d:   c0 49 8d 4c 15 f0 74 2a 48 83 e8 01 49 89 45 08
0x00007fe3c0acfc4d:   4c 8b 01 49 83 f8 03 0f 84 96 00 00 00 49 83 f8
0x00007fe3c0acfc5d:   04 74 70 49 83 f8 02 74 4a 48 83 e9 20 48 85 c0 


---------------  P R O C E S S  ---------------

Java Threads: ( => current thread )
  0x00007fe32c003000 JavaThread "SIGTERM handler" daemon [_thread_blocked, id=20112, stack(0x00007fe26fafd000,0x00007fe26fbfe000)]
  0x00007fe2b402b800 JavaThread "XToolkt-Shutdown-Thread" [_thread_in_native, id=20111, stack(0x00007fe26fbfe000,0x00007fe26fcff000)]
  0x00007fe32c002000 JavaThread "SIGTERM handler" daemon [_thread_blocked, id=20101, stack(0x00007fe2c37fe000,0x00007fe2c38ff000)]
  0x00007fe32c001000 JavaThread "SIGHUP handler" daemon [_thread_blocked, id=20100, stack(0x00007fe28d67b000,0x00007fe28d77c000)]
  0x00007fe2d401e800 JavaThread "Worker-26" [_thread_blocked, id=19851, stack(0x00007fe300ac2000,0x00007fe300bc3000)]
  0x00007fe22e228000 JavaThread "org.eclipse.cdt.internal.ui.text.CReconciler" daemon [_thread_blocked, id=19850, stack(0x00007fe301ac8000,0x00007fe301bc9000)]
  0x00007fe278019800 JavaThread "Worker-25" [_thread_blocked, id=19844, stack(0x00007fe3000ba000,0x00007fe3001bb000)]
  0x00007fe240e45800 JavaThread "org.eclipse.cdt.internal.ui.text.CReconciler" daemon [_thread_blocked, id=10146, stack(0x00007fe28d77c000,0x00007fe28d87d000)]
  0x00007fe231e5f000 JavaThread "Timer-1" [_thread_blocked, id=10030, stack(0x00007fe25406b000,0x00007fe25416c000)]
  0x00007fe2389af000 JavaThread "org.eclipse.cdt.internal.ui.text.CReconciler" daemon [_thread_blocked, id=9805, stack(0x00007fe26c115000,0x00007fe26c216000)]
  0x00007fe265375800 JavaThread "JGit-WorkQueue" daemon [_thread_blocked, id=9379, stack(0x00007fe2c38ff000,0x00007fe2c3a00000)]
  0x00007fe260149800 JavaThread "DLTK indexing" daemon [_thread_blocked, id=8977, stack(0x00007fe26c518000,0x00007fe26c619000)]
  0x00007fe2600fa800 JavaThread "AWT-XAWT" daemon [_thread_blocked, id=8976, stack(0x00007fe26ca19000,0x00007fe26cb1a000)]
  0x00007fe2600f9000 JavaThread "Java2D Disposer" daemon [_thread_blocked, id=8975, stack(0x00007fe26cb1a000,0x00007fe26cc1b000)]
  0x00007fe3ba137000 JavaThread "EventAdmin Async Event Dispatcher Thread" daemon [_thread_blocked, id=8953, stack(0x00007fe28c43f000,0x00007fe28c540000)]
  0x00007fe3ba919000 JavaThread "Thread-2" [_thread_blocked, id=8950, stack(0x00007fe28c540000,0x00007fe28c641000)]
  0x00007fe3ba5c8800 JavaThread "Java indexing" daemon [_thread_blocked, id=8948, stack(0x00007fe28cf42000,0x00007fe28d043000)]
  0x00007fe3b8cee000 JavaThread "EMF Reference Cleaner" daemon [_thread_blocked, id=8914, stack(0x00007fe3001bb000,0x00007fe3002bc000)]
  0x00007fe2f022e000 JavaThread "Worker-JM" [_thread_blocked, id=8913, stack(0x00007fe3004bc000,0x00007fe3005bd000)]
  0x00007fe2f00ed000 JavaThread "SCR Component Actor" daemon [_thread_blocked, id=8912, stack(0x00007fe3009bd000,0x00007fe300abe000)]
  0x00007fe3b89ed800 JavaThread "Bundle File Closer" daemon [_thread_blocked, id=8906, stack(0x00007fe3011c3000,0x00007fe3012c4000)]
  0x00007fe3b89a1000 JavaThread "Refresh Thread: Equinox Container: 33a08d98-3291-4b9b-8683-ebe3b525f812" daemon [_thread_blocked, id=8905, stack(0x00007fe3016c4000,0x00007fe3017c5000)]
  0x00007fe3b899f000 JavaThread "Start Level: Equinox Container: 33a08d98-3291-4b9b-8683-ebe3b525f812" daemon [_thread_blocked, id=8904, stack(0x00007fe3017c5000,0x00007fe3018c6000)]
  0x00007fe3b899d800 JavaThread "Framework Event Dispatcher: org.eclipse.osgi.internal.framework.EquinoxEventPublisher@1d296da" daemon [_thread_blocked, id=8903, stack(0x00007fe3018c6000,0x00007fe3019c7000)]
  0x00007fe3b8970000 JavaThread "Active Thread: Equinox Container: 33a08d98-3291-4b9b-8683-ebe3b525f812" [_thread_blocked, id=8902, stack(0x00007fe3019c7000,0x00007fe301ac8000)]
  0x00007fe3b844a800 JavaThread "Service Thread" daemon [_thread_blocked, id=8898, stack(0x00007fe34814f000,0x00007fe348250000)]
  0x00007fe3b836f800 JavaThread "Common-Cleaner" daemon [_thread_blocked, id=8897, stack(0x00007fe348250000,0x00007fe348351000)]
  0x00007fe3b8313000 JavaThread "Sweeper thread" daemon [_thread_blocked, id=8896, stack(0x00007fe348779000,0x00007fe34887a000)]
  0x00007fe3b8311000 JavaThread "C1 CompilerThread3" daemon [_thread_blocked, id=8895, stack(0x00007fe34887a000,0x00007fe34897b000)]
  0x00007fe3b830f000 JavaThread "C2 CompilerThread2" daemon [_thread_blocked, id=8894, stack(0x00007fe34897b000,0x00007fe348a7c000)]
  0x00007fe3b830c800 JavaThread "C2 CompilerThread1" daemon [_thread_blocked, id=8893, stack(0x00007fe348a7c000,0x00007fe348b7d000)]
  0x00007fe3b830a800 JavaThread "C2 CompilerThread0" daemon [_thread_blocked, id=8892, stack(0x00007fe348b7d000,0x00007fe348c7e000)]
  0x00007fe3b8308800 JavaThread "Signal Dispatcher" daemon [_thread_blocked, id=8891, stack(0x00007fe348c7e000,0x00007fe348d7f000)]
  0x00007fe3b82ef800 JavaThread "Finalizer" daemon [_thread_blocked, id=8890, stack(0x00007fe348d7f000,0x00007fe348e80000)]
  0x00007fe3b82eb800 JavaThread "Reference Handler" daemon [_thread_blocked, id=8889, stack(0x00007fe348e80000,0x00007fe348f81000)]
=>0x00007fe3b8011000 JavaThread "main" [_thread_in_native, id=8867, stack(0x00007fe3c17ad000,0x00007fe3c18ac000)]

Other Threads:
  0x00007fe3b82e1800 VMThread "VM Thread" [stack: 0x00007fe348f83000,0x00007fe349083000] [id=8888]
  0x00007fe3b844f000 WatcherThread [stack: 0x00007fe34804f000,0x00007fe34814f000] [id=8899]
  0x00007fe3b8029000 GCTaskThread "GC Thread#0" [stack: 0x00007fe3be4b0000,0x00007fe3be5b0000] [id=8868]
  0x00007fe3b802a800 GCTaskThread "GC Thread#1" [stack: 0x00007fe3be3ae000,0x00007fe3be4ae000] [id=8869]
  0x00007fe3b802c000 GCTaskThread "GC Thread#2" [stack: 0x00007fe3be2ac000,0x00007fe3be3ac000] [id=8870]
  0x00007fe3b802e000 GCTaskThread "GC Thread#3" [stack: 0x00007fe3be1aa000,0x00007fe3be2aa000] [id=8871]
  0x00007fe3b802f800 GCTaskThread "GC Thread#4" [stack: 0x00007fe3be0a8000,0x00007fe3be1a8000] [id=8872]
  0x00007fe3b8031800 GCTaskThread "GC Thread#5" [stack: 0x00007fe3bdfa6000,0x00007fe3be0a6000] [id=8873]
  0x00007fe3b8033800 GCTaskThread "GC Thread#6" [stack: 0x00007fe3bdea4000,0x00007fe3bdfa4000] [id=8874]
  0x00007fe3b8035000 GCTaskThread "GC Thread#7" [stack: 0x00007fe3bdda2000,0x00007fe3bdea2000] [id=8875]
  0x00007fe3b808e800 ConcurrentGCThread "G1 Main Marker" [stack: 0x00007fe3bc286000,0x00007fe3bc386000] [id=8885]
  0x00007fe3b8090000 ConcurrentGCThread "G1 Marker#0" [stack: 0x00007fe3bc184000,0x00007fe3bc284000] [id=8886]
  0x00007fe3b8092000 ConcurrentGCThread "G1 Marker#1" [stack: 0x00007fe3bc082000,0x00007fe3bc182000] [id=8887]
  0x00007fe3b8044000 ConcurrentGCThread "G1 Refine#0" [stack: 0x00007fe3bcd8a000,0x00007fe3bce8a000] [id=8883]
  0x00007fe3b8042800 ConcurrentGCThread "G1 Refine#1" [stack: 0x00007fe3bce8c000,0x00007fe3bcf8c000] [id=8882]
  0x00007fe3b8040800 ConcurrentGCThread "G1 Refine#2" [stack: 0x00007fe3bcf8e000,0x00007fe3bd08e000] [id=8881]
  0x00007fe3b803e800 ConcurrentGCThread "G1 Refine#3" [stack: 0x00007fe3bd090000,0x00007fe3bd190000] [id=8880]
  0x00007fe3b803d000 ConcurrentGCThread "G1 Refine#4" [stack: 0x00007fe3bd192000,0x00007fe3bd292000] [id=8879]
  0x00007fe3b803b000 ConcurrentGCThread "G1 Refine#5" [stack: 0x00007fe3bd294000,0x00007fe3bd394000] [id=8878]
  0x00007fe3b8039000 ConcurrentGCThread "G1 Refine#6" [stack: 0x00007fe3bd396000,0x00007fe3bd496000] [id=8877]
  0x00007fe3b8037800 ConcurrentGCThread "G1 Refine#7" [stack: 0x00007fe3bd498000,0x00007fe3bd598000] [id=8876]
  0x00007fe3b8046000 ConcurrentGCThread "G1 Young RemSet Sampling" [stack: 0x00007fe3bcc88000,0x00007fe3bcd88000] [id=8884]

Threads with active compile tasks:

VM state:not at safepoint (normal execution)

VM Mutex/Monitor currently owned by a thread: None

Heap address: 0x00000006c0000000, size: 4096 MB, Compressed Oops mode: Zero based, Oop shift amount: 3
Narrow klass base: 0x0000000000000000, Narrow klass shift: 3
Compressed class space size: 1073741824 Address: 0x00000007c0000000

Heap:
 garbage-first heap   total 629760K, used 337028K [0x00000006c0000000, 0x00000006c0101338, 0x00000007c0000000)
  region size 1024K, 69 young (70656K), 10 survivors (10240K)
 Metaspace       used 131465K, capacity 142865K, committed 142916K, reserved 1175552K
  class space    used 14503K, capacity 17220K, committed 17224K, reserved 1048576K
Heap Regions: E=young(eden), S=young(survivor), O=old, HS=humongous(starts), HC=humongous(continues), CS=collection set, F=free, A=archive, TS=gc time stamp, AC=allocation context, TAMS=top-at-mark-start (previous, next)
|   0|0x00000006c0000000, 0x00000006c0100000, 0x00000006c0100000|100%| O|  |TS 25|AC  0|TAMS 0x00000006c0000000, 0x00000006c0000000|
|   1|0x00000006c0100000, 0x00000006c0200000, 0x00000006c0200000|100%| O|  |TS 27|AC  0|TAMS 0x00000006c0100000, 0x00000006c0100000|
|   2|0x00000006c0200000, 0x00000006c0300000, 0x00000006c0300000|100%|HS|  |TS  0|AC  0|TAMS 0x00000006c0300000, 0x00000006c0300000|
|   3|0x00000006c0300000, 0x00000006c0400000, 0x00000006c0400000|100%| O|  |TS  0|AC  0|TAMS 0x00000006c0400000, 0x00000006c0400000|
|   4|0x00000006c0400000, 0x00000006c0500000, 0x00000006c0500000|100%| O|  |TS  0|AC  0|TAMS 0x00000006c0500000, 0x00000006c0500000|
|   5|0x00000006c0500000, 0x00000006c0600000, 0x00000006c0600000|100%| O|  |TS  0|AC  0|TAMS 0x00000006c0600000, 0x00000006c0600000|
|   6|0x00000006c0600000, 0x00000006c0700000, 0x00000006c0700000|100%| O|  |TS  0|AC  0|TAMS 0x00000006c0700000, 0x00000006c0700000|
|   7|0x00000006c0700000, 0x00000006c0800000, 0x00000006c0800000|100%| O|  |TS  0|AC  0|TAMS 0x00000006c0800000, 0x00000006c0800000|
|   8|0x00000006c0800000, 0x00000006c0900000, 0x00000006c0900000|100%| O|  |TS  0|AC  0|TAMS 0x00000006c0900000, 0x00000006c0900000|
|   9|0x00000006c0900000, 0x00000006c0a00000, 0x00000006c0a00000|100%| O|  |TS  0|AC  0|TAMS 0x00000006c0a00000, 0x00000006c0a00000|
|  10|0x00000006c0a00000, 0x00000006c0b00000, 0x00000006c0b00000|100%| O|  |TS  0|AC  0|TAMS 0x00000006c0b00000, 0x00000006c0b00000|
|  11|0x00000006c0b00000, 0x00000006c0c00000, 0x00000006c0c00000|100%| O|  |TS  0|AC  0|TAMS 0x00000006c0c00000, 0x00000006c0c00000|
|  12|0x00000006c0c00000, 0x00000006c0d00000, 0x00000006c0d00000|100%| O|  |TS  0|AC  0|TAMS 0x00000006c0d00000, 0x00000006c0d00000|
|  13|0x00000006c0d00000, 0x00000006c0e00000, 0x00000006c0e00000|100%| O|  |TS  0|AC  0|TAMS 0x00000006c0e00000, 0x00000006c0e00000|
|  14|0x00000006c0e00000, 0x00000006c0f00000, 0x00000006c0f00000|100%| O|  |TS  0|AC  0|TAMS 0x00000006c0f00000, 0x00000006c0f00000|
|  15|0x00000006c0f00000, 0x00000006c1000000, 0x00000006c1000000|100%| O|  |TS  0|AC  0|TAMS 0x00000006c1000000, 0x00000006c1000000|
|  16|0x00000006c1000000, 0x00000006c1100000, 0x00000006c1100000|100%| O|  |TS  0|AC  0|TAMS 0x00000006c1100000, 0x00000006c1100000|
|  17|0x00000006c1100000, 0x00000006c1200000, 0x00000006c1200000|100%| O|  |TS  0|AC  0|TAMS 0x00000006c1200000, 0x00000006c1200000|
|  18|0x00000006c1200000, 0x00000006c1300000, 0x00000006c1300000|100%| O|  |TS  0|AC  0|TAMS 0x00000006c1300000, 0x00000006c1300000|
|  19|0x00000006c1300000, 0x00000006c1400000, 0x00000006c1400000|100%| O|  |TS  0|AC  0|TAMS 0x00000006c1400000, 0x00000006c1400000|
|  20|0x00000006c1400000, 0x00000006c1500000, 0x00000006c1500000|100%| O|  |TS  0|AC  0|TAMS 0x00000006c1500000, 0x00000006c1500000|
|  21|0x00000006c1500000, 0x00000006c1600000, 0x00000006c1600000|100%| O|  |TS  0|AC  0|TAMS 0x00000006c1600000, 0x00000006c1600000|
|  22|0x00000006c1600000, 0x00000006c1700000, 0x00000006c1700000|100%| O|  |TS  0|AC  0|TAMS 0x00000006c1700000, 0x00000006c1700000|
|  23|0x00000006c1700000, 0x00000006c1800000, 0x00000006c1800000|100%| O|  |TS  0|AC  0|TAMS 0x00000006c1800000, 0x00000006c1800000|
|  24|0x00000006c1800000, 0x00000006c1900000, 0x00000006c1900000|100%| O|  |TS  0|AC  0|TAMS 0x00000006c1900000, 0x00000006c1900000|
|  25|0x00000006c1900000, 0x00000006c1a00000, 0x00000006c1a00000|100%| O|  |TS  0|AC  0|TAMS 0x00000006c1a00000, 0x00000006c1a00000|
|  26|0x00000006c1a00000, 0x00000006c1b00000, 0x00000006c1b00000|100%| O|  |TS  0|AC  0|TAMS 0x00000006c1b00000, 0x00000006c1b00000|
|  27|0x00000006c1b00000, 0x00000006c1c00000, 0x00000006c1c00000|100%| O|  |TS  0|AC  0|TAMS 0x00000006c1c00000, 0x00000006c1c00000|
|  28|0x00000006c1c00000, 0x00000006c1d00000, 0x00000006c1d00000|100%| O|  |TS  0|AC  0|TAMS 0x00000006c1d00000, 0x00000006c1d00000|
|  29|0x00000006c1d00000, 0x00000006c1e00000, 0x00000006c1e00000|100%| O|  |TS  0|AC  0|TAMS 0x00000006c1e00000, 0x00000006c1e00000|
|  30|0x00000006c1e00000, 0x00000006c1f00000, 0x00000006c1f00000|100%| O|  |TS  0|AC  0|TAMS 0x00000006c1f00000, 0x00000006c1f00000|
|  31|0x00000006c1f00000, 0x00000006c2000000, 0x00000006c2000000|100%| O|  |TS  0|AC  0|TAMS 0x00000006c2000000, 0x00000006c2000000|
|  32|0x00000006c2000000, 0x00000006c2100000, 0x00000006c2100000|100%| O|  |TS  0|AC  0|TAMS 0x00000006c2100000, 0x00000006c2100000|
|  33|0x00000006c2100000, 0x00000006c2200000, 0x00000006c2200000|100%| O|  |TS  0|AC  0|TAMS 0x00000006c2200000, 0x00000006c2200000|
|  34|0x00000006c2200000, 0x00000006c2300000, 0x00000006c2300000|100%| O|  |TS  0|AC  0|TAMS 0x00000006c2300000, 0x00000006c2300000|
|  35|0x00000006c2300000, 0x00000006c2400000, 0x00000006c2400000|100%| O|  |TS  0|AC  0|TAMS 0x00000006c2400000, 0x00000006c2400000|
|  36|0x00000006c2400000, 0x00000006c2500000, 0x00000006c2500000|100%| O|  |TS  0|AC  0|TAMS 0x00000006c2500000, 0x00000006c2500000|
|  37|0x00000006c2500000, 0x00000006c2600000, 0x00000006c2600000|100%| O|  |TS  0|AC  0|TAMS 0x00000006c2600000, 0x00000006c2600000|
|  38|0x00000006c2600000, 0x00000006c2700000, 0x00000006c2700000|100%| O|  |TS  0|AC  0|TAMS 0x00000006c2700000, 0x00000006c2700000|
|  39|0x00000006c2700000, 0x00000006c2800000, 0x00000006c2800000|100%| O|  |TS  0|AC  0|TAMS 0x00000006c2800000, 0x00000006c2800000|
|  40|0x00000006c2800000, 0x00000006c2900000, 0x00000006c2900000|100%| O|  |TS  0|AC  0|TAMS 0x00000006c2900000, 0x00000006c2900000|
|  41|0x00000006c2900000, 0x00000006c2a00000, 0x00000006c2a00000|100%| O|  |TS  0|AC  0|TAMS 0x00000006c2a00000, 0x00000006c2a00000|
|  42|0x00000006c2a00000, 0x00000006c2b00000, 0x00000006c2b00000|100%| O|  |TS  0|AC  0|TAMS 0x00000006c2b00000, 0x00000006c2b00000|
|  43|0x00000006c2b00000, 0x00000006c2c00000, 0x00000006c2c00000|100%| O|  |TS  5|AC  0|TAMS 0x00000006c2b00000, 0x00000006c2b00000|
|  44|0x00000006c2c00000, 0x00000006c2d00000, 0x00000006c2d00000|100%| O|  |TS  0|AC  0|TAMS 0x00000006c2d00000, 0x00000006c2d00000|
|  45|0x00000006c2d00000, 0x00000006c2e00000, 0x00000006c2e00000|100%| O|  |TS  0|AC  0|TAMS 0x00000006c2e00000, 0x00000006c2e00000|
|  46|0x00000006c2e00000, 0x00000006c2f00000, 0x00000006c2f00000|100%| O|  |TS  0|AC  0|TAMS 0x00000006c2f00000, 0x00000006c2f00000|
|  47|0x00000006c2f00000, 0x00000006c3000000, 0x00000006c3000000|100%| O|  |TS  0|AC  0|TAMS 0x00000006c3000000, 0x00000006c3000000|
|  48|0x00000006c3000000, 0x00000006c3100000, 0x00000006c3100000|100%| O|  |TS  0|AC  0|TAMS 0x00000006c3100000, 0x00000006c3100000|
|  49|0x00000006c3100000, 0x00000006c3200000, 0x00000006c3200000|100%| O|  |TS  5|AC  0|TAMS 0x00000006c3100000, 0x00000006c3100000|
|  50|0x00000006c3200000, 0x00000006c3300000, 0x00000006c3300000|100%| O|  |TS  0|AC  0|TAMS 0x00000006c3300000, 0x00000006c3300000|
|  51|0x00000006c3300000, 0x00000006c3400000, 0x00000006c3400000|100%| O|  |TS  0|AC  0|TAMS 0x00000006c3400000, 0x00000006c3400000|
|  52|0x00000006c3400000, 0x00000006c3500000, 0x00000006c3500000|100%| O|  |TS  0|AC  0|TAMS 0x00000006c3500000, 0x00000006c3500000|
|  53|0x00000006c3500000, 0x00000006c3600000, 0x00000006c3600000|100%| O|  |TS  0|AC  0|TAMS 0x00000006c3600000, 0x00000006c3600000|
|  54|0x00000006c3600000, 0x00000006c3700000, 0x00000006c3700000|100%| O|  |TS  0|AC  0|TAMS 0x00000006c3700000, 0x00000006c3700000|
|  55|0x00000006c3700000, 0x00000006c3800000, 0x00000006c3800000|100%| O|  |TS  0|AC  0|TAMS 0x00000006c3800000, 0x00000006c3800000|
|  56|0x00000006c3800000, 0x00000006c3900000, 0x00000006c3900000|100%| O|  |TS  0|AC  0|TAMS 0x00000006c3900000, 0x00000006c3900000|
|  57|0x00000006c3900000, 0x00000006c3a00000, 0x00000006c3a00000|100%| O|  |TS 25|AC  0|TAMS 0x00000006c3900000, 0x00000006c3900000|
|  58|0x00000006c3a00000, 0x00000006c3b00000, 0x00000006c3b00000|100%| O|  |TS 27|AC  0|TAMS 0x00000006c3a00000, 0x00000006c3a00000|
|  59|0x00000006c3b00000, 0x00000006c3c00000, 0x00000006c3c00000|100%| O|  |TS 27|AC  0|TAMS 0x00000006c3b00000, 0x00000006c3b00000|
|  60|0x00000006c3c00000, 0x00000006c3d00000, 0x00000006c3d00000|100%| O|  |TS  0|AC  0|TAMS 0x00000006c3d00000, 0x00000006c3d00000|
|  61|0x00000006c3d00000, 0x00000006c3e00000, 0x00000006c3e00000|100%| O|  |TS  0|AC  0|TAMS 0x00000006c3e00000, 0x00000006c3e00000|
|  62|0x00000006c3e00000, 0x00000006c3f00000, 0x00000006c3f00000|100%| O|  |TS  0|AC  0|TAMS 0x00000006c3f00000, 0x00000006c3f00000|
|  63|0x00000006c3f00000, 0x00000006c4000000, 0x00000006c4000000|100%| O|  |TS  0|AC  0|TAMS 0x00000006c4000000, 0x00000006c4000000|
|  64|0x00000006c4000000, 0x00000006c4100000, 0x00000006c4100000|100%| O|  |TS  0|AC  0|TAMS 0x00000006c4100000, 0x00000006c4100000|
|  65|0x00000006c4100000, 0x00000006c4200000, 0x00000006c4200000|100%| O|  |TS  0|AC  0|TAMS 0x00000006c4200000, 0x00000006c4200000|
|  66|0x00000006c4200000, 0x00000006c4300000, 0x00000006c4300000|100%| O|  |TS  0|AC  0|TAMS 0x00000006c4300000, 0x00000006c4300000|
|  67|0x00000006c4300000, 0x00000006c4400000, 0x00000006c4400000|100%| O|  |TS  0|AC  0|TAMS 0x00000006c4400000, 0x00000006c4400000|
|  68|0x00000006c4400000, 0x00000006c4500000, 0x00000006c4500000|100%| O|  |TS  0|AC  0|TAMS 0x00000006c4500000, 0x00000006c4500000|
|  69|0x00000006c4500000, 0x00000006c4600000, 0x00000006c4600000|100%| O|  |TS 27|AC  0|TAMS 0x00000006c4500000, 0x00000006c4500000|
|  70|0x00000006c4600000, 0x00000006c4700000, 0x00000006c4700000|100%| O|  |TS 27|AC  0|TAMS 0x00000006c4600000, 0x00000006c4600000|
|  71|0x00000006c4700000, 0x00000006c4800000, 0x00000006c4800000|100%| O|  |TS 27|AC  0|TAMS 0x00000006c4700000, 0x00000006c4700000|
|  72|0x00000006c4800000, 0x00000006c4900000, 0x00000006c4900000|100%| O|  |TS 27|AC  0|TAMS 0x00000006c4800000, 0x00000006c4800000|
|  73|0x00000006c4900000, 0x00000006c4a00000, 0x00000006c4a00000|100%| O|  |TS 27|AC  0|TAMS 0x00000006c4900000, 0x00000006c4900000|
|  74|0x00000006c4a00000, 0x00000006c4b00000, 0x00000006c4b00000|100%| O|  |TS 29|AC  0|TAMS 0x00000006c4a00000, 0x00000006c4a00000|
|  75|0x00000006c4b00000, 0x00000006c4c00000, 0x00000006c4c00000|100%| O|  |TS  0|AC  0|TAMS 0x00000006c4c00000, 0x00000006c4c00000|
|  76|0x00000006c4c00000, 0x00000006c4d00000, 0x00000006c4d00000|100%|HS|  |TS  0|AC  0|TAMS 0x00000006c4c00000, 0x00000006c4c00000|
|  77|0x00000006c4d00000, 0x00000006c4e00000, 0x00000006c4e00000|100%|HC|  |TS  0|AC  0|TAMS 0x00000006c4d00000, 0x00000006c4d00000|
|  78|0x00000006c4e00000, 0x00000006c4f00000, 0x00000006c4f00000|100%| O|  |TS  0|AC  0|TAMS 0x00000006c4f00000, 0x00000006c4f00000|
|  79|0x00000006c4f00000, 0x00000006c5000000, 0x00000006c5000000|100%| O|  |TS  0|AC  0|TAMS 0x00000006c5000000, 0x00000006c5000000|
|  80|0x00000006c5000000, 0x00000006c5100000, 0x00000006c5100000|100%| O|  |TS  0|AC  0|TAMS 0x00000006c5100000, 0x00000006c5100000|
|  81|0x00000006c5100000, 0x00000006c5200000, 0x00000006c5200000|100%| O|  |TS  0|AC  0|TAMS 0x00000006c5200000, 0x00000006c5200000|
|  82|0x00000006c5200000, 0x00000006c5300000, 0x00000006c5300000|100%| O|  |TS  0|AC  0|TAMS 0x00000006c5300000, 0x00000006c5300000|
|  83|0x00000006c5300000, 0x00000006c5400000, 0x00000006c5400000|100%| O|  |TS  0|AC  0|TAMS 0x00000006c5400000, 0x00000006c5400000|
|  84|0x00000006c5400000, 0x00000006c5500000, 0x00000006c5500000|100%| O|  |TS  0|AC  0|TAMS 0x00000006c5500000, 0x00000006c5500000|
|  85|0x00000006c5500000, 0x00000006c5600000, 0x00000006c5600000|100%| O|  |TS  0|AC  0|TAMS 0x00000006c5600000, 0x00000006c5600000|
|  86|0x00000006c5600000, 0x00000006c5700000, 0x00000006c5700000|100%| O|  |TS  0|AC  0|TAMS 0x00000006c5700000, 0x00000006c5700000|
|  87|0x00000006c5700000, 0x00000006c5800000, 0x00000006c5800000|100%| O|  |TS  0|AC  0|TAMS 0x00000006c5800000, 0x00000006c5800000|
|  88|0x00000006c5800000, 0x00000006c5900000, 0x00000006c5900000|100%| O|  |TS  0|AC  0|TAMS 0x00000006c5900000, 0x00000006c5900000|
|  89|0x00000006c5900000, 0x00000006c5a00000, 0x00000006c5a00000|100%| O|  |TS  0|AC  0|TAMS 0x00000006c5a00000, 0x00000006c5a00000|
|  90|0x00000006c5a00000, 0x00000006c5b00000, 0x00000006c5b00000|100%| O|  |TS  0|AC  0|TAMS 0x00000006c5b00000, 0x00000006c5b00000|
|  91|0x00000006c5b00000, 0x00000006c5c00000, 0x00000006c5c00000|100%| O|  |TS  0|AC  0|TAMS 0x00000006c5c00000, 0x00000006c5c00000|
|  92|0x00000006c5c00000, 0x00000006c5d00000, 0x00000006c5d00000|100%| O|  |TS  0|AC  0|TAMS 0x00000006c5d00000, 0x00000006c5d00000|
|  93|0x00000006c5d00000, 0x00000006c5e00000, 0x00000006c5e00000|100%| O|  |TS  0|AC  0|TAMS 0x00000006c5e00000, 0x00000006c5e00000|
|  94|0x00000006c5e00000, 0x00000006c5f00000, 0x00000006c5f00000|100%| O|  |TS  0|AC  0|TAMS 0x00000006c5f00000, 0x00000006c5f00000|
|  95|0x00000006c5f00000, 0x00000006c6000000, 0x00000006c6000000|100%| O|  |TS  0|AC  0|TAMS 0x00000006c6000000, 0x00000006c6000000|
|  96|0x00000006c6000000, 0x00000006c6100000, 0x00000006c6100000|100%| O|  |TS  0|AC  0|TAMS 0x00000006c6100000, 0x00000006c6100000|
|  97|0x00000006c6100000, 0x00000006c6200000, 0x00000006c6200000|100%| O|  |TS  0|AC  0|TAMS 0x00000006c6200000, 0x00000006c6200000|
|  98|0x00000006c6200000, 0x00000006c6300000, 0x00000006c6300000|100%| O|  |TS  0|AC  0|TAMS 0x00000006c6300000, 0x00000006c6300000|
|  99|0x00000006c6300000, 0x00000006c6400000, 0x00000006c6400000|100%| O|  |TS  5|AC  0|TAMS 0x00000006c6361000, 0x00000006c6361000|
| 100|0x00000006c6400000, 0x00000006c6500000, 0x00000006c6500000|100%| O|  |TS 29|AC  0|TAMS 0x00000006c6400000, 0x00000006c6400000|
| 101|0x00000006c6500000, 0x00000006c6600000, 0x00000006c6600000|100%| O|  |TS 29|AC  0|TAMS 0x00000006c6500000, 0x00000006c6500000|
| 102|0x00000006c6600000, 0x00000006c6700000, 0x00000006c6700000|100%| O|  |TS 29|AC  0|TAMS 0x00000006c6600000, 0x00000006c6600000|
| 103|0x00000006c6700000, 0x00000006c6800000, 0x00000006c6800000|100%| O|  |TS 29|AC  0|TAMS 0x00000006c6700000, 0x00000006c6700000|
| 104|0x00000006c6800000, 0x00000006c6900000, 0x00000006c6900000|100%| O|  |TS 29|AC  0|TAMS 0x00000006c6800000, 0x00000006c6800000|
| 105|0x00000006c6900000, 0x00000006c6a00000, 0x00000006c6a00000|100%| O|  |TS 29|AC  0|TAMS 0x00000006c6900000, 0x00000006c6900000|
| 106|0x00000006c6a00000, 0x00000006c6b00000, 0x00000006c6b00000|100%| O|  |TS 29|AC  0|TAMS 0x00000006c6a00000, 0x00000006c6a00000|
| 107|0x00000006c6b00000, 0x00000006c6c00000, 0x00000006c6c00000|100%| O|  |TS 29|AC  0|TAMS 0x00000006c6b00000, 0x00000006c6b00000|
| 108|0x00000006c6c00000, 0x00000006c6d00000, 0x00000006c6d00000|100%| O|  |TS 29|AC  0|TAMS 0x00000006c6c00000, 0x00000006c6c00000|
| 109|0x00000006c6d00000, 0x00000006c6e00000, 0x00000006c6e00000|100%| O|  |TS 29|AC  0|TAMS 0x00000006c6d00000, 0x00000006c6d00000|
| 110|0x00000006c6e00000, 0x00000006c6f00000, 0x00000006c6f00000|100%| O|  |TS 29|AC  0|TAMS 0x00000006c6e00000, 0x00000006c6e00000|
| 111|0x00000006c6f00000, 0x00000006c7000000, 0x00000006c7000000|100%| O|  |TS 29|AC  0|TAMS 0x00000006c6f00000, 0x00000006c6f00000|
| 112|0x00000006c7000000, 0x00000006c7100000, 0x00000006c7100000|100%| O|  |TS 29|AC  0|TAMS 0x00000006c7000000, 0x00000006c7000000|
| 113|0x00000006c7100000, 0x00000006c7200000, 0x00000006c7200000|100%| O|  |TS 29|AC  0|TAMS 0x00000006c7100000, 0x00000006c7100000|
| 114|0x00000006c7200000, 0x00000006c7300000, 0x00000006c7300000|100%| O|  |TS 29|AC  0|TAMS 0x00000006c7200000, 0x00000006c7200000|
| 115|0x00000006c7300000, 0x00000006c7400000, 0x00000006c7400000|100%| O|  |TS 31|AC  0|TAMS 0x00000006c7300000, 0x00000006c7300000|
| 116|0x00000006c7400000, 0x00000006c7500000, 0x00000006c7500000|100%| O|  |TS 33|AC  0|TAMS 0x00000006c7400000, 0x00000006c7400000|
| 117|0x00000006c7500000, 0x00000006c7600000, 0x00000006c7600000|100%| O|  |TS 33|AC  0|TAMS 0x00000006c7500000, 0x00000006c7500000|
| 118|0x00000006c7600000, 0x00000006c7700000, 0x00000006c7700000|100%| O|  |TS 33|AC  0|TAMS 0x00000006c7600000, 0x00000006c7600000|
| 119|0x00000006c7700000, 0x00000006c7800000, 0x00000006c7800000|100%|HS|  |TS  0|AC  0|TAMS 0x00000006c7700000, 0x00000006c7700000|
| 120|0x00000006c7800000, 0x00000006c7900000, 0x00000006c7900000|100%|HS|  |TS  0|AC  0|TAMS 0x00000006c7800000, 0x00000006c7800000|
| 121|0x00000006c7900000, 0x00000006c7a00000, 0x00000006c7a00000|100%|HC|  |TS  0|AC  0|TAMS 0x00000006c7900000, 0x00000006c7900000|
| 122|0x00000006c7a00000, 0x00000006c7b00000, 0x00000006c7b00000|100%| O|  |TS 31|AC  0|TAMS 0x00000006c7a00000, 0x00000006c7a00000|
| 123|0x00000006c7b00000, 0x00000006c7c00000, 0x00000006c7c00000|100%| O|  |TS 31|AC  0|TAMS 0x00000006c7b00000, 0x00000006c7b00000|
| 124|0x00000006c7c00000, 0x00000006c7d00000, 0x00000006c7d00000|100%| O|  |TS 31|AC  0|TAMS 0x00000006c7c00000, 0x00000006c7c00000|
| 125|0x00000006c7d00000, 0x00000006c7e00000, 0x00000006c7e00000|100%| O|  |TS 31|AC  0|TAMS 0x00000006c7d00000, 0x00000006c7d00000|
| 126|0x00000006c7e00000, 0x00000006c7f00000, 0x00000006c7f00000|100%| O|  |TS 31|AC  0|TAMS 0x00000006c7e00000, 0x00000006c7e00000|
| 127|0x00000006c7f00000, 0x00000006c8000000, 0x00000006c8000000|100%| O|  |TS 31|AC  0|TAMS 0x00000006c7f00000, 0x00000006c7f00000|
| 128|0x00000006c8000000, 0x00000006c8100000, 0x00000006c8100000|100%| O|  |TS 31|AC  0|TAMS 0x00000006c8000000, 0x00000006c8000000|
| 129|0x00000006c8100000, 0x00000006c8200000, 0x00000006c8200000|100%| O|  |TS 31|AC  0|TAMS 0x00000006c8100000, 0x00000006c8100000|
| 130|0x00000006c8200000, 0x00000006c8300000, 0x00000006c8300000|100%| O|  |TS 31|AC  0|TAMS 0x00000006c8200000, 0x00000006c8200000|
| 131|0x00000006c8300000, 0x00000006c8400000, 0x00000006c8400000|100%| O|  |TS 31|AC  0|TAMS 0x00000006c8300000, 0x00000006c8300000|
| 132|0x00000006c8400000, 0x00000006c8500000, 0x00000006c8500000|100%| O|  |TS 31|AC  0|TAMS 0x00000006c8400000, 0x00000006c8400000|
| 133|0x00000006c8500000, 0x00000006c8600000, 0x00000006c8600000|100%| O|  |TS 31|AC  0|TAMS 0x00000006c8500000, 0x00000006c8500000|
| 134|0x00000006c8600000, 0x00000006c8700000, 0x00000006c8700000|100%| O|  |TS 31|AC  0|TAMS 0x00000006c8600000, 0x00000006c8600000|
| 135|0x00000006c8700000, 0x00000006c8800000, 0x00000006c8800000|100%| O|  |TS 31|AC  0|TAMS 0x00000006c8700000, 0x00000006c8700000|
| 136|0x00000006c8800000, 0x00000006c8900000, 0x00000006c8900000|100%| O|  |TS 33|AC  0|TAMS 0x00000006c8800000, 0x00000006c8800000|
| 137|0x00000006c8900000, 0x00000006c8a00000, 0x00000006c8a00000|100%| O|  |TS 33|AC  0|TAMS 0x00000006c8900000, 0x00000006c8900000|
| 138|0x00000006c8a00000, 0x00000006c8b00000, 0x00000006c8b00000|100%| O|  |TS 33|AC  0|TAMS 0x00000006c8a00000, 0x00000006c8a00000|
| 139|0x00000006c8b00000, 0x00000006c8c00000, 0x00000006c8c00000|100%| O|  |TS 33|AC  0|TAMS 0x00000006c8b00000, 0x00000006c8b00000|
| 140|0x00000006c8c00000, 0x00000006c8d00000, 0x00000006c8d00000|100%| O|  |TS 33|AC  0|TAMS 0x00000006c8c00000, 0x00000006c8c00000|
| 141|0x00000006c8d00000, 0x00000006c8e00000, 0x00000006c8e00000|100%| O|  |TS 33|AC  0|TAMS 0x00000006c8d00000, 0x00000006c8d00000|
| 142|0x00000006c8e00000, 0x00000006c8f00000, 0x00000006c8f00000|100%| O|  |TS 33|AC  0|TAMS 0x00000006c8e00000, 0x00000006c8e00000|
| 143|0x00000006c8f00000, 0x00000006c9000000, 0x00000006c9000000|100%| O|  |TS 33|AC  0|TAMS 0x00000006c8f00000, 0x00000006c8f00000|
| 144|0x00000006c9000000, 0x00000006c9100000, 0x00000006c9100000|100%| O|  |TS 33|AC  0|TAMS 0x00000006c9000000, 0x00000006c9000000|
| 145|0x00000006c9100000, 0x00000006c9200000, 0x00000006c9200000|100%| O|  |TS 33|AC  0|TAMS 0x00000006c9100000, 0x00000006c9100000|
| 146|0x00000006c9200000, 0x00000006c9300000, 0x00000006c9300000|100%| O|  |TS 33|AC  0|TAMS 0x00000006c9200000, 0x00000006c9200000|
| 147|0x00000006c9300000, 0x00000006c9400000, 0x00000006c9400000|100%| O|  |TS 33|AC  0|TAMS 0x00000006c9300000, 0x00000006c9300000|
| 148|0x00000006c9400000, 0x00000006c9500000, 0x00000006c9500000|100%| O|  |TS 33|AC  0|TAMS 0x00000006c9400000, 0x00000006c9400000|
| 149|0x00000006c9500000, 0x00000006c9600000, 0x00000006c9600000|100%| O|  |TS 33|AC  0|TAMS 0x00000006c9500000, 0x00000006c9500000|
| 150|0x00000006c9600000, 0x00000006c9700000, 0x00000006c9700000|100%| O|  |TS 33|AC  0|TAMS 0x00000006c9600000, 0x00000006c9600000|
| 151|0x00000006c9700000, 0x00000006c9800000, 0x00000006c9800000|100%| O|  |TS 33|AC  0|TAMS 0x00000006c9700000, 0x00000006c9700000|
| 152|0x00000006c9800000, 0x00000006c9900000, 0x00000006c9900000|100%| O|  |TS 33|AC  0|TAMS 0x00000006c9800000, 0x00000006c9800000|
| 153|0x00000006c9900000, 0x00000006c9a00000, 0x00000006c9a00000|100%| O|  |TS 33|AC  0|TAMS 0x00000006c9900000, 0x00000006c9900000|
| 154|0x00000006c9a00000, 0x00000006c9b00000, 0x00000006c9b00000|100%| O|  |TS 33|AC  0|TAMS 0x00000006c9a00000, 0x00000006c9a00000|
| 155|0x00000006c9b00000, 0x00000006c9c00000, 0x00000006c9c00000|100%| O|  |TS 33|AC  0|TAMS 0x00000006c9b00000, 0x00000006c9b00000|
| 156|0x00000006c9c00000, 0x00000006c9d00000, 0x00000006c9d00000|100%| O|  |TS 33|AC  0|TAMS 0x00000006c9c00000, 0x00000006c9c00000|
| 157|0x00000006c9d00000, 0x00000006c9e00000, 0x00000006c9e00000|100%| O|  |TS 33|AC  0|TAMS 0x00000006c9d00000, 0x00000006c9d00000|
| 158|0x00000006c9e00000, 0x00000006c9f00000, 0x00000006c9f00000|100%| O|  |TS 33|AC  0|TAMS 0x00000006c9e00000, 0x00000006c9e00000|
| 159|0x00000006c9f00000, 0x00000006ca000000, 0x00000006ca000000|100%| O|  |TS 33|AC  0|TAMS 0x00000006c9f00000, 0x00000006c9f00000|
| 160|0x00000006ca000000, 0x00000006ca100000, 0x00000006ca100000|100%| O|  |TS 33|AC  0|TAMS 0x00000006ca000000, 0x00000006ca000000|
| 161|0x00000006ca100000, 0x00000006ca200000, 0x00000006ca200000|100%| O|  |TS 33|AC  0|TAMS 0x00000006ca100000, 0x00000006ca100000|
| 162|0x00000006ca200000, 0x00000006ca300000, 0x00000006ca300000|100%| O|  |TS 33|AC  0|TAMS 0x00000006ca200000, 0x00000006ca200000|
| 163|0x00000006ca300000, 0x00000006ca400000, 0x00000006ca400000|100%| O|  |TS 33|AC  0|TAMS 0x00000006ca300000, 0x00000006ca300000|
| 164|0x00000006ca400000, 0x00000006ca500000, 0x00000006ca500000|100%| O|  |TS 33|AC  0|TAMS 0x00000006ca400000, 0x00000006ca400000|
| 165|0x00000006ca500000, 0x00000006ca600000, 0x00000006ca600000|100%| O|  |TS 33|AC  0|TAMS 0x00000006ca500000, 0x00000006ca500000|
| 166|0x00000006ca600000, 0x00000006ca700000, 0x00000006ca700000|100%| O|  |TS 33|AC  0|TAMS 0x00000006ca600000, 0x00000006ca600000|
| 167|0x00000006ca700000, 0x00000006ca800000, 0x00000006ca800000|100%| O|  |TS 39|AC  0|TAMS 0x00000006ca700000, 0x00000006ca700000|
| 168|0x00000006ca800000, 0x00000006ca900000, 0x00000006ca900000|100%|HS|  |TS  0|AC  0|TAMS 0x00000006ca800000, 0x00000006ca800000|
| 169|0x00000006ca900000, 0x00000006caa00000, 0x00000006caa00000|100%|HS|  |TS  0|AC  0|TAMS 0x00000006ca900000, 0x00000006ca900000|
| 170|0x00000006caa00000, 0x00000006cab00000, 0x00000006cab00000|100%|HS|  |TS  0|AC  0|TAMS 0x00000006caa00000, 0x00000006caa00000|
| 171|0x00000006cab00000, 0x00000006cac00000, 0x00000006cac00000|100%|HC|  |TS  0|AC  0|TAMS 0x00000006cab00000, 0x00000006cab00000|
| 172|0x00000006cac00000, 0x00000006cad00000, 0x00000006cad00000|100%|HS|  |TS  0|AC  0|TAMS 0x00000006cac00000, 0x00000006cac00000|
| 173|0x00000006cad00000, 0x00000006cae00000, 0x00000006cae00000|100%|HS|  |TS  0|AC  0|TAMS 0x00000006cad00000, 0x00000006cad00000|
| 174|0x00000006cae00000, 0x00000006caf00000, 0x00000006caf00000|100%|HC|  |TS  0|AC  0|TAMS 0x00000006cae00000, 0x00000006cae00000|
| 175|0x00000006caf00000, 0x00000006cb000000, 0x00000006cb000000|100%|HS|  |TS  0|AC  0|TAMS 0x00000006caf00000, 0x00000006caf00000|
| 176|0x00000006cb000000, 0x00000006cb100000, 0x00000006cb100000|100%|HS|  |TS  0|AC  0|TAMS 0x00000006cb000000, 0x00000006cb000000|
| 177|0x00000006cb100000, 0x00000006cb200000, 0x00000006cb200000|100%|HC|  |TS  0|AC  0|TAMS 0x00000006cb100000, 0x00000006cb100000|
| 178|0x00000006cb200000, 0x00000006cb300000, 0x00000006cb300000|100%|HS|  |TS  0|AC  0|TAMS 0x00000006cb200000, 0x00000006cb200000|
| 179|0x00000006cb300000, 0x00000006cb400000, 0x00000006cb400000|100%|HS|  |TS  0|AC  0|TAMS 0x00000006cb300000, 0x00000006cb300000|
| 180|0x00000006cb400000, 0x00000006cb500000, 0x00000006cb500000|100%|HC|  |TS  0|AC  0|TAMS 0x00000006cb400000, 0x00000006cb400000|
| 181|0x00000006cb500000, 0x00000006cb600000, 0x00000006cb600000|100%|HS|  |TS  0|AC  0|TAMS 0x00000006cb500000, 0x00000006cb500000|
| 182|0x00000006cb600000, 0x00000006cb700000, 0x00000006cb700000|100%|HS|  |TS  0|AC  0|TAMS 0x00000006cb600000, 0x00000006cb600000|
| 183|0x00000006cb700000, 0x00000006cb800000, 0x00000006cb800000|100%|HC|  |TS  0|AC  0|TAMS 0x00000006cb700000, 0x00000006cb700000|
| 184|0x00000006cb800000, 0x00000006cb900000, 0x00000006cb900000|100%|HS|  |TS  0|AC  0|TAMS 0x00000006cb800000, 0x00000006cb800000|
| 185|0x00000006cb900000, 0x00000006cba00000, 0x00000006cba00000|100%|HS|  |TS  0|AC  0|TAMS 0x00000006cb900000, 0x00000006cb900000|
| 186|0x00000006cba00000, 0x00000006cbb00000, 0x00000006cbb00000|100%|HC|  |TS  0|AC  0|TAMS 0x00000006cba00000, 0x00000006cba00000|
| 187|0x00000006cbb00000, 0x00000006cbc00000, 0x00000006cbc00000|100%|HS|  |TS  0|AC  0|TAMS 0x00000006cbb00000, 0x00000006cbb00000|
| 188|0x00000006cbc00000, 0x00000006cbd00000, 0x00000006cbd00000|100%|HS|  |TS  0|AC  0|TAMS 0x00000006cbc00000, 0x00000006cbc00000|
| 189|0x00000006cbd00000, 0x00000006cbe00000, 0x00000006cbe00000|100%|HC|  |TS  0|AC  0|TAMS 0x00000006cbd00000, 0x00000006cbd00000|
| 190|0x00000006cbe00000, 0x00000006cbf00000, 0x00000006cbf00000|100%|HS|  |TS  0|AC  0|TAMS 0x00000006cbe00000, 0x00000006cbe00000|
| 191|0x00000006cbf00000, 0x00000006cc000000, 0x00000006cc000000|100%|HS|  |TS  0|AC  0|TAMS 0x00000006cbf00000, 0x00000006cbf00000|
| 192|0x00000006cc000000, 0x00000006cc100000, 0x00000006cc100000|100%|HC|  |TS  0|AC  0|TAMS 0x00000006cc000000, 0x00000006cc000000|
| 193|0x00000006cc100000, 0x00000006cc200000, 0x00000006cc200000|100%|HS|  |TS  0|AC  0|TAMS 0x00000006cc100000, 0x00000006cc100000|
| 194|0x00000006cc200000, 0x00000006cc300000, 0x00000006cc300000|100%|HS|  |TS  0|AC  0|TAMS 0x00000006cc200000, 0x00000006cc200000|
| 195|0x00000006cc300000, 0x00000006cc400000, 0x00000006cc400000|100%|HC|  |TS  0|AC  0|TAMS 0x00000006cc300000, 0x00000006cc300000|
| 196|0x00000006cc400000, 0x00000006cc500000, 0x00000006cc500000|100%|HS|  |TS  0|AC  0|TAMS 0x00000006cc400000, 0x00000006cc400000|
| 197|0x00000006cc500000, 0x00000006cc600000, 0x00000006cc600000|100%|HS|  |TS  0|AC  0|TAMS 0x00000006cc500000, 0x00000006cc500000|
| 198|0x00000006cc600000, 0x00000006cc700000, 0x00000006cc700000|100%|HC|  |TS  0|AC  0|TAMS 0x00000006cc600000, 0x00000006cc600000|
| 199|0x00000006cc700000, 0x00000006cc800000, 0x00000006cc800000|100%|HS|  |TS  0|AC  0|TAMS 0x00000006cc700000, 0x00000006cc700000|
| 200|0x00000006cc800000, 0x00000006cc900000, 0x00000006cc900000|100%|HS|  |TS  0|AC  0|TAMS 0x00000006cc800000, 0x00000006cc800000|
| 201|0x00000006cc900000, 0x00000006cca00000, 0x00000006cca00000|100%|HC|  |TS  0|AC  0|TAMS 0x00000006cc900000, 0x00000006cc900000|
| 202|0x00000006cca00000, 0x00000006ccb00000, 0x00000006ccb00000|100%|HS|  |TS  0|AC  0|TAMS 0x00000006cca00000, 0x00000006cca00000|
| 203|0x00000006ccb00000, 0x00000006ccc00000, 0x00000006ccc00000|100%|HS|  |TS  0|AC  0|TAMS 0x00000006ccb00000, 0x00000006ccb00000|
| 204|0x00000006ccc00000, 0x00000006ccd00000, 0x00000006ccd00000|100%|HC|  |TS  0|AC  0|TAMS 0x00000006ccc00000, 0x00000006ccc00000|
| 205|0x00000006ccd00000, 0x00000006cce00000, 0x00000006cce00000|100%|HS|  |TS  0|AC  0|TAMS 0x00000006ccd00000, 0x00000006ccd00000|
| 206|0x00000006cce00000, 0x00000006ccf00000, 0x00000006ccf00000|100%|HS|  |TS  0|AC  0|TAMS 0x00000006cce00000, 0x00000006cce00000|
| 207|0x00000006ccf00000, 0x00000006cd000000, 0x00000006cd000000|100%|HC|  |TS 29|AC  0|TAMS 0x00000006ccf00000, 0x00000006ccf00000|
| 208|0x00000006cd000000, 0x00000006cd100000, 0x00000006cd100000|100%|HS|  |TS 29|AC  0|TAMS 0x00000006cd000000, 0x00000006cd000000|
| 209|0x00000006cd100000, 0x00000006cd200000, 0x00000006cd200000|100%|HS|  |TS 29|AC  0|TAMS 0x00000006cd100000, 0x00000006cd100000|
| 210|0x00000006cd200000, 0x00000006cd300000, 0x00000006cd300000|100%|HC|  |TS 33|AC  0|TAMS 0x00000006cd200000, 0x00000006cd200000|
| 211|0x00000006cd300000, 0x00000006cd400000, 0x00000006cd400000|100%|HS|  |TS 33|AC  0|TAMS 0x00000006cd300000, 0x00000006cd300000|
| 212|0x00000006cd400000, 0x00000006cd500000, 0x00000006cd500000|100%|HS|  |TS 33|AC  0|TAMS 0x00000006cd400000, 0x00000006cd400000|
| 213|0x00000006cd500000, 0x00000006cd600000, 0x00000006cd600000|100%|HC|  |TS 33|AC  0|TAMS 0x00000006cd500000, 0x00000006cd500000|
| 214|0x00000006cd600000, 0x00000006cd700000, 0x00000006cd700000|100%|HS|  |TS 33|AC  0|TAMS 0x00000006cd600000, 0x00000006cd600000|
| 215|0x00000006cd700000, 0x00000006cd800000, 0x00000006cd800000|100%|HS|  |TS 33|AC  0|TAMS 0x00000006cd700000, 0x00000006cd700000|
| 216|0x00000006cd800000, 0x00000006cd900000, 0x00000006cd900000|100%|HC|  |TS 33|AC  0|TAMS 0x00000006cd800000, 0x00000006cd800000|
| 217|0x00000006cd900000, 0x00000006cda00000, 0x00000006cda00000|100%|HS|  |TS 33|AC  0|TAMS 0x00000006cd900000, 0x00000006cd900000|
| 218|0x00000006cda00000, 0x00000006cdb00000, 0x00000006cdb00000|100%|HS|  |TS 33|AC  0|TAMS 0x00000006cda00000, 0x00000006cda00000|
| 219|0x00000006cdb00000, 0x00000006cdc00000, 0x00000006cdc00000|100%|HC|  |TS 33|AC  0|TAMS 0x00000006cdb00000, 0x00000006cdb00000|
| 220|0x00000006cdc00000, 0x00000006cdd00000, 0x00000006cdd00000|100%|HS|  |TS 33|AC  0|TAMS 0x00000006cdc00000, 0x00000006cdc00000|
| 221|0x00000006cdd00000, 0x00000006cde00000, 0x00000006cde00000|100%|HS|  |TS 33|AC  0|TAMS 0x00000006cdd00000, 0x00000006cdd00000|
| 222|0x00000006cde00000, 0x00000006cdf00000, 0x00000006cdf00000|100%|HC|  |TS 33|AC  0|TAMS 0x00000006cde00000, 0x00000006cde00000|
| 223|0x00000006cdf00000, 0x00000006ce000000, 0x00000006ce000000|100%|HS|  |TS 33|AC  0|TAMS 0x00000006cdf00000, 0x00000006cdf00000|
| 224|0x00000006ce000000, 0x00000006ce100000, 0x00000006ce100000|100%|HS|  |TS 33|AC  0|TAMS 0x00000006ce000000, 0x00000006ce000000|
| 225|0x00000006ce100000, 0x00000006ce200000, 0x00000006ce200000|100%|HC|  |TS 33|AC  0|TAMS 0x00000006ce100000, 0x00000006ce100000|
| 226|0x00000006ce200000, 0x00000006ce300000, 0x00000006ce300000|100%| O|  |TS 39|AC  0|TAMS 0x00000006ce200000, 0x00000006ce200000|
| 227|0x00000006ce300000, 0x00000006ce400000, 0x00000006ce400000|100%| O|  |TS 39|AC  0|TAMS 0x00000006ce300000, 0x00000006ce300000|
| 228|0x00000006ce400000, 0x00000006ce500000, 0x00000006ce500000|100%| O|  |TS 39|AC  0|TAMS 0x00000006ce400000, 0x00000006ce400000|
| 229|0x00000006ce500000, 0x00000006ce500000, 0x00000006ce600000|  0%| F|  |TS 39|AC  0|TAMS 0x00000006ce500000, 0x00000006ce500000|
| 230|0x00000006ce600000, 0x00000006ce600000, 0x00000006ce700000|  0%| F|  |TS 39|AC  0|TAMS 0x00000006ce600000, 0x00000006ce600000|
| 231|0x00000006ce700000, 0x00000006ce700000, 0x00000006ce800000|  0%| F|  |TS 39|AC  0|TAMS 0x00000006ce700000, 0x00000006ce700000|
| 232|0x00000006ce800000, 0x00000006ce800000, 0x00000006ce900000|  0%| F|  |TS 39|AC  0|TAMS 0x00000006ce800000, 0x00000006ce800000|
| 233|0x00000006ce900000, 0x00000006ce900000, 0x00000006cea00000|  0%| F|  |TS 39|AC  0|TAMS 0x00000006ce900000, 0x00000006ce900000|
| 234|0x00000006cea00000, 0x00000006cea00000, 0x00000006ceb00000|  0%| F|  |TS 39|AC  0|TAMS 0x00000006cea00000, 0x00000006cea00000|
| 235|0x00000006ceb00000, 0x00000006ceb00000, 0x00000006cec00000|  0%| F|  |TS 39|AC  0|TAMS 0x00000006ceb00000, 0x00000006ceb00000|
| 236|0x00000006cec00000, 0x00000006cec00000, 0x00000006ced00000|  0%| F|  |TS 39|AC  0|TAMS 0x00000006cec00000, 0x00000006cec00000|
| 237|0x00000006ced00000, 0x00000006ced00000, 0x00000006cee00000|  0%| F|  |TS 39|AC  0|TAMS 0x00000006ced00000, 0x00000006ced00000|
| 238|0x00000006cee00000, 0x00000006cee00000, 0x00000006cef00000|  0%| F|  |TS 39|AC  0|TAMS 0x00000006cee00000, 0x00000006cee00000|
| 239|0x00000006cef00000, 0x00000006cef00000, 0x00000006cf000000|  0%| F|  |TS 39|AC  0|TAMS 0x00000006cef00000, 0x00000006cef00000|
| 240|0x00000006cf000000, 0x00000006cf000000, 0x00000006cf100000|  0%| F|  |TS 39|AC  0|TAMS 0x00000006cf000000, 0x00000006cf000000|
| 241|0x00000006cf100000, 0x00000006cf100000, 0x00000006cf200000|  0%| F|  |TS 39|AC  0|TAMS 0x00000006cf100000, 0x00000006cf100000|
| 242|0x00000006cf200000, 0x00000006cf200000, 0x00000006cf300000|  0%| F|  |TS 39|AC  0|TAMS 0x00000006cf200000, 0x00000006cf200000|
| 243|0x00000006cf300000, 0x00000006cf300000, 0x00000006cf400000|  0%| F|  |TS 39|AC  0|TAMS 0x00000006cf300000, 0x00000006cf300000|
| 244|0x00000006cf400000, 0x00000006cf400000, 0x00000006cf500000|  0%| F|  |TS 39|AC  0|TAMS 0x00000006cf400000, 0x00000006cf400000|
| 245|0x00000006cf500000, 0x00000006cf500000, 0x00000006cf600000|  0%| F|  |TS 39|AC  0|TAMS 0x00000006cf500000, 0x00000006cf500000|
| 246|0x00000006cf600000, 0x00000006cf600000, 0x00000006cf700000|  0%| F|  |TS 39|AC  0|TAMS 0x00000006cf600000, 0x00000006cf600000|
| 247|0x00000006cf700000, 0x00000006cf700000, 0x00000006cf800000|  0%| F|  |TS 39|AC  0|TAMS 0x00000006cf700000, 0x00000006cf700000|
| 248|0x00000006cf800000, 0x00000006cf800000, 0x00000006cf900000|  0%| F|  |TS 39|AC  0|TAMS 0x00000006cf800000, 0x00000006cf800000|
| 249|0x00000006cf900000, 0x00000006cf900000, 0x00000006cfa00000|  0%| F|  |TS 39|AC  0|TAMS 0x00000006cf900000, 0x00000006cf900000|
| 250|0x00000006cfa00000, 0x00000006cfa00000, 0x00000006cfb00000|  0%| F|  |TS 39|AC  0|TAMS 0x00000006cfa00000, 0x00000006cfa00000|
| 251|0x00000006cfb00000, 0x00000006cfb00000, 0x00000006cfc00000|  0%| F|  |TS 39|AC  0|TAMS 0x00000006cfb00000, 0x00000006cfb00000|
| 252|0x00000006cfc00000, 0x00000006cfc00000, 0x00000006cfd00000|  0%| F|  |TS 39|AC  0|TAMS 0x00000006cfc00000, 0x00000006cfc00000|
| 253|0x00000006cfd00000, 0x00000006cfd00000, 0x00000006cfe00000|  0%| F|  |TS 39|AC  0|TAMS 0x00000006cfd00000, 0x00000006cfd00000|
| 254|0x00000006cfe00000, 0x00000006cfe00000, 0x00000006cff00000|  0%| F|  |TS 39|AC  0|TAMS 0x00000006cfe00000, 0x00000006cfe00000|
| 255|0x00000006cff00000, 0x00000006cff00000, 0x00000006d0000000|  0%| F|  |TS 39|AC  0|TAMS 0x00000006cff00000, 0x00000006cff00000|
| 256|0x00000006d0000000, 0x00000006d0000000, 0x00000006d0100000|  0%| F|  |TS 39|AC  0|TAMS 0x00000006d0000000, 0x00000006d0000000|
| 257|0x00000006d0100000, 0x00000006d0100000, 0x00000006d0200000|  0%| F|  |TS 39|AC  0|TAMS 0x00000006d0100000, 0x00000006d0100000|
| 258|0x00000006d0200000, 0x00000006d0200000, 0x00000006d0300000|  0%| F|  |TS 39|AC  0|TAMS 0x00000006d0200000, 0x00000006d0200000|
| 259|0x00000006d0300000, 0x00000006d0300000, 0x00000006d0400000|  0%| F|  |TS 39|AC  0|TAMS 0x00000006d0300000, 0x00000006d0300000|
| 260|0x00000006d0400000, 0x00000006d0400000, 0x00000006d0500000|  0%| F|  |TS 39|AC  0|TAMS 0x00000006d0400000, 0x00000006d0400000|
| 261|0x00000006d0500000, 0x00000006d0500000, 0x00000006d0600000|  0%| F|  |TS 39|AC  0|TAMS 0x00000006d0500000, 0x00000006d0500000|
| 262|0x00000006d0600000, 0x00000006d0600000, 0x00000006d0700000|  0%| F|  |TS 39|AC  0|TAMS 0x00000006d0600000, 0x00000006d0600000|
| 263|0x00000006d0700000, 0x00000006d0700000, 0x00000006d0800000|  0%| F|  |TS 39|AC  0|TAMS 0x00000006d0700000, 0x00000006d0700000|
| 264|0x00000006d0800000, 0x00000006d0900000, 0x00000006d0900000|100%| O|  |TS 39|AC  0|TAMS 0x00000006d0800000, 0x00000006d0800000|
| 265|0x00000006d0900000, 0x00000006d0a00000, 0x00000006d0a00000|100%| O|  |TS 39|AC  0|TAMS 0x00000006d0900000, 0x00000006d0900000|
| 266|0x00000006d0a00000, 0x00000006d0b00000, 0x00000006d0b00000|100%| O|  |TS 39|AC  0|TAMS 0x00000006d0a00000, 0x00000006d0a00000|
| 267|0x00000006d0b00000, 0x00000006d0c00000, 0x00000006d0c00000|100%| O|  |TS 39|AC  0|TAMS 0x00000006d0b00000, 0x00000006d0b00000|
| 268|0x00000006d0c00000, 0x00000006d0d00000, 0x00000006d0d00000|100%| O|  |TS 39|AC  0|TAMS 0x00000006d0c00000, 0x00000006d0c00000|
| 269|0x00000006d0d00000, 0x00000006d0e00000, 0x00000006d0e00000|100%| O|  |TS 39|AC  0|TAMS 0x00000006d0d00000, 0x00000006d0d00000|
| 270|0x00000006d0e00000, 0x00000006d0f00000, 0x00000006d0f00000|100%| O|  |TS 39|AC  0|TAMS 0x00000006d0e00000, 0x00000006d0e00000|
| 271|0x00000006d0f00000, 0x00000006d1000000, 0x00000006d1000000|100%| O|  |TS 39|AC  0|TAMS 0x00000006d0f00000, 0x00000006d0f00000|
| 272|0x00000006d1000000, 0x00000006d1100000, 0x00000006d1100000|100%| O|  |TS 39|AC  0|TAMS 0x00000006d1000000, 0x00000006d1000000|
| 273|0x00000006d1100000, 0x00000006d1200000, 0x00000006d1200000|100%| O|  |TS 39|AC  0|TAMS 0x00000006d1100000, 0x00000006d1100000|
| 274|0x00000006d1200000, 0x00000006d1300000, 0x00000006d1300000|100%| O|  |TS 39|AC  0|TAMS 0x00000006d1200000, 0x00000006d1200000|
| 275|0x00000006d1300000, 0x00000006d1300000, 0x00000006d1400000|  0%| F|  |TS 39|AC  0|TAMS 0x00000006d1300000, 0x00000006d1300000|
| 276|0x00000006d1400000, 0x00000006d1400000, 0x00000006d1500000|  0%| F|  |TS 39|AC  0|TAMS 0x00000006d1400000, 0x00000006d1400000|
| 277|0x00000006d1500000, 0x00000006d1500000, 0x00000006d1600000|  0%| F|  |TS 39|AC  0|TAMS 0x00000006d1500000, 0x00000006d1500000|
| 278|0x00000006d1600000, 0x00000006d1600000, 0x00000006d1700000|  0%| F|  |TS 39|AC  0|TAMS 0x00000006d1600000, 0x00000006d1600000|
| 279|0x00000006d1700000, 0x00000006d1700000, 0x00000006d1800000|  0%| F|  |TS 39|AC  0|TAMS 0x00000006d1700000, 0x00000006d1700000|
| 280|0x00000006d1800000, 0x00000006d1800000, 0x00000006d1900000|  0%| F|  |TS 39|AC  0|TAMS 0x00000006d1800000, 0x00000006d1800000|
| 281|0x00000006d1900000, 0x00000006d1900000, 0x00000006d1a00000|  0%| F|  |TS 39|AC  0|TAMS 0x00000006d1900000, 0x00000006d1900000|
| 282|0x00000006d1a00000, 0x00000006d1a00000, 0x00000006d1b00000|  0%| F|  |TS 39|AC  0|TAMS 0x00000006d1a00000, 0x00000006d1a00000|
| 283|0x00000006d1b00000, 0x00000006d1c00000, 0x00000006d1c00000|100%| O|  |TS 39|AC  0|TAMS 0x00000006d1b00000, 0x00000006d1b00000|
| 284|0x00000006d1c00000, 0x00000006d1d00000, 0x00000006d1d00000|100%| O|  |TS 39|AC  0|TAMS 0x00000006d1c00000, 0x00000006d1c00000|
| 285|0x00000006d1d00000, 0x00000006d1e00000, 0x00000006d1e00000|100%| O|  |TS 39|AC  0|TAMS 0x00000006d1d00000, 0x00000006d1d00000|
| 286|0x00000006d1e00000, 0x00000006d1f00000, 0x00000006d1f00000|100%| O|  |TS 39|AC  0|TAMS 0x00000006d1e00000, 0x00000006d1e00000|
| 287|0x00000006d1f00000, 0x00000006d2000000, 0x00000006d2000000|100%| O|  |TS 39|AC  0|TAMS 0x00000006d1f00000, 0x00000006d1f00000|
| 288|0x00000006d2000000, 0x00000006d2100000, 0x00000006d2100000|100%| O|  |TS 39|AC  0|TAMS 0x00000006d2000000, 0x00000006d2000000|
| 289|0x00000006d2100000, 0x00000006d2200000, 0x00000006d2200000|100%| O|  |TS 39|AC  0|TAMS 0x00000006d2100000, 0x00000006d2100000|
| 290|0x00000006d2200000, 0x00000006d2300000, 0x00000006d2300000|100%| O|  |TS 39|AC  0|TAMS 0x00000006d2200000, 0x00000006d2200000|
| 291|0x00000006d2300000, 0x00000006d2400000, 0x00000006d2400000|100%| O|  |TS 39|AC  0|TAMS 0x00000006d2300000, 0x00000006d2300000|
| 292|0x00000006d2400000, 0x00000006d2500000, 0x00000006d2500000|100%| O|  |TS 39|AC  0|TAMS 0x00000006d2400000, 0x00000006d2400000|
| 293|0x00000006d2500000, 0x00000006d2600000, 0x00000006d2600000|100%| O|  |TS 39|AC  0|TAMS 0x00000006d2500000, 0x00000006d2500000|
| 294|0x00000006d2600000, 0x00000006d2700000, 0x00000006d2700000|100%| O|  |TS 39|AC  0|TAMS 0x00000006d2600000, 0x00000006d2600000|
| 295|0x00000006d2700000, 0x00000006d2800000, 0x00000006d2800000|100%| O|  |TS 39|AC  0|TAMS 0x00000006d2700000, 0x00000006d2700000|
| 296|0x00000006d2800000, 0x00000006d2900000, 0x00000006d2900000|100%| O|  |TS 39|AC  0|TAMS 0x00000006d2800000, 0x00000006d2800000|
| 297|0x00000006d2900000, 0x00000006d2a00000, 0x00000006d2a00000|100%| O|  |TS 39|AC  0|TAMS 0x00000006d2900000, 0x00000006d2900000|
| 298|0x00000006d2a00000, 0x00000006d2b00000, 0x00000006d2b00000|100%| O|  |TS 39|AC  0|TAMS 0x00000006d2a00000, 0x00000006d2a00000|
| 299|0x00000006d2b00000, 0x00000006d2c00000, 0x00000006d2c00000|100%| O|  |TS 39|AC  0|TAMS 0x00000006d2b00000, 0x00000006d2b00000|
| 300|0x00000006d2c00000, 0x00000006d2d00000, 0x00000006d2d00000|100%| O|  |TS 39|AC  0|TAMS 0x00000006d2c00000, 0x00000006d2c00000|
| 301|0x00000006d2d00000, 0x00000006d2e00000, 0x00000006d2e00000|100%| O|  |TS 39|AC  0|TAMS 0x00000006d2d00000, 0x00000006d2d00000|
| 302|0x00000006d2e00000, 0x00000006d2f00000, 0x00000006d2f00000|100%| O|  |TS 39|AC  0|TAMS 0x00000006d2e00000, 0x00000006d2e00000|
| 303|0x00000006d2f00000, 0x00000006d3000000, 0x00000006d3000000|100%| O|  |TS 39|AC  0|TAMS 0x00000006d2f00000, 0x00000006d2f00000|
| 304|0x00000006d3000000, 0x00000006d3021000, 0x00000006d3100000| 12%| O|  |TS 59|AC  0|TAMS 0x00000006d3000000, 0x00000006d3000000|
| 305|0x00000006d3100000, 0x00000006d3100000, 0x00000006d3200000|  0%| F|  |TS 37|AC  0|TAMS 0x00000006d3100000, 0x00000006d3100000|
| 306|0x00000006d3200000, 0x00000006d3200000, 0x00000006d3300000|  0%| F|  |TS 37|AC  0|TAMS 0x00000006d3200000, 0x00000006d3200000|
| 307|0x00000006d3300000, 0x00000006d3300000, 0x00000006d3400000|  0%| F|  |TS 37|AC  0|TAMS 0x00000006d3300000, 0x00000006d3300000|
| 308|0x00000006d3400000, 0x00000006d3400000, 0x00000006d3500000|  0%| F|  |TS 37|AC  0|TAMS 0x00000006d3400000, 0x00000006d3400000|
| 309|0x00000006d3500000, 0x00000006d3500000, 0x00000006d3600000|  0%| F|  |TS 37|AC  0|TAMS 0x00000006d3500000, 0x00000006d3500000|
| 310|0x00000006d3600000, 0x00000006d3600000, 0x00000006d3700000|  0%| F|  |TS 37|AC  0|TAMS 0x00000006d3600000, 0x00000006d3600000|
| 311|0x00000006d3700000, 0x00000006d3700000, 0x00000006d3800000|  0%| F|  |TS 37|AC  0|TAMS 0x00000006d3700000, 0x00000006d3700000|
| 312|0x00000006d3800000, 0x00000006d3800000, 0x00000006d3900000|  0%| F|  |TS 37|AC  0|TAMS 0x00000006d3800000, 0x00000006d3800000|
| 313|0x00000006d3900000, 0x00000006d3900000, 0x00000006d3a00000|  0%| F|  |TS 37|AC  0|TAMS 0x00000006d3900000, 0x00000006d3900000|
| 314|0x00000006d3a00000, 0x00000006d3a00000, 0x00000006d3b00000|  0%| F|  |TS 37|AC  0|TAMS 0x00000006d3a00000, 0x00000006d3a00000|
| 315|0x00000006d3b00000, 0x00000006d3b00000, 0x00000006d3c00000|  0%| F|  |TS 37|AC  0|TAMS 0x00000006d3b00000, 0x00000006d3b00000|
| 316|0x00000006d3c00000, 0x00000006d3c00000, 0x00000006d3d00000|  0%| F|  |TS 37|AC  0|TAMS 0x00000006d3c00000, 0x00000006d3c00000|
| 317|0x00000006d3d00000, 0x00000006d3d00000, 0x00000006d3e00000|  0%| F|  |TS 37|AC  0|TAMS 0x00000006d3d00000, 0x00000006d3d00000|
| 318|0x00000006d3e00000, 0x00000006d3e00000, 0x00000006d3f00000|  0%| F|  |TS 37|AC  0|TAMS 0x00000006d3e00000, 0x00000006d3e00000|
| 319|0x00000006d3f00000, 0x00000006d3f00000, 0x00000006d4000000|  0%| F|  |TS 37|AC  0|TAMS 0x00000006d3f00000, 0x00000006d3f00000|
| 320|0x00000006d4000000, 0x00000006d4000000, 0x00000006d4100000|  0%| F|  |TS 37|AC  0|TAMS 0x00000006d4000000, 0x00000006d4000000|
| 321|0x00000006d4100000, 0x00000006d4100000, 0x00000006d4200000|  0%| F|  |TS 37|AC  0|TAMS 0x00000006d4100000, 0x00000006d4100000|
| 322|0x00000006d4200000, 0x00000006d4200000, 0x00000006d4300000|  0%| F|  |TS 37|AC  0|TAMS 0x00000006d4200000, 0x00000006d4200000|
| 323|0x00000006d4300000, 0x00000006d4300000, 0x00000006d4400000|  0%| F|  |TS 37|AC  0|TAMS 0x00000006d4300000, 0x00000006d4300000|
| 324|0x00000006d4400000, 0x00000006d4400000, 0x00000006d4500000|  0%| F|  |TS 37|AC  0|TAMS 0x00000006d4400000, 0x00000006d4400000|
| 325|0x00000006d4500000, 0x00000006d4500000, 0x00000006d4600000|  0%| F|  |TS 37|AC  0|TAMS 0x00000006d4500000, 0x00000006d4500000|
| 326|0x00000006d4600000, 0x00000006d4600000, 0x00000006d4700000|  0%| F|  |TS 37|AC  0|TAMS 0x00000006d4600000, 0x00000006d4600000|
| 327|0x00000006d4700000, 0x00000006d4700000, 0x00000006d4800000|  0%| F|  |TS 37|AC  0|TAMS 0x00000006d4700000, 0x00000006d4700000|
| 328|0x00000006d4800000, 0x00000006d4800000, 0x00000006d4900000|  0%| F|  |TS 37|AC  0|TAMS 0x00000006d4800000, 0x00000006d4800000|
| 329|0x00000006d4900000, 0x00000006d4900000, 0x00000006d4a00000|  0%| F|  |TS 37|AC  0|TAMS 0x00000006d4900000, 0x00000006d4900000|
| 330|0x00000006d4a00000, 0x00000006d4a00000, 0x00000006d4b00000|  0%| F|  |TS 37|AC  0|TAMS 0x00000006d4a00000, 0x00000006d4a00000|
| 331|0x00000006d4b00000, 0x00000006d4b00000, 0x00000006d4c00000|  0%| F|  |TS 37|AC  0|TAMS 0x00000006d4b00000, 0x00000006d4b00000|
| 332|0x00000006d4c00000, 0x00000006d4c00000, 0x00000006d4d00000|  0%| F|  |TS 37|AC  0|TAMS 0x00000006d4c00000, 0x00000006d4c00000|
| 333|0x00000006d4d00000, 0x00000006d4d00000, 0x00000006d4e00000|  0%| F|  |TS 37|AC  0|TAMS 0x00000006d4d00000, 0x00000006d4d00000|
| 334|0x00000006d4e00000, 0x00000006d4e00000, 0x00000006d4f00000|  0%| F|  |TS 37|AC  0|TAMS 0x00000006d4e00000, 0x00000006d4e00000|
| 335|0x00000006d4f00000, 0x00000006d4f00000, 0x00000006d5000000|  0%| F|  |TS 37|AC  0|TAMS 0x00000006d4f00000, 0x00000006d4f00000|
| 336|0x00000006d5000000, 0x00000006d5000000, 0x00000006d5100000|  0%| F|  |TS 37|AC  0|TAMS 0x00000006d5000000, 0x00000006d5000000|
| 337|0x00000006d5100000, 0x00000006d5100000, 0x00000006d5200000|  0%| F|  |TS 37|AC  0|TAMS 0x00000006d5100000, 0x00000006d5100000|
| 338|0x00000006d5200000, 0x00000006d5200000, 0x00000006d5300000|  0%| F|  |TS 37|AC  0|TAMS 0x00000006d5200000, 0x00000006d5200000|
| 339|0x00000006d5300000, 0x00000006d5300000, 0x00000006d5400000|  0%| F|  |TS 37|AC  0|TAMS 0x00000006d5300000, 0x00000006d5300000|
| 340|0x00000006d5400000, 0x00000006d5400000, 0x00000006d5500000|  0%| F|  |TS 37|AC  0|TAMS 0x00000006d5400000, 0x00000006d5400000|
| 341|0x00000006d5500000, 0x00000006d5500000, 0x00000006d5600000|  0%| F|  |TS 37|AC  0|TAMS 0x00000006d5500000, 0x00000006d5500000|
| 342|0x00000006d5600000, 0x00000006d5600000, 0x00000006d5700000|  0%| F|  |TS 37|AC  0|TAMS 0x00000006d5600000, 0x00000006d5600000|
| 343|0x00000006d5700000, 0x00000006d5700000, 0x00000006d5800000|  0%| F|  |TS 37|AC  0|TAMS 0x00000006d5700000, 0x00000006d5700000|
| 344|0x00000006d5800000, 0x00000006d5900000, 0x00000006d5900000|100%| S|CS|TS 59|AC  0|TAMS 0x00000006d5800000, 0x00000006d5800000|
| 345|0x00000006d5900000, 0x00000006d5a00000, 0x00000006d5a00000|100%| S|CS|TS 59|AC  0|TAMS 0x00000006d5900000, 0x00000006d5900000|
| 346|0x00000006d5a00000, 0x00000006d5b00000, 0x00000006d5b00000|100%| S|CS|TS 59|AC  0|TAMS 0x00000006d5a00000, 0x00000006d5a00000|
| 347|0x00000006d5b00000, 0x00000006d5c00000, 0x00000006d5c00000|100%| S|CS|TS 59|AC  0|TAMS 0x00000006d5b00000, 0x00000006d5b00000|
| 348|0x00000006d5c00000, 0x00000006d5c00000, 0x00000006d5d00000|  0%| F|  |TS 59|AC  0|TAMS 0x00000006d5c00000, 0x00000006d5c00000|
| 349|0x00000006d5d00000, 0x00000006d5d00000, 0x00000006d5e00000|  0%| F|  |TS 59|AC  0|TAMS 0x00000006d5d00000, 0x00000006d5d00000|
| 350|0x00000006d5e00000, 0x00000006d5e00000, 0x00000006d5f00000|  0%| F|  |TS 59|AC  0|TAMS 0x00000006d5e00000, 0x00000006d5e00000|
| 351|0x00000006d5f00000, 0x00000006d5f00000, 0x00000006d6000000|  0%| F|  |TS 59|AC  0|TAMS 0x00000006d5f00000, 0x00000006d5f00000|
| 352|0x00000006d6000000, 0x00000006d6000000, 0x00000006d6100000|  0%| F|  |TS 59|AC  0|TAMS 0x00000006d6000000, 0x00000006d6000000|
| 353|0x00000006d6100000, 0x00000006d6200000, 0x00000006d6200000|100%| S|CS|TS 59|AC  0|TAMS 0x00000006d6100000, 0x00000006d6100000|
| 354|0x00000006d6200000, 0x00000006d6300000, 0x00000006d6300000|100%| S|CS|TS 59|AC  0|TAMS 0x00000006d6200000, 0x00000006d6200000|
| 355|0x00000006d6300000, 0x00000006d6400000, 0x00000006d6400000|100%| S|CS|TS 59|AC  0|TAMS 0x00000006d6300000, 0x00000006d6300000|
| 356|0x00000006d6400000, 0x00000006d6500000, 0x00000006d6500000|100%| S|CS|TS 59|AC  0|TAMS 0x00000006d6400000, 0x00000006d6400000|
| 357|0x00000006d6500000, 0x00000006d6600000, 0x00000006d6600000|100%| S|CS|TS 59|AC  0|TAMS 0x00000006d6500000, 0x00000006d6500000|
| 358|0x00000006d6600000, 0x00000006d6600000, 0x00000006d6700000|  0%| F|  |TS 59|AC  0|TAMS 0x00000006d6600000, 0x00000006d6600000|
| 359|0x00000006d6700000, 0x00000006d6700000, 0x00000006d6800000|  0%| F|  |TS 59|AC  0|TAMS 0x00000006d6700000, 0x00000006d6700000|
| 360|0x00000006d6800000, 0x00000006d6800000, 0x00000006d6900000|  0%| F|  |TS 59|AC  0|TAMS 0x00000006d6800000, 0x00000006d6800000|
| 361|0x00000006d6900000, 0x00000006d6900000, 0x00000006d6a00000|  0%| F|  |TS 59|AC  0|TAMS 0x00000006d6900000, 0x00000006d6900000|
| 362|0x00000006d6a00000, 0x00000006d6a00000, 0x00000006d6b00000|  0%| F|  |TS 59|AC  0|TAMS 0x00000006d6a00000, 0x00000006d6a00000|
| 363|0x00000006d6b00000, 0x00000006d6c00000, 0x00000006d6c00000|100%| S|CS|TS 59|AC  0|TAMS 0x00000006d6b00000, 0x00000006d6b00000|
| 364|0x00000006d6c00000, 0x00000006d6c00000, 0x00000006d6d00000|  0%| F|  |TS 59|AC  0|TAMS 0x00000006d6c00000, 0x00000006d6c00000|
| 365|0x00000006d6d00000, 0x00000006d6d00000, 0x00000006d6e00000|  0%| F|  |TS 59|AC  0|TAMS 0x00000006d6d00000, 0x00000006d6d00000|
| 366|0x00000006d6e00000, 0x00000006d6e00000, 0x00000006d6f00000|  0%| F|  |TS 59|AC  0|TAMS 0x00000006d6e00000, 0x00000006d6e00000|
| 367|0x00000006d6f00000, 0x00000006d6f00000, 0x00000006d7000000|  0%| F|  |TS 59|AC  0|TAMS 0x00000006d6f00000, 0x00000006d6f00000|
| 368|0x00000006d7000000, 0x00000006d7000000, 0x00000006d7100000|  0%| F|  |TS 59|AC  0|TAMS 0x00000006d7000000, 0x00000006d7000000|
| 369|0x00000006d7100000, 0x00000006d7100000, 0x00000006d7200000|  0%| F|  |TS 59|AC  0|TAMS 0x00000006d7100000, 0x00000006d7100000|
| 370|0x00000006d7200000, 0x00000006d7200000, 0x00000006d7300000|  0%| F|  |TS 59|AC  0|TAMS 0x00000006d7200000, 0x00000006d7200000|
| 371|0x00000006d7300000, 0x00000006d7300000, 0x00000006d7400000|  0%| F|  |TS 59|AC  0|TAMS 0x00000006d7300000, 0x00000006d7300000|
| 372|0x00000006d7400000, 0x00000006d7400000, 0x00000006d7500000|  0%| F|  |TS 59|AC  0|TAMS 0x00000006d7400000, 0x00000006d7400000|
| 373|0x00000006d7500000, 0x00000006d7500000, 0x00000006d7600000|  0%| F|  |TS 59|AC  0|TAMS 0x00000006d7500000, 0x00000006d7500000|
| 374|0x00000006d7600000, 0x00000006d7600000, 0x00000006d7700000|  0%| F|  |TS 59|AC  0|TAMS 0x00000006d7600000, 0x00000006d7600000|
| 375|0x00000006d7700000, 0x00000006d7700000, 0x00000006d7800000|  0%| F|  |TS 59|AC  0|TAMS 0x00000006d7700000, 0x00000006d7700000|
| 376|0x00000006d7800000, 0x00000006d7800000, 0x00000006d7900000|  0%| F|  |TS 59|AC  0|TAMS 0x00000006d7800000, 0x00000006d7800000|
| 377|0x00000006d7900000, 0x00000006d7900000, 0x00000006d7a00000|  0%| F|  |TS 59|AC  0|TAMS 0x00000006d7900000, 0x00000006d7900000|
| 378|0x00000006d7a00000, 0x00000006d7a00000, 0x00000006d7b00000|  0%| F|  |TS 59|AC  0|TAMS 0x00000006d7a00000, 0x00000006d7a00000|
| 379|0x00000006d7b00000, 0x00000006d7b00000, 0x00000006d7c00000|  0%| F|  |TS 59|AC  0|TAMS 0x00000006d7b00000, 0x00000006d7b00000|
| 380|0x00000006d7c00000, 0x00000006d7c00000, 0x00000006d7d00000|  0%| F|  |TS 59|AC  0|TAMS 0x00000006d7c00000, 0x00000006d7c00000|
| 381|0x00000006d7d00000, 0x00000006d7d00000, 0x00000006d7e00000|  0%| F|  |TS 59|AC  0|TAMS 0x00000006d7d00000, 0x00000006d7d00000|
| 382|0x00000006d7e00000, 0x00000006d7e00000, 0x00000006d7f00000|  0%| F|  |TS 59|AC  0|TAMS 0x00000006d7e00000, 0x00000006d7e00000|
| 383|0x00000006d7f00000, 0x00000006d7f00000, 0x00000006d8000000|  0%| F|  |TS 59|AC  0|TAMS 0x00000006d7f00000, 0x00000006d7f00000|
| 384|0x00000006d8000000, 0x00000006d8000000, 0x00000006d8100000|  0%| F|  |TS 59|AC  0|TAMS 0x00000006d8000000, 0x00000006d8000000|
| 385|0x00000006d8100000, 0x00000006d8100000, 0x00000006d8200000|  0%| F|  |TS 59|AC  0|TAMS 0x00000006d8100000, 0x00000006d8100000|
| 386|0x00000006d8200000, 0x00000006d8200000, 0x00000006d8300000|  0%| F|  |TS 59|AC  0|TAMS 0x00000006d8200000, 0x00000006d8200000|
| 387|0x00000006d8300000, 0x00000006d8300000, 0x00000006d8400000|  0%| F|  |TS 59|AC  0|TAMS 0x00000006d8300000, 0x00000006d8300000|
| 388|0x00000006d8400000, 0x00000006d8400000, 0x00000006d8500000|  0%| F|  |TS 59|AC  0|TAMS 0x00000006d8400000, 0x00000006d8400000|
| 389|0x00000006d8500000, 0x00000006d8500000, 0x00000006d8600000|  0%| F|  |TS 59|AC  0|TAMS 0x00000006d8500000, 0x00000006d8500000|
| 390|0x00000006d8600000, 0x00000006d8600000, 0x00000006d8700000|  0%| F|  |TS 59|AC  0|TAMS 0x00000006d8600000, 0x00000006d8600000|
| 391|0x00000006d8700000, 0x00000006d8700000, 0x00000006d8800000|  0%| F|  |TS 59|AC  0|TAMS 0x00000006d8700000, 0x00000006d8700000|
| 392|0x00000006d8800000, 0x00000006d8800000, 0x00000006d8900000|  0%| F|  |TS 59|AC  0|TAMS 0x00000006d8800000, 0x00000006d8800000|
| 393|0x00000006d8900000, 0x00000006d8900000, 0x00000006d8a00000|  0%| F|  |TS 59|AC  0|TAMS 0x00000006d8900000, 0x00000006d8900000|
| 394|0x00000006d8a00000, 0x00000006d8a00000, 0x00000006d8b00000|  0%| F|  |TS 59|AC  0|TAMS 0x00000006d8a00000, 0x00000006d8a00000|
| 395|0x00000006d8b00000, 0x00000006d8b00000, 0x00000006d8c00000|  0%| F|  |TS 59|AC  0|TAMS 0x00000006d8b00000, 0x00000006d8b00000|
| 396|0x00000006d8c00000, 0x00000006d8c00000, 0x00000006d8d00000|  0%| F|  |TS 59|AC  0|TAMS 0x00000006d8c00000, 0x00000006d8c00000|
| 397|0x00000006d8d00000, 0x00000006d8d00000, 0x00000006d8e00000|  0%| F|  |TS 59|AC  0|TAMS 0x00000006d8d00000, 0x00000006d8d00000|
| 398|0x00000006d8e00000, 0x00000006d8e00000, 0x00000006d8f00000|  0%| F|  |TS 59|AC  0|TAMS 0x00000006d8e00000, 0x00000006d8e00000|
| 399|0x00000006d8f00000, 0x00000006d8f00000, 0x00000006d9000000|  0%| F|  |TS 59|AC  0|TAMS 0x00000006d8f00000, 0x00000006d8f00000|
| 400|0x00000006d9000000, 0x00000006d9000000, 0x00000006d9100000|  0%| F|  |TS 59|AC  0|TAMS 0x00000006d9000000, 0x00000006d9000000|
| 401|0x00000006d9100000, 0x00000006d9100000, 0x00000006d9200000|  0%| F|  |TS 59|AC  0|TAMS 0x00000006d9100000, 0x00000006d9100000|
| 402|0x00000006d9200000, 0x00000006d9200000, 0x00000006d9300000|  0%| F|  |TS 59|AC  0|TAMS 0x00000006d9200000, 0x00000006d9200000|
| 403|0x00000006d9300000, 0x00000006d9300000, 0x00000006d9400000|  0%| F|  |TS 59|AC  0|TAMS 0x00000006d9300000, 0x00000006d9300000|
| 404|0x00000006d9400000, 0x00000006d9400000, 0x00000006d9500000|  0%| F|  |TS 59|AC  0|TAMS 0x00000006d9400000, 0x00000006d9400000|
| 405|0x00000006d9500000, 0x00000006d9500000, 0x00000006d9600000|  0%| F|  |TS 59|AC  0|TAMS 0x00000006d9500000, 0x00000006d9500000|
| 406|0x00000006d9600000, 0x00000006d9600000, 0x00000006d9700000|  0%| F|  |TS 59|AC  0|TAMS 0x00000006d9600000, 0x00000006d9600000|
| 407|0x00000006d9700000, 0x00000006d9700000, 0x00000006d9800000|  0%| F|  |TS 59|AC  0|TAMS 0x00000006d9700000, 0x00000006d9700000|
| 408|0x00000006d9800000, 0x00000006d9800000, 0x00000006d9900000|  0%| F|  |TS 59|AC  0|TAMS 0x00000006d9800000, 0x00000006d9800000|
| 409|0x00000006d9900000, 0x00000006d9900000, 0x00000006d9a00000|  0%| F|  |TS 59|AC  0|TAMS 0x00000006d9900000, 0x00000006d9900000|
| 410|0x00000006d9a00000, 0x00000006d9a00000, 0x00000006d9b00000|  0%| F|  |TS 59|AC  0|TAMS 0x00000006d9a00000, 0x00000006d9a00000|
| 411|0x00000006d9b00000, 0x00000006d9b00000, 0x00000006d9c00000|  0%| F|  |TS 59|AC  0|TAMS 0x00000006d9b00000, 0x00000006d9b00000|
| 412|0x00000006d9c00000, 0x00000006d9c00000, 0x00000006d9d00000|  0%| F|  |TS 59|AC  0|TAMS 0x00000006d9c00000, 0x00000006d9c00000|
| 413|0x00000006d9d00000, 0x00000006d9d00000, 0x00000006d9e00000|  0%| F|  |TS 59|AC  0|TAMS 0x00000006d9d00000, 0x00000006d9d00000|
| 414|0x00000006d9e00000, 0x00000006d9e00000, 0x00000006d9f00000|  0%| F|  |TS 59|AC  0|TAMS 0x00000006d9e00000, 0x00000006d9e00000|
| 415|0x00000006d9f00000, 0x00000006d9f00000, 0x00000006da000000|  0%| F|  |TS 59|AC  0|TAMS 0x00000006d9f00000, 0x00000006d9f00000|
| 416|0x00000006da000000, 0x00000006da000000, 0x00000006da100000|  0%| F|  |TS 59|AC  0|TAMS 0x00000006da000000, 0x00000006da000000|
| 417|0x00000006da100000, 0x00000006da100000, 0x00000006da200000|  0%| F|  |TS 59|AC  0|TAMS 0x00000006da100000, 0x00000006da100000|
| 418|0x00000006da200000, 0x00000006da200000, 0x00000006da300000|  0%| F|  |TS 59|AC  0|TAMS 0x00000006da200000, 0x00000006da200000|
| 419|0x00000006da300000, 0x00000006da300000, 0x00000006da400000|  0%| F|  |TS 59|AC  0|TAMS 0x00000006da300000, 0x00000006da300000|
| 420|0x00000006da400000, 0x00000006da400000, 0x00000006da500000|  0%| F|  |TS 59|AC  0|TAMS 0x00000006da400000, 0x00000006da400000|
| 421|0x00000006da500000, 0x00000006da500000, 0x00000006da600000|  0%| F|  |TS 59|AC  0|TAMS 0x00000006da500000, 0x00000006da500000|
| 422|0x00000006da600000, 0x00000006da600000, 0x00000006da700000|  0%| F|  |TS 59|AC  0|TAMS 0x00000006da600000, 0x00000006da600000|
| 423|0x00000006da700000, 0x00000006da700000, 0x00000006da800000|  0%| F|  |TS 59|AC  0|TAMS 0x00000006da700000, 0x00000006da700000|
| 424|0x00000006da800000, 0x00000006da800000, 0x00000006da900000|  0%| F|  |TS 59|AC  0|TAMS 0x00000006da800000, 0x00000006da800000|
| 425|0x00000006da900000, 0x00000006da900000, 0x00000006daa00000|  0%| F|  |TS 59|AC  0|TAMS 0x00000006da900000, 0x00000006da900000|
| 426|0x00000006daa00000, 0x00000006daa00000, 0x00000006dab00000|  0%| F|  |TS 59|AC  0|TAMS 0x00000006daa00000, 0x00000006daa00000|
| 427|0x00000006dab00000, 0x00000006dab00000, 0x00000006dac00000|  0%| F|  |TS 59|AC  0|TAMS 0x00000006dab00000, 0x00000006dab00000|
| 428|0x00000006dac00000, 0x00000006dac00000, 0x00000006dad00000|  0%| F|  |TS 59|AC  0|TAMS 0x00000006dac00000, 0x00000006dac00000|
| 429|0x00000006dad00000, 0x00000006dad00000, 0x00000006dae00000|  0%| F|  |TS 59|AC  0|TAMS 0x00000006dad00000, 0x00000006dad00000|
| 430|0x00000006dae00000, 0x00000006dae00000, 0x00000006daf00000|  0%| F|  |TS 59|AC  0|TAMS 0x00000006dae00000, 0x00000006dae00000|
| 431|0x00000006daf00000, 0x00000006daf00000, 0x00000006db000000|  0%| F|  |TS 59|AC  0|TAMS 0x00000006daf00000, 0x00000006daf00000|
| 432|0x00000006db000000, 0x00000006db000000, 0x00000006db100000|  0%| F|  |TS 59|AC  0|TAMS 0x00000006db000000, 0x00000006db000000|
| 433|0x00000006db100000, 0x00000006db100000, 0x00000006db200000|  0%| F|  |TS 59|AC  0|TAMS 0x00000006db100000, 0x00000006db100000|
| 434|0x00000006db200000, 0x00000006db200000, 0x00000006db300000|  0%| F|  |TS 59|AC  0|TAMS 0x00000006db200000, 0x00000006db200000|
| 435|0x00000006db300000, 0x00000006db300000, 0x00000006db400000|  0%| F|  |TS 59|AC  0|TAMS 0x00000006db300000, 0x00000006db300000|
| 436|0x00000006db400000, 0x00000006db400000, 0x00000006db500000|  0%| F|  |TS 59|AC  0|TAMS 0x00000006db400000, 0x00000006db400000|
| 437|0x00000006db500000, 0x00000006db500000, 0x00000006db600000|  0%| F|  |TS 59|AC  0|TAMS 0x00000006db500000, 0x00000006db500000|
| 438|0x00000006db600000, 0x00000006db600000, 0x00000006db700000|  0%| F|  |TS 59|AC  0|TAMS 0x00000006db600000, 0x00000006db600000|
| 439|0x00000006db700000, 0x00000006db700000, 0x00000006db800000|  0%| F|  |TS 59|AC  0|TAMS 0x00000006db700000, 0x00000006db700000|
| 440|0x00000006db800000, 0x00000006db800000, 0x00000006db900000|  0%| F|  |TS 59|AC  0|TAMS 0x00000006db800000, 0x00000006db800000|
| 441|0x00000006db900000, 0x00000006db900000, 0x00000006dba00000|  0%| F|  |TS 59|AC  0|TAMS 0x00000006db900000, 0x00000006db900000|
| 442|0x00000006dba00000, 0x00000006dba00000, 0x00000006dbb00000|  0%| F|  |TS 59|AC  0|TAMS 0x00000006dba00000, 0x00000006dba00000|
| 443|0x00000006dbb00000, 0x00000006dbb00000, 0x00000006dbc00000|  0%| F|  |TS 59|AC  0|TAMS 0x00000006dbb00000, 0x00000006dbb00000|
| 444|0x00000006dbc00000, 0x00000006dbc00000, 0x00000006dbd00000|  0%| F|  |TS 59|AC  0|TAMS 0x00000006dbc00000, 0x00000006dbc00000|
| 445|0x00000006dbd00000, 0x00000006dbd00000, 0x00000006dbe00000|  0%| F|  |TS 59|AC  0|TAMS 0x00000006dbd00000, 0x00000006dbd00000|
| 446|0x00000006dbe00000, 0x00000006dbe00000, 0x00000006dbf00000|  0%| F|  |TS 59|AC  0|TAMS 0x00000006dbe00000, 0x00000006dbe00000|
| 447|0x00000006dbf00000, 0x00000006dbf00000, 0x00000006dc000000|  0%| F|  |TS 59|AC  0|TAMS 0x00000006dbf00000, 0x00000006dbf00000|
| 448|0x00000006dc000000, 0x00000006dc000000, 0x00000006dc100000|  0%| F|  |TS 59|AC  0|TAMS 0x00000006dc000000, 0x00000006dc000000|
| 449|0x00000006dc100000, 0x00000006dc100000, 0x00000006dc200000|  0%| F|  |TS 59|AC  0|TAMS 0x00000006dc100000, 0x00000006dc100000|
| 450|0x00000006dc200000, 0x00000006dc200000, 0x00000006dc300000|  0%| F|  |TS 59|AC  0|TAMS 0x00000006dc200000, 0x00000006dc200000|
| 451|0x00000006dc300000, 0x00000006dc300000, 0x00000006dc400000|  0%| F|  |TS 59|AC  0|TAMS 0x00000006dc300000, 0x00000006dc300000|
| 452|0x00000006dc400000, 0x00000006dc400000, 0x00000006dc500000|  0%| F|  |TS 59|AC  0|TAMS 0x00000006dc400000, 0x00000006dc400000|
| 453|0x00000006dc500000, 0x00000006dc500000, 0x00000006dc600000|  0%| F|  |TS 59|AC  0|TAMS 0x00000006dc500000, 0x00000006dc500000|
| 454|0x00000006dc600000, 0x00000006dc600000, 0x00000006dc700000|  0%| F|  |TS 59|AC  0|TAMS 0x00000006dc600000, 0x00000006dc600000|
| 455|0x00000006dc700000, 0x00000006dc700000, 0x00000006dc800000|  0%| F|  |TS 59|AC  0|TAMS 0x00000006dc700000, 0x00000006dc700000|
| 456|0x00000006dc800000, 0x00000006dc800000, 0x00000006dc900000|  0%| F|  |TS 59|AC  0|TAMS 0x00000006dc800000, 0x00000006dc800000|
| 457|0x00000006dc900000, 0x00000006dc900000, 0x00000006dca00000|  0%| F|  |TS 59|AC  0|TAMS 0x00000006dc900000, 0x00000006dc900000|
| 458|0x00000006dca00000, 0x00000006dca00000, 0x00000006dcb00000|  0%| F|  |TS 59|AC  0|TAMS 0x00000006dca00000, 0x00000006dca00000|
| 459|0x00000006dcb00000, 0x00000006dcb00000, 0x00000006dcc00000|  0%| F|  |TS 59|AC  0|TAMS 0x00000006dcb00000, 0x00000006dcb00000|
| 460|0x00000006dcc00000, 0x00000006dcc00000, 0x00000006dcd00000|  0%| F|  |TS 59|AC  0|TAMS 0x00000006dcc00000, 0x00000006dcc00000|
| 461|0x00000006dcd00000, 0x00000006dcd00000, 0x00000006dce00000|  0%| F|  |TS 59|AC  0|TAMS 0x00000006dcd00000, 0x00000006dcd00000|
| 462|0x00000006dce00000, 0x00000006dce00000, 0x00000006dcf00000|  0%| F|  |TS 59|AC  0|TAMS 0x00000006dce00000, 0x00000006dce00000|
| 463|0x00000006dcf00000, 0x00000006dcf00000, 0x00000006dd000000|  0%| F|  |TS 59|AC  0|TAMS 0x00000006dcf00000, 0x00000006dcf00000|
| 464|0x00000006dd000000, 0x00000006dd000000, 0x00000006dd100000|  0%| F|  |TS 59|AC  0|TAMS 0x00000006dd000000, 0x00000006dd000000|
| 465|0x00000006dd100000, 0x00000006dd100000, 0x00000006dd200000|  0%| F|  |TS 59|AC  0|TAMS 0x00000006dd100000, 0x00000006dd100000|
| 466|0x00000006dd200000, 0x00000006dd200000, 0x00000006dd300000|  0%| F|  |TS 59|AC  0|TAMS 0x00000006dd200000, 0x00000006dd200000|
| 467|0x00000006dd300000, 0x00000006dd300000, 0x00000006dd400000|  0%| F|  |TS 59|AC  0|TAMS 0x00000006dd300000, 0x00000006dd300000|
| 468|0x00000006dd400000, 0x00000006dd400000, 0x00000006dd500000|  0%| F|  |TS 59|AC  0|TAMS 0x00000006dd400000, 0x00000006dd400000|
| 469|0x00000006dd500000, 0x00000006dd500000, 0x00000006dd600000|  0%| F|  |TS 59|AC  0|TAMS 0x00000006dd500000, 0x00000006dd500000|
| 470|0x00000006dd600000, 0x00000006dd600000, 0x00000006dd700000|  0%| F|  |TS 59|AC  0|TAMS 0x00000006dd600000, 0x00000006dd600000|
| 471|0x00000006dd700000, 0x00000006dd700000, 0x00000006dd800000|  0%| F|  |TS 59|AC  0|TAMS 0x00000006dd700000, 0x00000006dd700000|
| 472|0x00000006dd800000, 0x00000006dd800000, 0x00000006dd900000|  0%| F|  |TS 59|AC  0|TAMS 0x00000006dd800000, 0x00000006dd800000|
| 473|0x00000006dd900000, 0x00000006dd900000, 0x00000006dda00000|  0%| F|  |TS 59|AC  0|TAMS 0x00000006dd900000, 0x00000006dd900000|
| 474|0x00000006dda00000, 0x00000006dda00000, 0x00000006ddb00000|  0%| F|  |TS 59|AC  0|TAMS 0x00000006dda00000, 0x00000006dda00000|
| 475|0x00000006ddb00000, 0x00000006ddb00000, 0x00000006ddc00000|  0%| F|  |TS 59|AC  0|TAMS 0x00000006ddb00000, 0x00000006ddb00000|
| 476|0x00000006ddc00000, 0x00000006ddc00000, 0x00000006ddd00000|  0%| F|  |TS 59|AC  0|TAMS 0x00000006ddc00000, 0x00000006ddc00000|
| 477|0x00000006ddd00000, 0x00000006ddd00000, 0x00000006dde00000|  0%| F|  |TS 59|AC  0|TAMS 0x00000006ddd00000, 0x00000006ddd00000|
| 478|0x00000006dde00000, 0x00000006dde00000, 0x00000006ddf00000|  0%| F|  |TS 59|AC  0|TAMS 0x00000006dde00000, 0x00000006dde00000|
| 479|0x00000006ddf00000, 0x00000006ddf00000, 0x00000006de000000|  0%| F|  |TS 59|AC  0|TAMS 0x00000006ddf00000, 0x00000006ddf00000|
| 480|0x00000006de000000, 0x00000006de000000, 0x00000006de100000|  0%| F|  |TS 59|AC  0|TAMS 0x00000006de000000, 0x00000006de000000|
| 481|0x00000006de100000, 0x00000006de100000, 0x00000006de200000|  0%| F|  |TS 59|AC  0|TAMS 0x00000006de100000, 0x00000006de100000|
| 482|0x00000006de200000, 0x00000006de200000, 0x00000006de300000|  0%| F|  |TS 59|AC  0|TAMS 0x00000006de200000, 0x00000006de200000|
| 483|0x00000006de300000, 0x00000006de300000, 0x00000006de400000|  0%| F|  |TS 59|AC  0|TAMS 0x00000006de300000, 0x00000006de300000|
| 484|0x00000006de400000, 0x00000006de400000, 0x00000006de500000|  0%| F|  |TS 59|AC  0|TAMS 0x00000006de400000, 0x00000006de400000|
| 485|0x00000006de500000, 0x00000006de500000, 0x00000006de600000|  0%| F|  |TS 59|AC  0|TAMS 0x00000006de500000, 0x00000006de500000|
| 486|0x00000006de600000, 0x00000006de600000, 0x00000006de700000|  0%| F|  |TS 59|AC  0|TAMS 0x00000006de600000, 0x00000006de600000|
| 487|0x00000006de700000, 0x00000006de700000, 0x00000006de800000|  0%| F|  |TS 59|AC  0|TAMS 0x00000006de700000, 0x00000006de700000|
| 488|0x00000006de800000, 0x00000006de800000, 0x00000006de900000|  0%| F|  |TS 59|AC  0|TAMS 0x00000006de800000, 0x00000006de800000|
| 489|0x00000006de900000, 0x00000006de900000, 0x00000006dea00000|  0%| F|  |TS 59|AC  0|TAMS 0x00000006de900000, 0x00000006de900000|
| 490|0x00000006dea00000, 0x00000006dea00000, 0x00000006deb00000|  0%| F|  |TS 59|AC  0|TAMS 0x00000006dea00000, 0x00000006dea00000|
| 491|0x00000006deb00000, 0x00000006deb00000, 0x00000006dec00000|  0%| F|  |TS 59|AC  0|TAMS 0x00000006deb00000, 0x00000006deb00000|
| 492|0x00000006dec00000, 0x00000006dec00000, 0x00000006ded00000|  0%| F|  |TS 59|AC  0|TAMS 0x00000006dec00000, 0x00000006dec00000|
| 493|0x00000006ded00000, 0x00000006ded00000, 0x00000006dee00000|  0%| F|  |TS 59|AC  0|TAMS 0x00000006ded00000, 0x00000006ded00000|
| 494|0x00000006dee00000, 0x00000006dee00000, 0x00000006def00000|  0%| F|  |TS 59|AC  0|TAMS 0x00000006dee00000, 0x00000006dee00000|
| 495|0x00000006def00000, 0x00000006def00000, 0x00000006df000000|  0%| F|  |TS 59|AC  0|TAMS 0x00000006def00000, 0x00000006def00000|
| 496|0x00000006df000000, 0x00000006df000000, 0x00000006df100000|  0%| F|  |TS 59|AC  0|TAMS 0x00000006df000000, 0x00000006df000000|
| 497|0x00000006df100000, 0x00000006df100000, 0x00000006df200000|  0%| F|  |TS 59|AC  0|TAMS 0x00000006df100000, 0x00000006df100000|
| 498|0x00000006df200000, 0x00000006df200000, 0x00000006df300000|  0%| F|  |TS 59|AC  0|TAMS 0x00000006df200000, 0x00000006df200000|
| 499|0x00000006df300000, 0x00000006df300000, 0x00000006df400000|  0%| F|  |TS 59|AC  0|TAMS 0x00000006df300000, 0x00000006df300000|
| 500|0x00000006df400000, 0x00000006df400000, 0x00000006df500000|  0%| F|  |TS 59|AC  0|TAMS 0x00000006df400000, 0x00000006df400000|
| 501|0x00000006df500000, 0x00000006df500000, 0x00000006df600000|  0%| F|  |TS 59|AC  0|TAMS 0x00000006df500000, 0x00000006df500000|
| 502|0x00000006df600000, 0x00000006df600000, 0x00000006df700000|  0%| F|  |TS 59|AC  0|TAMS 0x00000006df600000, 0x00000006df600000|
| 503|0x00000006df700000, 0x00000006df700000, 0x00000006df800000|  0%| F|  |TS 59|AC  0|TAMS 0x00000006df700000, 0x00000006df700000|
| 504|0x00000006df800000, 0x00000006df800000, 0x00000006df900000|  0%| F|  |TS 59|AC  0|TAMS 0x00000006df800000, 0x00000006df800000|
| 505|0x00000006df900000, 0x00000006df900000, 0x00000006dfa00000|  0%| F|  |TS 59|AC  0|TAMS 0x00000006df900000, 0x00000006df900000|
| 506|0x00000006dfa00000, 0x00000006dfa00000, 0x00000006dfb00000|  0%| F|  |TS 59|AC  0|TAMS 0x00000006dfa00000, 0x00000006dfa00000|
| 507|0x00000006dfb00000, 0x00000006dfb00000, 0x00000006dfc00000|  0%| F|  |TS 59|AC  0|TAMS 0x00000006dfb00000, 0x00000006dfb00000|
| 508|0x00000006dfc00000, 0x00000006dfc00000, 0x00000006dfd00000|  0%| F|  |TS 59|AC  0|TAMS 0x00000006dfc00000, 0x00000006dfc00000|
| 509|0x00000006dfd00000, 0x00000006dfd00000, 0x00000006dfe00000|  0%| F|  |TS 59|AC  0|TAMS 0x00000006dfd00000, 0x00000006dfd00000|
| 510|0x00000006dfe00000, 0x00000006dfe00000, 0x00000006dff00000|  0%| F|  |TS 59|AC  0|TAMS 0x00000006dfe00000, 0x00000006dfe00000|
| 511|0x00000006dff00000, 0x00000006dff00000, 0x00000006e0000000|  0%| F|  |TS 59|AC  0|TAMS 0x00000006dff00000, 0x00000006dff00000|
| 512|0x00000006e0000000, 0x00000006e0000000, 0x00000006e0100000|  0%| F|  |TS 59|AC  0|TAMS 0x00000006e0000000, 0x00000006e0000000|
| 513|0x00000006e0100000, 0x00000006e0100000, 0x00000006e0200000|  0%| F|  |TS 59|AC  0|TAMS 0x00000006e0100000, 0x00000006e0100000|
| 514|0x00000006e0200000, 0x00000006e0200000, 0x00000006e0300000|  0%| F|  |TS 59|AC  0|TAMS 0x00000006e0200000, 0x00000006e0200000|
| 515|0x00000006e0300000, 0x00000006e0300000, 0x00000006e0400000|  0%| F|  |TS 59|AC  0|TAMS 0x00000006e0300000, 0x00000006e0300000|
| 516|0x00000006e0400000, 0x00000006e0400000, 0x00000006e0500000|  0%| F|  |TS 59|AC  0|TAMS 0x00000006e0400000, 0x00000006e0400000|
| 517|0x00000006e0500000, 0x00000006e0500000, 0x00000006e0600000|  0%| F|  |TS 59|AC  0|TAMS 0x00000006e0500000, 0x00000006e0500000|
| 518|0x00000006e0600000, 0x00000006e0600000, 0x00000006e0700000|  0%| F|  |TS 59|AC  0|TAMS 0x00000006e0600000, 0x00000006e0600000|
| 519|0x00000006e0700000, 0x00000006e0700000, 0x00000006e0800000|  0%| F|  |TS 59|AC  0|TAMS 0x00000006e0700000, 0x00000006e0700000|
| 520|0x00000006e0800000, 0x00000006e0800000, 0x00000006e0900000|  0%| F|  |TS 59|AC  0|TAMS 0x00000006e0800000, 0x00000006e0800000|
| 521|0x00000006e0900000, 0x00000006e0900000, 0x00000006e0a00000|  0%| F|  |TS 59|AC  0|TAMS 0x00000006e0900000, 0x00000006e0900000|
| 522|0x00000006e0a00000, 0x00000006e0a00000, 0x00000006e0b00000|  0%| F|  |TS 59|AC  0|TAMS 0x00000006e0a00000, 0x00000006e0a00000|
| 523|0x00000006e0b00000, 0x00000006e0b00000, 0x00000006e0c00000|  0%| F|  |TS 59|AC  0|TAMS 0x00000006e0b00000, 0x00000006e0b00000|
| 524|0x00000006e0c00000, 0x00000006e0c00000, 0x00000006e0d00000|  0%| F|  |TS 59|AC  0|TAMS 0x00000006e0c00000, 0x00000006e0c00000|
| 525|0x00000006e0d00000, 0x00000006e0d00000, 0x00000006e0e00000|  0%| F|  |TS 59|AC  0|TAMS 0x00000006e0d00000, 0x00000006e0d00000|
| 526|0x00000006e0e00000, 0x00000006e0e00000, 0x00000006e0f00000|  0%| F|  |TS 59|AC  0|TAMS 0x00000006e0e00000, 0x00000006e0e00000|
| 527|0x00000006e0f00000, 0x00000006e0f00000, 0x00000006e1000000|  0%| F|  |TS 59|AC  0|TAMS 0x00000006e0f00000, 0x00000006e0f00000|
| 528|0x00000006e1000000, 0x00000006e1000000, 0x00000006e1100000|  0%| F|  |TS 59|AC  0|TAMS 0x00000006e1000000, 0x00000006e1000000|
| 529|0x00000006e1100000, 0x00000006e1100000, 0x00000006e1200000|  0%| F|  |TS 59|AC  0|TAMS 0x00000006e1100000, 0x00000006e1100000|
| 530|0x00000006e1200000, 0x00000006e1200000, 0x00000006e1300000|  0%| F|  |TS 59|AC  0|TAMS 0x00000006e1200000, 0x00000006e1200000|
| 531|0x00000006e1300000, 0x00000006e1300000, 0x00000006e1400000|  0%| F|  |TS 59|AC  0|TAMS 0x00000006e1300000, 0x00000006e1300000|
| 532|0x00000006e1400000, 0x00000006e1400000, 0x00000006e1500000|  0%| F|  |TS 59|AC  0|TAMS 0x00000006e1400000, 0x00000006e1400000|
| 533|0x00000006e1500000, 0x00000006e1500000, 0x00000006e1600000|  0%| F|  |TS 59|AC  0|TAMS 0x00000006e1500000, 0x00000006e1500000|
| 534|0x00000006e1600000, 0x00000006e1600000, 0x00000006e1700000|  0%| F|  |TS 59|AC  0|TAMS 0x00000006e1600000, 0x00000006e1600000|
| 535|0x00000006e1700000, 0x00000006e1700000, 0x00000006e1800000|  0%| F|  |TS 59|AC  0|TAMS 0x00000006e1700000, 0x00000006e1700000|
| 536|0x00000006e1800000, 0x00000006e1800000, 0x00000006e1900000|  0%| F|  |TS 59|AC  0|TAMS 0x00000006e1800000, 0x00000006e1800000|
| 537|0x00000006e1900000, 0x00000006e1900000, 0x00000006e1a00000|  0%| F|  |TS 59|AC  0|TAMS 0x00000006e1900000, 0x00000006e1900000|
| 538|0x00000006e1a00000, 0x00000006e1a00000, 0x00000006e1b00000|  0%| F|  |TS 59|AC  0|TAMS 0x00000006e1a00000, 0x00000006e1a00000|
| 539|0x00000006e1b00000, 0x00000006e1b00000, 0x00000006e1c00000|  0%| F|  |TS 59|AC  0|TAMS 0x00000006e1b00000, 0x00000006e1b00000|
| 540|0x00000006e1c00000, 0x00000006e1c00000, 0x00000006e1d00000|  0%| F|  |TS 59|AC  0|TAMS 0x00000006e1c00000, 0x00000006e1c00000|
| 541|0x00000006e1d00000, 0x00000006e1d00000, 0x00000006e1e00000|  0%| F|  |TS 59|AC  0|TAMS 0x00000006e1d00000, 0x00000006e1d00000|
| 542|0x00000006e1e00000, 0x00000006e1e00000, 0x00000006e1f00000|  0%| F|  |TS 59|AC  0|TAMS 0x00000006e1e00000, 0x00000006e1e00000|
| 543|0x00000006e1f00000, 0x00000006e1f00000, 0x00000006e2000000|  0%| F|  |TS 59|AC  0|TAMS 0x00000006e1f00000, 0x00000006e1f00000|
| 544|0x00000006e2000000, 0x00000006e2000000, 0x00000006e2100000|  0%| F|  |TS 59|AC  0|TAMS 0x00000006e2000000, 0x00000006e2000000|
| 545|0x00000006e2100000, 0x00000006e2100000, 0x00000006e2200000|  0%| F|  |TS 59|AC  0|TAMS 0x00000006e2100000, 0x00000006e2100000|
| 546|0x00000006e2200000, 0x00000006e2200000, 0x00000006e2300000|  0%| F|  |TS 59|AC  0|TAMS 0x00000006e2200000, 0x00000006e2200000|
| 547|0x00000006e2300000, 0x00000006e2300000, 0x00000006e2400000|  0%| F|  |TS 59|AC  0|TAMS 0x00000006e2300000, 0x00000006e2300000|
| 548|0x00000006e2400000, 0x00000006e2400000, 0x00000006e2500000|  0%| F|  |TS 59|AC  0|TAMS 0x00000006e2400000, 0x00000006e2400000|
| 549|0x00000006e2500000, 0x00000006e2500000, 0x00000006e2600000|  0%| F|  |TS 59|AC  0|TAMS 0x00000006e2500000, 0x00000006e2500000|
| 550|0x00000006e2600000, 0x00000006e2600000, 0x00000006e2700000|  0%| F|  |TS 59|AC  0|TAMS 0x00000006e2600000, 0x00000006e2600000|
| 551|0x00000006e2700000, 0x00000006e2700000, 0x00000006e2800000|  0%| F|  |TS 59|AC  0|TAMS 0x00000006e2700000, 0x00000006e2700000|
| 552|0x00000006e2800000, 0x00000006e2800000, 0x00000006e2900000|  0%| F|  |TS 59|AC  0|TAMS 0x00000006e2800000, 0x00000006e2800000|
| 553|0x00000006e2900000, 0x00000006e2900000, 0x00000006e2a00000|  0%| F|  |TS 59|AC  0|TAMS 0x00000006e2900000, 0x00000006e2900000|
| 554|0x00000006e2a00000, 0x00000006e2a00000, 0x00000006e2b00000|  0%| F|  |TS 59|AC  0|TAMS 0x00000006e2a00000, 0x00000006e2a00000|
| 555