INFO: [v++ 60-897] Reading --xp value from platform: param:compiler.lockFlowCritSlackThreshold=0
INFO: [v++ 60-897] Reading --xp value from platform: vivado_param:hd.routingContainmentAreaExpansion=true
INFO: [v++ 60-897] Reading --xp value from platform: vivado_param:hd.supportClockNetCrossDiffReconfigurablePartitions=1
INFO: [v++ 60-897] Reading --xp value from platform: vivado_param:bitstream.enablePR=4123
INFO: [v++ 60-897] Reading --xp value from platform: vivado_param:physynth.ultraRAMOptOutput=false
INFO: [v++ 60-897] Reading --xp value from platform: vivado_prop:run.__KERNEL__.{STEPS.SYNTH_DESIGN.ARGS.MAX_URAM_CASCADE_HEIGHT}={1}
INFO: [v++ 60-897] Reading --xp value from platform: vivado_param:synth.elaboration.rodinMoreOptions={rt::set_parameter disableOregPackingUram true}
WARNING: [v++ 60-642] Invalid or deprecated parameter name: compiler.lockFlowCritSlackThreshold
INFO: [v++ 60-1306] Additional information associated with this v++ link can be found at:
	Reports: /home/centos/ESE532_Projects/hw5/_x/reports/link
	Log files: /home/centos/ESE532_Projects/hw5/_x/logs/link
INFO: [v++ 60-1657] Initializing dispatch client.
INFO: [v++ 60-1548] Creating build summary session with primary output /home/centos/ESE532_Projects/hw5/mmult.xclbin.link_summary, at Thu Oct 15 16:26:00 2020
INFO: [v++ 60-1316] Initiating connection to rulecheck server, at Thu Oct 15 16:26:00 2020
INFO: [v++ 60-1315] Creating rulecheck session with output '/home/centos/ESE532_Projects/hw5/_x/reports/link/v++_link_mmult_guidance.html', at Thu Oct 15 16:26:01 2020
INFO: [v++ 60-895]   Target platform: /home/centos/src/project_data/aws-fpga/Vitis/aws_platform/xilinx_aws-vu9p-f1_shell-v04261818_201920_2/xilinx_aws-vu9p-f1_shell-v04261818_201920_2.xpfm
INFO: [v++ 60-1578]   This platform contains Xilinx Shell Archive '/home/centos/src/project_data/aws-fpga/Vitis/aws_platform/xilinx_aws-vu9p-f1_shell-v04261818_201920_2/hw/xilinx_aws-vu9p-f1_shell-v04261818_201920_2.xsa'
INFO: [v++ 60-629] Linking for software emulation target
INFO: [v++ 60-423]   Target device: xilinx_aws-vu9p-f1_shell-v04261818_201920_2
INFO: [v++ 60-645] kernel flags are '-g -I /home/centos/ESE532_Projects/hw5/common -I /home/centos/ESE532_Projects/hw5/hls -g'
INFO: [v++ 60-586] Created mmult.xclbin
INFO: [v++ 60-1307] Run completed. Additional information can be found in:
	Guidance: /home/centos/ESE532_Projects/hw5/_x/reports/link/v++_link_mmult_guidance.html
	Steps Log File: /home/centos/ESE532_Projects/hw5/_x/logs/link/link.steps.log

INFO: [v++ 60-2343] Use the vitis_analyzer tool to visualize and navigate the relevant reports. Run the following command. 
    vitis_analyzer /home/centos/ESE532_Projects/hw5/mmult.xclbin.link_summary 
INFO: [v++ 60-791] Total elapsed time: 0h 0m 16s
